[0.000000] (-) TimerEvent: {}
[0.000333] (mynav) JobQueued: {'identifier': 'mynav', 'dependencies': OrderedDict()}
[0.000838] (mynav) JobStarted: {'identifier': 'mynav'}
[0.100029] (-) TimerEvent: {}
[0.118219] (mynav) JobProgress: {'identifier': 'mynav', 'progress': 'cmake'}
[0.121973] (mynav) JobProgress: {'identifier': 'mynav', 'progress': 'build'}
[0.127230] (mynav) Command: {'cmd': ['/usr/bin/cmake', '--build', '/home/hh/ros_ws/src/mynav/build/mynav', '--', '-j8', '-l8'], 'cwd': '/home/hh/ros_ws/src/mynav/build/mynav', 'env': OrderedDict([('GJS_DEBUG_TOPICS', 'JS ERROR;JS LOG'), ('LESSOPEN', '| /usr/bin/lesspipe %s'), ('LANGUAGE', 'zh_CN:en_US:en'), ('USER', 'hh'), ('LC_TIME', 'zh_CN.UTF-8'), ('SSH_AGENT_PID', '1752'), ('XDG_SESSION_TYPE', 'x11'), ('GIT_ASKPASS', '/usr/share/code/resources/app/extensions/git/dist/askpass.sh'), ('SHLVL', '0'), ('LD_LIBRARY_PATH', '/usr/lib/x86_64-linux-gnu/gazebo-11/plugins:/opt/ros/foxy/opt/yaml_cpp_vendor/lib:/opt/ros/foxy/opt/rviz_ogre_vendor/lib:/opt/ros/foxy/lib/x86_64-linux-gnu:/opt/ros/foxy/lib'), ('HOME', '/home/hh'), ('CHROME_DESKTOP', 'code-url-handler.desktop'), ('TERM_PROGRAM_VERSION', '1.63.2'), ('DESKTOP_SESSION', 'ubuntu'), ('GIO_LAUNCHED_DESKTOP_FILE', '/usr/share/applications/code.desktop'), ('ROS_PYTHON_VERSION', '3'), ('GNOME_SHELL_SESSION_MODE', 'ubuntu'), ('GTK_MODULES', 'gail:atk-bridge'), ('VSCODE_GIT_ASKPASS_MAIN', '/usr/share/code/resources/app/extensions/git/dist/askpass-main.js'), ('LC_MONETARY', 'zh_CN.UTF-8'), ('VSCODE_GIT_ASKPASS_NODE', '/usr/share/code/code'), ('MANAGERPID', '1559'), ('DBUS_SESSION_BUS_ADDRESS', 'unix:path=/run/user/1000/bus'), ('COLORTERM', 'truecolor'), ('GIO_LAUNCHED_DESKTOP_FILE_PID', '11247'), ('IM_CONFIG_PHASE', '1'), ('ROS_DISTRO', 'foxy'), ('LOGNAME', 'hh'), ('_', '/usr/bin/colcon'), ('JOURNAL_STREAM', '8:50270'), ('ROS_VERSION', '2'), ('XDG_SESSION_CLASS', 'user'), ('USERNAME', 'hh'), ('TERM', 'xterm-256color'), ('GNOME_DESKTOP_SESSION_ID', 'this-is-deprecated'), ('ROS_LOCALHOST_ONLY', '0'), ('WINDOWPATH', '2'), ('PATH', '/opt/ros/foxy/bin:/usr/local/sbin:/usr/local/bin:/usr/sbin:/usr/bin:/sbin:/bin:/usr/games:/usr/local/games:/snap/bin'), ('SESSION_MANAGER', 'local/zw:@/tmp/.ICE-unix/1788,unix/zw:/tmp/.ICE-unix/1788'), ('INVOCATION_ID', '1d0374a117454090b70471a7f399798e'), ('PAPERSIZE', 'a4'), ('XDG_MENU_PREFIX', 'gnome-'), ('LC_ADDRESS', 'zh_CN.UTF-8'), ('XDG_RUNTIME_DIR', '/run/user/1000'), ('GDK_BACKEND', 'x11'), ('DISPLAY', ':0'), ('LANG', 'zh_CN.UTF-8'), ('XDG_CURRENT_DESKTOP', 'Unity'), ('LC_TELEPHONE', 'zh_CN.UTF-8'), ('XMODIFIERS', '@im=ibus'), ('XDG_SESSION_DESKTOP', 'ubuntu'), ('XAUTHORITY', '/run/user/1000/gdm/Xauthority'), ('VSCODE_GIT_IPC_HANDLE', '/run/user/1000/vscode-git-7c3ccf0b5f.sock'), ('TERM_PROGRAM', 'vscode'), ('SSH_AUTH_SOCK', '/run/user/1000/keyring/ssh'), ('ROS_DOMAIN_ID', '30'), ('AMENT_PREFIX_PATH', '/opt/ros/foxy'), ('ORIGINAL_XDG_CURRENT_DESKTOP', 'ubuntu:GNOME'), ('SHELL', '/bin/bash'), ('LC_NAME', 'zh_CN.UTF-8'), ('QT_ACCESSIBILITY', '1'), ('GDMSESSION', 'ubuntu'), ('LESSCLOSE', '/usr/bin/lesspipe %s %s'), ('LC_MEASUREMENT', 'zh_CN.UTF-8'), ('GPG_AGENT_INFO', '/run/user/1000/gnupg/S.gpg-agent:0:1'), ('GJS_DEBUG_OUTPUT', 'stderr'), ('LC_IDENTIFICATION', 'zh_CN.UTF-8'), ('VSCODE_GIT_ASKPASS_EXTRA_ARGS', '--ms-enable-electron-run-as-node'), ('QT_IM_MODULE', 'ibus'), ('PWD', '/home/hh/ros_ws/src/mynav/build/mynav'), ('TURTLEBOT3_MODEL', 'burger'), ('LC_ALL', 'en_US.UTF-8'), ('XDG_CONFIG_DIRS', '/etc/xdg/xdg-ubuntu:/etc/xdg'), ('XDG_DATA_DIRS', '/usr/share/ubuntu:/usr/local/share/:/usr/share/:/var/lib/snapd/desktop:/opt/apps/com.qquwp.im.gtj/entries:/opt/apps/com.qquwp.im.gtj/entries'), ('PYTHONPATH', '/opt/ros/foxy/lib/python3.8/site-packages'), ('LC_NUMERIC', 'zh_CN.UTF-8'), ('BREAKPAD_DUMP_LOCATION', '/home/hh/.config/Code/exthost Crash Reports'), ('LC_PAPER', 'zh_CN.UTF-8'), ('COLCON', '1'), ('CMAKE_PREFIX_PATH', '/opt/ros/foxy')]), 'shell': False}
[0.184549] (mynav) StdoutLine: {'line': b'-- Found ament_cmake: 0.9.9 (/opt/ros/foxy/share/ament_cmake/cmake)\n'}
[0.200036] (-) TimerEvent: {}
[0.209877] (mynav) StdoutLine: {'line': b'-- Using PYTHON_EXECUTABLE: /usr/bin/python3\n'}
[0.300128] (-) TimerEvent: {}
[0.400418] (-) TimerEvent: {}
[0.405762] (mynav) StdoutLine: {'line': b'-- Found nav2_msgs: 0.4.7 (/opt/ros/foxy/share/nav2_msgs/cmake)\n'}
[0.430267] (mynav) StdoutLine: {'line': b'-- Using all available rosidl_typesupport_c: rosidl_typesupport_fastrtps_c;rosidl_typesupport_introspection_c\n'}
[0.434239] (mynav) StdoutLine: {'line': b'-- Found rosidl_adapter: 1.2.1 (/opt/ros/foxy/share/rosidl_adapter/cmake)\n'}
[0.500524] (-) TimerEvent: {}
[0.571932] (mynav) StdoutLine: {'line': b'-- Using all available rosidl_typesupport_cpp: rosidl_typesupport_fastrtps_cpp;rosidl_typesupport_introspection_cpp\n'}
[0.600656] (-) TimerEvent: {}
[0.701019] (-) TimerEvent: {}
[0.801353] (-) TimerEvent: {}
[0.901680] (-) TimerEvent: {}
[1.002013] (-) TimerEvent: {}
[1.065495] (mynav) StdoutLine: {'line': b'-- Found rclcpp: 2.4.0 (/opt/ros/foxy/share/rclcpp/cmake)\n'}
[1.102115] (-) TimerEvent: {}
[1.108478] (mynav) StdoutLine: {'line': b'-- Found rmw_implementation_cmake: 1.0.3 (/opt/ros/foxy/share/rmw_implementation_cmake/cmake)\n'}
[1.110315] (mynav) StdoutLine: {'line': b"-- Using RMW implementation 'rmw_fastrtps_cpp' as default\n"}
[1.202206] (-) TimerEvent: {}
[1.254678] (mynav) StdoutLine: {'line': b'-- Found rclcpp_action: 2.4.0 (/opt/ros/foxy/share/rclcpp_action/cmake)\n'}
[1.288504] (mynav) StdoutLine: {'line': b'-- Found rclcpp_components: 2.4.0 (/opt/ros/foxy/share/rclcpp_components/cmake)\n'}
[1.302305] (-) TimerEvent: {}
[1.350457] (mynav) StdoutLine: {'line': b'-- Found ament_lint_auto: 0.9.6 (/opt/ros/foxy/share/ament_lint_auto/cmake)\n'}
[1.402397] (-) TimerEvent: {}
[1.422071] (mynav) StdoutLine: {'line': b"-- Added test 'copyright' to check source files copyright and LICENSE\n"}
[1.436433] (mynav) StdoutLine: {'line': b"-- Added test 'cppcheck' to perform static code analysis on C / C++ code\n"}
[1.436672] (mynav) StdoutLine: {'line': b'-- Configured cppcheck include dirs: \n'}
[1.436776] (mynav) StdoutLine: {'line': b'-- Configured cppcheck exclude dirs and/or files: \n'}
[1.448678] (mynav) StdoutLine: {'line': b"-- Added test 'cpplint' to check C / C++ code against the Google style\n"}
[1.448843] (mynav) StdoutLine: {'line': b'-- Configured cpplint exclude dirs and/or files: \n'}
[1.450570] (mynav) StdoutLine: {'line': b"-- Added test 'flake8' to check Python code syntax and style conventions\n"}
[1.454019] (mynav) StdoutLine: {'line': b"-- Added test 'lint_cmake' to check CMake code style\n"}
[1.455846] (mynav) StdoutLine: {'line': b"-- Added test 'pep257' to check Python code against some of the style conventions in PEP 257\n"}
[1.468552] (mynav) StdoutLine: {'line': b"-- Added test 'uncrustify' to check C / C++ code style\n"}
[1.468743] (mynav) StdoutLine: {'line': b'-- Configured uncrustify additional arguments: \n'}
[1.470455] (mynav) StdoutLine: {'line': b"-- Added test 'xmllint' to check XML markup files\n"}
[1.473833] (mynav) StdoutLine: {'line': b'-- Configuring done\n'}
[1.487763] (mynav) StdoutLine: {'line': b'-- Generating done\n'}
[1.490150] (mynav) StdoutLine: {'line': b'-- Build files have been written to: /home/hh/ros_ws/src/mynav/build/mynav\n'}
[1.502507] (-) TimerEvent: {}
[1.520788] (mynav) StdoutLine: {'line': b'\x1b[35m\x1b[1mScanning dependencies of target action_client\x1b[0m\n'}
[1.556604] (mynav) StdoutLine: {'line': b'[ 50%] \x1b[32mBuilding CXX object CMakeFiles/action_client.dir/src/main.cpp.o\x1b[0m\n'}
[1.602608] (-) TimerEvent: {}
[1.702904] (-) TimerEvent: {}
[1.803192] (-) TimerEvent: {}
[1.903475] (-) TimerEvent: {}
[2.003794] (-) TimerEvent: {}
[2.104205] (-) TimerEvent: {}
[2.204507] (-) TimerEvent: {}
[2.304846] (-) TimerEvent: {}
[2.405160] (-) TimerEvent: {}
[2.505520] (-) TimerEvent: {}
[2.605865] (-) TimerEvent: {}
[2.706197] (-) TimerEvent: {}
[2.806514] (-) TimerEvent: {}
[2.906846] (-) TimerEvent: {}
[3.007225] (-) TimerEvent: {}
[3.107628] (-) TimerEvent: {}
[3.207985] (-) TimerEvent: {}
[3.308282] (-) TimerEvent: {}
[3.408648] (-) TimerEvent: {}
[3.508954] (-) TimerEvent: {}
[3.609283] (-) TimerEvent: {}
[3.709567] (-) TimerEvent: {}
[3.809856] (-) TimerEvent: {}
[3.910166] (-) TimerEvent: {}
[4.010469] (-) TimerEvent: {}
[4.110773] (-) TimerEvent: {}
[4.211133] (-) TimerEvent: {}
[4.311424] (-) TimerEvent: {}
[4.411719] (-) TimerEvent: {}
[4.512020] (-) TimerEvent: {}
[4.612348] (-) TimerEvent: {}
[4.712662] (-) TimerEvent: {}
[4.813020] (-) TimerEvent: {}
[4.913371] (-) TimerEvent: {}
[5.013647] (-) TimerEvent: {}
[5.113914] (-) TimerEvent: {}
[5.214185] (-) TimerEvent: {}
[5.314465] (-) TimerEvent: {}
[5.414776] (-) TimerEvent: {}
[5.515088] (-) TimerEvent: {}
[5.615393] (-) TimerEvent: {}
[5.715695] (-) TimerEvent: {}
[5.815997] (-) TimerEvent: {}
[5.916314] (-) TimerEvent: {}
[6.016654] (-) TimerEvent: {}
[6.116974] (-) TimerEvent: {}
[6.217229] (-) TimerEvent: {}
[6.317491] (-) TimerEvent: {}
[6.417765] (-) TimerEvent: {}
[6.518037] (-) TimerEvent: {}
[6.618295] (-) TimerEvent: {}
[6.718549] (-) TimerEvent: {}
[6.818797] (-) TimerEvent: {}
[6.919061] (-) TimerEvent: {}
[7.019315] (-) TimerEvent: {}
[7.119566] (-) TimerEvent: {}
[7.219845] (-) TimerEvent: {}
[7.320098] (-) TimerEvent: {}
[7.420350] (-) TimerEvent: {}
[7.520625] (-) TimerEvent: {}
[7.620908] (-) TimerEvent: {}
[7.721170] (-) TimerEvent: {}
[7.821448] (-) TimerEvent: {}
[7.921811] (-) TimerEvent: {}
[8.022373] (-) TimerEvent: {}
[8.122968] (-) TimerEvent: {}
[8.223547] (-) TimerEvent: {}
[8.323953] (-) TimerEvent: {}
[8.424423] (-) TimerEvent: {}
[8.524808] (-) TimerEvent: {}
[8.625124] (-) TimerEvent: {}
[8.725431] (-) TimerEvent: {}
[8.780318] (mynav) StdoutLine: {'line': b'[100%] \x1b[32m\x1b[1mLinking CXX executable action_client\x1b[0m\n'}
[8.825569] (-) TimerEvent: {}
[8.926106] (-) TimerEvent: {}
[9.026473] (-) TimerEvent: {}
[9.127064] (-) TimerEvent: {}
[9.227466] (-) TimerEvent: {}
[9.327979] (-) TimerEvent: {}
[9.428331] (-) TimerEvent: {}
[9.499388] (mynav) StdoutLine: {'line': b'[100%] Built target action_client\n'}
[9.512415] (mynav) CommandEnded: {'returncode': 0}
[9.528461] (-) TimerEvent: {}
[9.538702] (mynav) JobProgress: {'identifier': 'mynav', 'progress': 'install'}
[9.552706] (mynav) Command: {'cmd': ['/usr/bin/cmake', '--install', '/home/hh/ros_ws/src/mynav/build/mynav'], 'cwd': '/home/hh/ros_ws/src/mynav/build/mynav', 'env': OrderedDict([('GJS_DEBUG_TOPICS', 'JS ERROR;JS LOG'), ('LESSOPEN', '| /usr/bin/lesspipe %s'), ('LANGUAGE', 'zh_CN:en_US:en'), ('USER', 'hh'), ('LC_TIME', 'zh_CN.UTF-8'), ('SSH_AGENT_PID', '1752'), ('XDG_SESSION_TYPE', 'x11'), ('GIT_ASKPASS', '/usr/share/code/resources/app/extensions/git/dist/askpass.sh'), ('SHLVL', '0'), ('LD_LIBRARY_PATH', '/usr/lib/x86_64-linux-gnu/gazebo-11/plugins:/opt/ros/foxy/opt/yaml_cpp_vendor/lib:/opt/ros/foxy/opt/rviz_ogre_vendor/lib:/opt/ros/foxy/lib/x86_64-linux-gnu:/opt/ros/foxy/lib'), ('HOME', '/home/hh'), ('CHROME_DESKTOP', 'code-url-handler.desktop'), ('TERM_PROGRAM_VERSION', '1.63.2'), ('DESKTOP_SESSION', 'ubuntu'), ('GIO_LAUNCHED_DESKTOP_FILE', '/usr/share/applications/code.desktop'), ('ROS_PYTHON_VERSION', '3'), ('GNOME_SHELL_SESSION_MODE', 'ubuntu'), ('GTK_MODULES', 'gail:atk-bridge'), ('VSCODE_GIT_ASKPASS_MAIN', '/usr/share/code/resources/app/extensions/git/dist/askpass-main.js'), ('LC_MONETARY', 'zh_CN.UTF-8'), ('VSCODE_GIT_ASKPASS_NODE', '/usr/share/code/code'), ('MANAGERPID', '1559'), ('DBUS_SESSION_BUS_ADDRESS', 'unix:path=/run/user/1000/bus'), ('COLORTERM', 'truecolor'), ('GIO_LAUNCHED_DESKTOP_FILE_PID', '11247'), ('IM_CONFIG_PHASE', '1'), ('ROS_DISTRO', 'foxy'), ('LOGNAME', 'hh'), ('_', '/usr/bin/colcon'), ('JOURNAL_STREAM', '8:50270'), ('ROS_VERSION', '2'), ('XDG_SESSION_CLASS', 'user'), ('USERNAME', 'hh'), ('TERM', 'xterm-256color'), ('GNOME_DESKTOP_SESSION_ID', 'this-is-deprecated'), ('ROS_LOCALHOST_ONLY', '0'), ('WINDOWPATH', '2'), ('PATH', '/opt/ros/foxy/bin:/usr/local/sbin:/usr/local/bin:/usr/sbin:/usr/bin:/sbin:/bin:/usr/games:/usr/local/games:/snap/bin'), ('SESSION_MANAGER', 'local/zw:@/tmp/.ICE-unix/1788,unix/zw:/tmp/.ICE-unix/1788'), ('INVOCATION_ID', '1d0374a117454090b70471a7f399798e'), ('PAPERSIZE', 'a4'), ('XDG_MENU_PREFIX', 'gnome-'), ('LC_ADDRESS', 'zh_CN.UTF-8'), ('XDG_RUNTIME_DIR', '/run/user/1000'), ('GDK_BACKEND', 'x11'), ('DISPLAY', ':0'), ('LANG', 'zh_CN.UTF-8'), ('XDG_CURRENT_DESKTOP', 'Unity'), ('LC_TELEPHONE', 'zh_CN.UTF-8'), ('XMODIFIERS', '@im=ibus'), ('XDG_SESSION_DESKTOP', 'ubuntu'), ('XAUTHORITY', '/run/user/1000/gdm/Xauthority'), ('VSCODE_GIT_IPC_HANDLE', '/run/user/1000/vscode-git-7c3ccf0b5f.sock'), ('TERM_PROGRAM', 'vscode'), ('SSH_AUTH_SOCK', '/run/user/1000/keyring/ssh'), ('ROS_DOMAIN_ID', '30'), ('AMENT_PREFIX_PATH', '/opt/ros/foxy'), ('ORIGINAL_XDG_CURRENT_DESKTOP', 'ubuntu:GNOME'), ('SHELL', '/bin/bash'), ('LC_NAME', 'zh_CN.UTF-8'), ('QT_ACCESSIBILITY', '1'), ('GDMSESSION', 'ubuntu'), ('LESSCLOSE', '/usr/bin/lesspipe %s %s'), ('LC_MEASUREMENT', 'zh_CN.UTF-8'), ('GPG_AGENT_INFO', '/run/user/1000/gnupg/S.gpg-agent:0:1'), ('GJS_DEBUG_OUTPUT', 'stderr'), ('LC_IDENTIFICATION', 'zh_CN.UTF-8'), ('VSCODE_GIT_ASKPASS_EXTRA_ARGS', '--ms-enable-electron-run-as-node'), ('QT_IM_MODULE', 'ibus'), ('PWD', '/home/hh/ros_ws/src/mynav/build/mynav'), ('TURTLEBOT3_MODEL', 'burger'), ('LC_ALL', 'en_US.UTF-8'), ('XDG_CONFIG_DIRS', '/etc/xdg/xdg-ubuntu:/etc/xdg'), ('XDG_DATA_DIRS', '/usr/share/ubuntu:/usr/local/share/:/usr/share/:/var/lib/snapd/desktop:/opt/apps/com.qquwp.im.gtj/entries:/opt/apps/com.qquwp.im.gtj/entries'), ('PYTHONPATH', '/opt/ros/foxy/lib/python3.8/site-packages'), ('LC_NUMERIC', 'zh_CN.UTF-8'), ('BREAKPAD_DUMP_LOCATION', '/home/hh/.config/Code/exthost Crash Reports'), ('LC_PAPER', 'zh_CN.UTF-8'), ('COLCON', '1'), ('CMAKE_PREFIX_PATH', '/opt/ros/foxy')]), 'shell': False}
[9.562851] (mynav) StdoutLine: {'line': b'-- Install configuration: "RelWithDebInfo"\n'}
[9.563110] (mynav) StdoutLine: {'line': b'-- Installing: /home/hh/ros_ws/src/mynav/install/lib/mynav/action_client\n'}
[9.567406] (mynav) StdoutLine: {'line': b'-- Set runtime path of "/home/hh/ros_ws/src/mynav/install/lib/mynav/action_client" to ""\n'}
[9.567695] (mynav) StdoutLine: {'line': b'-- Up-to-date: /home/hh/ros_ws/src/mynav/install/share/ament_index/resource_index/package_run_dependencies/mynav\n'}
[9.567838] (mynav) StdoutLine: {'line': b'-- Up-to-date: /home/hh/ros_ws/src/mynav/install/share/ament_index/resource_index/parent_prefix_path/mynav\n'}
[9.567964] (mynav) StdoutLine: {'line': b'-- Up-to-date: /home/hh/ros_ws/src/mynav/install/share/mynav/environment/ament_prefix_path.sh\n'}
[9.568093] (mynav) StdoutLine: {'line': b'-- Installing: /home/hh/ros_ws/src/mynav/install/share/mynav/environment/ament_prefix_path.dsv\n'}
[9.568239] (mynav) StdoutLine: {'line': b'-- Up-to-date: /home/hh/ros_ws/src/mynav/install/share/mynav/environment/path.sh\n'}
[9.568354] (mynav) StdoutLine: {'line': b'-- Installing: /home/hh/ros_ws/src/mynav/install/share/mynav/environment/path.dsv\n'}
[9.568439] (mynav) StdoutLine: {'line': b'-- Up-to-date: /home/hh/ros_ws/src/mynav/install/share/mynav/local_setup.bash\n'}
[9.568559] (mynav) StdoutLine: {'line': b'-- Up-to-date: /home/hh/ros_ws/src/mynav/install/share/mynav/local_setup.sh\n'}
[9.568663] (mynav) StdoutLine: {'line': b'-- Up-to-date: /home/hh/ros_ws/src/mynav/install/share/mynav/local_setup.zsh\n'}
[9.568779] (mynav) StdoutLine: {'line': b'-- Installing: /home/hh/ros_ws/src/mynav/install/share/mynav/local_setup.dsv\n'}
[9.568959] (mynav) StdoutLine: {'line': b'-- Installing: /home/hh/ros_ws/src/mynav/install/share/mynav/package.dsv\n'}
[9.569049] (mynav) StdoutLine: {'line': b'-- Up-to-date: /home/hh/ros_ws/src/mynav/install/share/ament_index/resource_index/packages/mynav\n'}
[9.569138] (mynav) StdoutLine: {'line': b'-- Up-to-date: /home/hh/ros_ws/src/mynav/install/share/mynav/cmake/mynavConfig.cmake\n'}
[9.569225] (mynav) StdoutLine: {'line': b'-- Up-to-date: /home/hh/ros_ws/src/mynav/install/share/mynav/cmake/mynavConfig-version.cmake\n'}
[9.569308] (mynav) StdoutLine: {'line': b'-- Up-to-date: /home/hh/ros_ws/src/mynav/install/share/mynav/package.xml\n'}
[9.571263] (mynav) CommandEnded: {'returncode': 0}
[9.618407] (mynav) JobEnded: {'identifier': 'mynav', 'rc': 0}
[9.619597] (-) EventReactorShutdown: {}
