[0.170s] DEBUG:colcon:Command line arguments: ['/usr/bin/colcon', 'build', '--merge-install', '--packages-select', 'mynav']
[0.170s] DEBUG:colcon:Parsed command line arguments: Namespace(allow_overriding=[], ament_cmake_args=None, base_paths=['.'], build_base='build', catkin_cmake_args=None, catkin_skip_building_tests=False, cmake_args=None, cmake_clean_cache=False, cmake_clean_first=False, cmake_force_configure=False, cmake_target=None, cmake_target_skip_unavailable=False, continue_on_error=False, event_handlers=None, executor='parallel', ignore_user_meta=False, install_base='install', log_base=None, log_level=None, main=<bound method BuildVerb.main of <colcon_core.verb.build.BuildVerb object at 0x7f49fa47b040>>, merge_install=True, metas=['./colcon.meta'], packages_above=None, packages_above_and_dependencies=None, packages_above_depth=None, packages_end=None, packages_ignore=None, packages_ignore_regex=None, packages_select=['mynav'], packages_select_build_failed=False, packages_select_by_dep=None, packages_select_regex=None, packages_select_test_failures=False, packages_skip=None, packages_skip_build_finished=False, packages_skip_by_dep=None, packages_skip_regex=None, packages_skip_test_passed=False, packages_skip_up_to=None, packages_start=None, packages_up_to=None, packages_up_to_regex=None, parallel_workers=8, paths=None, symlink_install=False, test_result_base=None, verb_extension=<colcon_core.verb.build.BuildVerb object at 0x7f49fa47b040>, verb_name='build', verb_parser=<colcon_defaults.argument_parser.defaults.DefaultArgumentsDecorator object at 0x7f49fa47b550>)
[0.175s] Level 1:colcon.colcon_core.package_discovery:discover_packages(colcon_meta) check parameters
[0.175s] Level 1:colcon.colcon_core.package_discovery:discover_packages(recursive) check parameters
[0.175s] Level 1:colcon.colcon_core.package_discovery:discover_packages(ignore) check parameters
[0.175s] Level 1:colcon.colcon_core.package_discovery:discover_packages(path) check parameters
[0.175s] Level 1:colcon.colcon_core.package_discovery:discover_packages(colcon_meta) discover
[0.175s] Level 1:colcon.colcon_core.package_discovery:discover_packages(recursive) discover
[0.175s] INFO:colcon.colcon_core.package_discovery:Crawling recursively for packages in '/home/hh/ros_ws/src/mynav'
[0.175s] Level 1:colcon.colcon_core.package_identification:_identify(.) by extensions ['ignore', 'ignore_ament_install']
[0.176s] Level 1:colcon.colcon_core.package_identification:_identify(.) by extension 'ignore'
[0.176s] Level 1:colcon.colcon_core.package_identification:_identify(.) by extension 'ignore_ament_install'
[0.176s] Level 1:colcon.colcon_core.package_identification:_identify(.) by extensions ['colcon_pkg']
[0.176s] Level 1:colcon.colcon_core.package_identification:_identify(.) by extension 'colcon_pkg'
[0.176s] Level 1:colcon.colcon_core.package_identification:_identify(.) by extensions ['colcon_meta']
[0.176s] Level 1:colcon.colcon_core.package_identification:_identify(.) by extension 'colcon_meta'
[0.176s] Level 1:colcon.colcon_core.package_identification:_identify(.) by extensions ['ros']
[0.176s] Level 1:colcon.colcon_core.package_identification:_identify(.) by extension 'ros'
[0.192s] DEBUG:colcon.colcon_core.package_identification:Package '.' with type 'ros.ament_cmake' and name 'mynav'
[0.192s] Level 1:colcon.colcon_core.package_discovery:discover_packages(recursive) using defaults
[0.192s] Level 1:colcon.colcon_core.package_discovery:discover_packages(ignore) discover
[0.192s] Level 1:colcon.colcon_core.package_discovery:discover_packages(ignore) using defaults
[0.192s] Level 1:colcon.colcon_core.package_discovery:discover_packages(path) discover
[0.192s] Level 1:colcon.colcon_core.package_discovery:discover_packages(path) using defaults
[0.214s] Level 5:colcon.colcon_core.verb:set package 'mynav' build argument 'cmake_args' from command line to 'None'
[0.214s] Level 5:colcon.colcon_core.verb:set package 'mynav' build argument 'cmake_target' from command line to 'None'
[0.214s] Level 5:colcon.colcon_core.verb:set package 'mynav' build argument 'cmake_target_skip_unavailable' from command line to 'False'
[0.214s] Level 5:colcon.colcon_core.verb:set package 'mynav' build argument 'cmake_clean_cache' from command line to 'False'
[0.214s] Level 5:colcon.colcon_core.verb:set package 'mynav' build argument 'cmake_clean_first' from command line to 'False'
[0.214s] Level 5:colcon.colcon_core.verb:set package 'mynav' build argument 'cmake_force_configure' from command line to 'False'
[0.214s] Level 5:colcon.colcon_core.verb:set package 'mynav' build argument 'ament_cmake_args' from command line to 'None'
[0.214s] Level 5:colcon.colcon_core.verb:set package 'mynav' build argument 'catkin_cmake_args' from command line to 'None'
[0.214s] Level 5:colcon.colcon_core.verb:set package 'mynav' build argument 'catkin_skip_building_tests' from command line to 'False'
[0.214s] DEBUG:colcon.colcon_core.verb:Building package 'mynav' with the following arguments: {'ament_cmake_args': None, 'build_base': '/home/hh/ros_ws/src/mynav/build/mynav', 'catkin_cmake_args': None, 'catkin_skip_building_tests': False, 'cmake_args': None, 'cmake_clean_cache': False, 'cmake_clean_first': False, 'cmake_force_configure': False, 'cmake_target': None, 'cmake_target_skip_unavailable': False, 'install_base': '/home/hh/ros_ws/src/mynav/install', 'merge_install': True, 'path': '/home/hh/ros_ws/src/mynav', 'symlink_install': False, 'test_result_base': None}
[0.220s] INFO:colcon.colcon_core.executor:Executing jobs using 'parallel' executor
[0.223s] DEBUG:colcon.colcon_parallel_executor.executor.parallel:run_until_complete
[0.223s] INFO:colcon.colcon_ros.task.ament_cmake.build:Building ROS package in '/home/hh/ros_ws/src/mynav' with build type 'ament_cmake'
[0.223s] INFO:colcon.colcon_cmake.task.cmake.build:Building CMake package in '/home/hh/ros_ws/src/mynav'
[0.227s] INFO:colcon.colcon_core.plugin_system:Skipping extension 'colcon_core.shell.bat': Not used on non-Windows systems
[0.227s] INFO:colcon.colcon_core.shell:Skip shell extension 'powershell' for command environment: Not usable outside of PowerShell
[0.227s] DEBUG:colcon.colcon_core.shell:Skip shell extension 'dsv' for command environment
[0.239s] DEBUG:colcon.colcon_core.event_handler.log_command:Invoking command in '/home/hh/ros_ws/src/mynav/build/mynav': CMAKE_PREFIX_PATH=/opt/ros/foxy /usr/bin/cmake /home/hh/ros_ws/src/mynav -DCMAKE_INSTALL_PREFIX=/home/hh/ros_ws/src/mynav/install
[3.992s] DEBUG:colcon.colcon_core.event_handler.log_command:Invoked command in '/home/hh/ros_ws/src/mynav/build/mynav' returned '0': CMAKE_PREFIX_PATH=/opt/ros/foxy /usr/bin/cmake /home/hh/ros_ws/src/mynav -DCMAKE_INSTALL_PREFIX=/home/hh/ros_ws/src/mynav/install
[3.996s] DEBUG:colcon.colcon_core.event_handler.log_command:Invoking command in '/home/hh/ros_ws/src/mynav/build/mynav': CMAKE_PREFIX_PATH=/opt/ros/foxy /usr/bin/cmake --build /home/hh/ros_ws/src/mynav/build/mynav -- -j8 -l8
[8.300s] DEBUG:colcon.colcon_core.event_handler.log_command:Invoked command in '/home/hh/ros_ws/src/mynav/build/mynav' returned '2': CMAKE_PREFIX_PATH=/opt/ros/foxy /usr/bin/cmake --build /home/hh/ros_ws/src/mynav/build/mynav -- -j8 -l8
[8.334s] Level 1:colcon.colcon_core.environment:create_environment_scripts_only(mynav)
[8.341s] Level 1:colcon.colcon_core.environment:checking '/home/hh/ros_ws/src/mynav/install' for CMake module files
[8.342s] Level 1:colcon.colcon_core.environment:checking '/home/hh/ros_ws/src/mynav/install' for CMake config files
[8.343s] Level 1:colcon.colcon_core.shell:create_environment_hook('mynav', 'cmake_prefix_path')
[8.344s] INFO:colcon.colcon_core.shell:Creating environment hook '/home/hh/ros_ws/src/mynav/install/share/mynav/hook/cmake_prefix_path.ps1'
[8.346s] INFO:colcon.colcon_core.shell:Creating environment descriptor '/home/hh/ros_ws/src/mynav/install/share/mynav/hook/cmake_prefix_path.dsv'
[8.347s] INFO:colcon.colcon_core.shell:Creating environment hook '/home/hh/ros_ws/src/mynav/install/share/mynav/hook/cmake_prefix_path.sh'
[8.349s] Level 1:colcon.colcon_core.environment:checking '/home/hh/ros_ws/src/mynav/install/lib'
[8.349s] Level 1:colcon.colcon_core.environment:checking '/home/hh/ros_ws/src/mynav/install/bin'
[8.349s] Level 1:colcon.colcon_core.environment:checking '/home/hh/ros_ws/src/mynav/install/lib/pkgconfig/mynav.pc'
[8.349s] Level 1:colcon.colcon_core.environment:checking '/home/hh/ros_ws/src/mynav/install/lib/python3.8/site-packages'
[8.351s] INFO:colcon.colcon_core.shell:Creating package script '/home/hh/ros_ws/src/mynav/install/share/mynav/package.ps1'
[8.352s] INFO:colcon.colcon_core.shell:Creating package descriptor '/home/hh/ros_ws/src/mynav/install/share/mynav/package.dsv'
[8.354s] INFO:colcon.colcon_core.shell:Creating package script '/home/hh/ros_ws/src/mynav/install/share/mynav/package.sh'
[8.355s] INFO:colcon.colcon_core.shell:Creating package script '/home/hh/ros_ws/src/mynav/install/share/mynav/package.bash'
[8.357s] INFO:colcon.colcon_core.shell:Creating package script '/home/hh/ros_ws/src/mynav/install/share/mynav/package.zsh'
[8.358s] Level 1:colcon.colcon_core.environment:create_file_with_runtime_dependencies(/home/hh/ros_ws/src/mynav/install/share/colcon-core/packages/mynav)
[8.369s] DEBUG:colcon.colcon_parallel_executor.executor.parallel:closing loop
[8.369s] DEBUG:colcon.colcon_parallel_executor.executor.parallel:loop closed
[8.369s] DEBUG:colcon.colcon_parallel_executor.executor.parallel:run_until_complete finished with '2'
[8.370s] DEBUG:colcon.colcon_core.event_reactor:joining thread
[8.380s] INFO:colcon.colcon_core.plugin_system:Skipping extension 'colcon_notification.desktop_notification.terminal_notifier': Not used on non-Darwin systems
[8.380s] INFO:colcon.colcon_core.plugin_system:Skipping extension 'colcon_notification.desktop_notification.win32': Not used on non-Windows systems
[8.380s] INFO:colcon.colcon_notification.desktop_notification:Sending desktop notification using 'notify2'
[8.401s] DEBUG:colcon.colcon_core.event_reactor:joined thread
[8.402s] INFO:colcon.colcon_core.shell:Creating prefix script '/home/hh/ros_ws/src/mynav/install/local_setup.ps1'
[8.404s] INFO:colcon.colcon_core.shell:Creating prefix util module '/home/hh/ros_ws/src/mynav/install/_local_setup_util_ps1.py'
[8.407s] INFO:colcon.colcon_core.shell:Creating prefix chain script '/home/hh/ros_ws/src/mynav/install/setup.ps1'
[8.409s] INFO:colcon.colcon_core.shell:Creating prefix script '/home/hh/ros_ws/src/mynav/install/local_setup.sh'
[8.410s] INFO:colcon.colcon_core.shell:Creating prefix util module '/home/hh/ros_ws/src/mynav/install/_local_setup_util_sh.py'
[8.411s] INFO:colcon.colcon_core.shell:Creating prefix chain script '/home/hh/ros_ws/src/mynav/install/setup.sh'
[8.412s] INFO:colcon.colcon_core.shell:Creating prefix script '/home/hh/ros_ws/src/mynav/install/local_setup.bash'
[8.413s] INFO:colcon.colcon_core.shell:Creating prefix chain script '/home/hh/ros_ws/src/mynav/install/setup.bash'
[8.415s] INFO:colcon.colcon_core.shell:Creating prefix script '/home/hh/ros_ws/src/mynav/install/local_setup.zsh'
[8.415s] INFO:colcon.colcon_core.shell:Creating prefix chain script '/home/hh/ros_ws/src/mynav/install/setup.zsh'
