[0.000000] (-) TimerEvent: {}
[0.001937] (mynav) JobQueued: {'identifier': 'mynav', 'dependencies': OrderedDict()}
[0.002847] (mynav) JobStarted: {'identifier': 'mynav'}
[0.038261] (mynav) JobProgress: {'identifier': 'mynav', 'progress': 'cmake'}
[0.040695] (mynav) JobProgress: {'identifier': 'mynav', 'progress': 'build'}
[0.043832] (mynav) Command: {'cmd': ['/usr/bin/cmake', '--build', '/home/hh/ros_ws/src/mynav/build/mynav', '--', '-j8', '-l8'], 'cwd': '/home/hh/ros_ws/src/mynav/build/mynav', 'env': OrderedDict([('GJS_DEBUG_TOPICS', 'JS ERROR;JS LOG'), ('LESSOPEN', '| /usr/bin/lesspipe %s'), ('LANGUAGE', 'zh_CN:en_US:en'), ('USER', 'hh'), ('LC_TIME', 'zh_CN.UTF-8'), ('SSH_AGENT_PID', '3045'), ('XDG_SESSION_TYPE', 'x11'), ('GIT_ASKPASS', '/usr/share/code/resources/app/extensions/git/dist/askpass.sh'), ('SHLVL', '0'), ('LD_LIBRARY_PATH', '/usr/lib/x86_64-linux-gnu/gazebo-11/plugins:/opt/ros/foxy/opt/yaml_cpp_vendor/lib:/opt/ros/foxy/opt/rviz_ogre_vendor/lib:/opt/ros/foxy/lib/x86_64-linux-gnu:/opt/ros/foxy/lib'), ('HOME', '/home/hh'), ('CHROME_DESKTOP', 'code-url-handler.desktop'), ('TERM_PROGRAM_VERSION', '1.63.2'), ('DESKTOP_SESSION', 'ubuntu'), ('GIO_LAUNCHED_DESKTOP_FILE', '/usr/share/applications/code.desktop'), ('ROS_PYTHON_VERSION', '3'), ('GNOME_SHELL_SESSION_MODE', 'ubuntu'), ('GTK_MODULES', 'gail:atk-bridge'), ('VSCODE_GIT_ASKPASS_MAIN', '/usr/share/code/resources/app/extensions/git/dist/askpass-main.js'), ('LC_MONETARY', 'zh_CN.UTF-8'), ('VSCODE_GIT_ASKPASS_NODE', '/usr/share/code/code'), ('MANAGERPID', '2473'), ('DBUS_SESSION_BUS_ADDRESS', 'unix:path=/run/user/1000/bus'), ('COLORTERM', 'truecolor'), ('GIO_LAUNCHED_DESKTOP_FILE_PID', '4806'), ('IM_CONFIG_PHASE', '1'), ('ROS_DISTRO', 'foxy'), ('LOGNAME', 'hh'), ('_', '/usr/bin/colcon'), ('JOURNAL_STREAM', '8:41822'), ('ROS_VERSION', '2'), ('XDG_SESSION_CLASS', 'user'), ('USERNAME', 'hh'), ('TERM', 'xterm-256color'), ('GNOME_DESKTOP_SESSION_ID', 'this-is-deprecated'), ('ROS_LOCALHOST_ONLY', '0'), ('WINDOWPATH', '2'), ('PATH', '/opt/ros/foxy/bin:/usr/local/sbin:/usr/local/bin:/usr/sbin:/usr/bin:/sbin:/bin:/usr/games:/usr/local/games:/snap/bin'), ('SESSION_MANAGER', 'local/zw:@/tmp/.ICE-unix/3095,unix/zw:/tmp/.ICE-unix/3095'), ('INVOCATION_ID', '5d3aa52151e74023bf86912c02b21da3'), ('PAPERSIZE', 'a4'), ('XDG_MENU_PREFIX', 'gnome-'), ('LC_ADDRESS', 'zh_CN.UTF-8'), ('XDG_RUNTIME_DIR', '/run/user/1000'), ('GDK_BACKEND', 'x11'), ('DISPLAY', ':0'), ('LANG', 'zh_CN.UTF-8'), ('XDG_CURRENT_DESKTOP', 'Unity'), ('LC_TELEPHONE', 'zh_CN.UTF-8'), ('XMODIFIERS', '@im=ibus'), ('XDG_SESSION_DESKTOP', 'ubuntu'), ('XAUTHORITY', '/run/user/1000/gdm/Xauthority'), ('VSCODE_GIT_IPC_HANDLE', '/run/user/1000/vscode-git-7c3ccf0b5f.sock'), ('TERM_PROGRAM', 'vscode'), ('SSH_AUTH_SOCK', '/run/user/1000/keyring/ssh'), ('ROS_DOMAIN_ID', '30'), ('AMENT_PREFIX_PATH', '/opt/ros/foxy'), ('ORIGINAL_XDG_CURRENT_DESKTOP', 'ubuntu:GNOME'), ('SHELL', '/bin/bash'), ('LC_NAME', 'zh_CN.UTF-8'), ('QT_ACCESSIBILITY', '1'), ('GDMSESSION', 'ubuntu'), ('LESSCLOSE', '/usr/bin/lesspipe %s %s'), ('LC_MEASUREMENT', 'zh_CN.UTF-8'), ('GPG_AGENT_INFO', '/run/user/1000/gnupg/S.gpg-agent:0:1'), ('GJS_DEBUG_OUTPUT', 'stderr'), ('LC_IDENTIFICATION', 'zh_CN.UTF-8'), ('VSCODE_GIT_ASKPASS_EXTRA_ARGS', '--ms-enable-electron-run-as-node'), ('QT_IM_MODULE', 'ibus'), ('PWD', '/home/hh/ros_ws/src/mynav/build/mynav'), ('TURTLEBOT3_MODEL', 'burger'), ('LC_ALL', 'en_US.UTF-8'), ('XDG_CONFIG_DIRS', '/etc/xdg/xdg-ubuntu:/etc/xdg'), ('XDG_DATA_DIRS', '/usr/share/ubuntu:/usr/local/share/:/usr/share/:/var/lib/snapd/desktop'), ('PYTHONPATH', '/opt/ros/foxy/lib/python3.8/site-packages'), ('LC_NUMERIC', 'zh_CN.UTF-8'), ('BREAKPAD_DUMP_LOCATION', '/home/hh/.config/Code/exthost Crash Reports'), ('LC_PAPER', 'zh_CN.UTF-8'), ('COLCON', '1'), ('CMAKE_PREFIX_PATH', '/opt/ros/foxy')]), 'shell': False}
[0.099619] (-) TimerEvent: {}
[0.180001] (mynav) StdoutLine: {'line': b'\x1b[35m\x1b[1mScanning dependencies of target action_client\x1b[0m\n'}
[0.199730] (-) TimerEvent: {}
[0.270597] (mynav) StdoutLine: {'line': b'[ 50%] \x1b[32mBuilding CXX object CMakeFiles/action_client.dir/src/main.cpp.o\x1b[0m\n'}
[0.300135] (-) TimerEvent: {}
[0.402061] (-) TimerEvent: {}
[0.502967] (-) TimerEvent: {}
[0.603725] (-) TimerEvent: {}
[0.707910] (-) TimerEvent: {}
[0.808867] (-) TimerEvent: {}
[0.909630] (-) TimerEvent: {}
[1.010188] (-) TimerEvent: {}
[1.111044] (-) TimerEvent: {}
[1.211873] (-) TimerEvent: {}
[1.312912] (-) TimerEvent: {}
[1.414794] (-) TimerEvent: {}
[1.515769] (-) TimerEvent: {}
[1.617057] (-) TimerEvent: {}
[1.719458] (-) TimerEvent: {}
[1.821726] (-) TimerEvent: {}
[1.924942] (-) TimerEvent: {}
[2.025675] (-) TimerEvent: {}
[2.127441] (-) TimerEvent: {}
[2.228458] (-) TimerEvent: {}
[2.329337] (-) TimerEvent: {}
[2.430061] (-) TimerEvent: {}
[2.531793] (-) TimerEvent: {}
[2.632542] (-) TimerEvent: {}
[2.733329] (-) TimerEvent: {}
[2.834917] (-) TimerEvent: {}
[2.935526] (-) TimerEvent: {}
[3.037047] (-) TimerEvent: {}
[3.137726] (-) TimerEvent: {}
[3.238663] (-) TimerEvent: {}
[3.339207] (-) TimerEvent: {}
[3.439855] (-) TimerEvent: {}
[3.541055] (-) TimerEvent: {}
[3.641709] (-) TimerEvent: {}
[3.744850] (-) TimerEvent: {}
[3.845623] (-) TimerEvent: {}
[3.946317] (-) TimerEvent: {}
[4.047778] (-) TimerEvent: {}
[4.148431] (-) TimerEvent: {}
[4.249159] (-) TimerEvent: {}
[4.349927] (-) TimerEvent: {}
[4.451034] (-) TimerEvent: {}
[4.551850] (-) TimerEvent: {}
[4.653880] (-) TimerEvent: {}
[4.754739] (-) TimerEvent: {}
[4.855358] (-) TimerEvent: {}
[4.956257] (-) TimerEvent: {}
[5.058112] (-) TimerEvent: {}
[5.158912] (-) TimerEvent: {}
[5.259688] (-) TimerEvent: {}
[5.360746] (-) TimerEvent: {}
[5.461553] (-) TimerEvent: {}
[5.562290] (-) TimerEvent: {}
[5.663899] (-) TimerEvent: {}
[5.764555] (-) TimerEvent: {}
[5.865348] (-) TimerEvent: {}
[5.966894] (-) TimerEvent: {}
[6.067734] (-) TimerEvent: {}
[6.168826] (-) TimerEvent: {}
[6.269462] (-) TimerEvent: {}
[6.370259] (-) TimerEvent: {}
[6.471051] (-) TimerEvent: {}
[6.571995] (-) TimerEvent: {}
[6.673786] (-) TimerEvent: {}
[6.774897] (-) TimerEvent: {}
[6.875421] (-) TimerEvent: {}
[6.976506] (-) TimerEvent: {}
[7.077154] (-) TimerEvent: {}
[7.178329] (-) TimerEvent: {}
[7.279343] (-) TimerEvent: {}
[7.381124] (-) TimerEvent: {}
[7.481710] (-) TimerEvent: {}
[7.582199] (-) TimerEvent: {}
[7.682853] (-) TimerEvent: {}
[7.783508] (-) TimerEvent: {}
[7.884370] (-) TimerEvent: {}
[7.985329] (-) TimerEvent: {}
[8.086518] (-) TimerEvent: {}
[8.187324] (-) TimerEvent: {}
[8.289160] (-) TimerEvent: {}
[8.389896] (-) TimerEvent: {}
[8.490362] (-) TimerEvent: {}
[8.591085] (-) TimerEvent: {}
[8.691970] (-) TimerEvent: {}
[8.792327] (-) TimerEvent: {}
[8.892919] (-) TimerEvent: {}
[8.993621] (-) TimerEvent: {}
[9.094057] (-) TimerEvent: {}
[9.194640] (-) TimerEvent: {}
[9.296138] (-) TimerEvent: {}
[9.397104] (-) TimerEvent: {}
[9.497664] (-) TimerEvent: {}
[9.598520] (-) TimerEvent: {}
[9.699079] (-) TimerEvent: {}
[9.799906] (-) TimerEvent: {}
[9.901787] (-) TimerEvent: {}
[10.002213] (-) TimerEvent: {}
[10.102531] (-) TimerEvent: {}
[10.202999] (-) TimerEvent: {}
[10.303593] (-) TimerEvent: {}
[10.404225] (-) TimerEvent: {}
[10.504928] (-) TimerEvent: {}
[10.606575] (-) TimerEvent: {}
[10.707239] (-) TimerEvent: {}
[10.807882] (-) TimerEvent: {}
[10.909480] (-) TimerEvent: {}
[11.010562] (-) TimerEvent: {}
[11.111566] (-) TimerEvent: {}
[11.212947] (-) TimerEvent: {}
[11.313487] (-) TimerEvent: {}
[11.414001] (-) TimerEvent: {}
[11.514404] (-) TimerEvent: {}
[11.614948] (-) TimerEvent: {}
[11.715569] (-) TimerEvent: {}
[11.816106] (-) TimerEvent: {}
[11.917437] (-) TimerEvent: {}
[12.018206] (-) TimerEvent: {}
[12.118776] (-) TimerEvent: {}
[12.219245] (-) TimerEvent: {}
[12.319800] (-) TimerEvent: {}
[12.420466] (-) TimerEvent: {}
[12.521365] (-) TimerEvent: {}
[12.622625] (-) TimerEvent: {}
[12.723184] (-) TimerEvent: {}
[12.823906] (-) TimerEvent: {}
[12.925533] (-) TimerEvent: {}
[13.026404] (-) TimerEvent: {}
[13.126799] (-) TimerEvent: {}
[13.227718] (-) TimerEvent: {}
[13.328440] (-) TimerEvent: {}
[13.429189] (-) TimerEvent: {}
[13.529598] (-) TimerEvent: {}
[13.630752] (-) TimerEvent: {}
[13.731495] (-) TimerEvent: {}
[13.832206] (-) TimerEvent: {}
[13.933311] (-) TimerEvent: {}
[14.033772] (-) TimerEvent: {}
[14.134315] (-) TimerEvent: {}
[14.234733] (-) TimerEvent: {}
[14.335295] (-) TimerEvent: {}
[14.435894] (-) TimerEvent: {}
[14.536880] (-) TimerEvent: {}
[14.638186] (-) TimerEvent: {}
[14.738620] (-) TimerEvent: {}
[14.839043] (-) TimerEvent: {}
[14.940577] (-) TimerEvent: {}
[15.041473] (-) TimerEvent: {}
[15.141924] (-) TimerEvent: {}
[15.242654] (-) TimerEvent: {}
[15.343641] (-) TimerEvent: {}
[15.444154] (-) TimerEvent: {}
[15.544929] (-) TimerEvent: {}
[15.646404] (-) TimerEvent: {}
[15.746990] (-) TimerEvent: {}
[15.847533] (-) TimerEvent: {}
[15.948702] (-) TimerEvent: {}
[16.049380] (-) TimerEvent: {}
[16.150046] (-) TimerEvent: {}
[16.250636] (-) TimerEvent: {}
[16.351229] (-) TimerEvent: {}
[16.451655] (-) TimerEvent: {}
[16.552148] (-) TimerEvent: {}
[16.653400] (-) TimerEvent: {}
[16.753899] (-) TimerEvent: {}
[16.854345] (-) TimerEvent: {}
[16.954861] (-) TimerEvent: {}
[17.055570] (-) TimerEvent: {}
[17.156230] (-) TimerEvent: {}
[17.257170] (-) TimerEvent: {}
[17.358930] (-) TimerEvent: {}
[17.459951] (-) TimerEvent: {}
[17.560439] (-) TimerEvent: {}
[17.661080] (-) TimerEvent: {}
[17.761806] (-) TimerEvent: {}
[17.862554] (-) TimerEvent: {}
[17.964026] (-) TimerEvent: {}
[18.064654] (-) TimerEvent: {}
[18.165199] (-) TimerEvent: {}
[18.265643] (-) TimerEvent: {}
[18.366427] (-) TimerEvent: {}
[18.467302] (-) TimerEvent: {}
[18.567653] (-) TimerEvent: {}
[18.668015] (-) TimerEvent: {}
[18.768825] (-) TimerEvent: {}
[18.869479] (-) TimerEvent: {}
[18.969892] (-) TimerEvent: {}
[19.070418] (-) TimerEvent: {}
[19.171223] (-) TimerEvent: {}
[19.271854] (-) TimerEvent: {}
[19.372502] (-) TimerEvent: {}
[19.473840] (-) TimerEvent: {}
[19.574267] (-) TimerEvent: {}
[19.674977] (-) TimerEvent: {}
[19.776194] (-) TimerEvent: {}
[19.876644] (-) TimerEvent: {}
[19.977363] (-) TimerEvent: {}
[20.079063] (-) TimerEvent: {}
[20.179808] (-) TimerEvent: {}
[20.280264] (-) TimerEvent: {}
[20.381762] (-) TimerEvent: {}
[20.482348] (-) TimerEvent: {}
[20.582848] (-) TimerEvent: {}
[20.684448] (-) TimerEvent: {}
[20.785091] (-) TimerEvent: {}
[20.886175] (-) TimerEvent: {}
[20.987323] (-) TimerEvent: {}
[21.087894] (-) TimerEvent: {}
[21.188516] (-) TimerEvent: {}
[21.289074] (-) TimerEvent: {}
[21.389912] (-) TimerEvent: {}
[21.490419] (-) TimerEvent: {}
[21.591109] (-) TimerEvent: {}
[21.691791] (-) TimerEvent: {}
[21.792534] (-) TimerEvent: {}
[21.893162] (-) TimerEvent: {}
[21.995575] (-) TimerEvent: {}
[22.097621] (-) TimerEvent: {}
[22.198453] (-) TimerEvent: {}
[22.299801] (-) TimerEvent: {}
[22.400457] (-) TimerEvent: {}
[22.501485] (-) TimerEvent: {}
[22.602390] (-) TimerEvent: {}
[22.704164] (-) TimerEvent: {}
[22.805190] (-) TimerEvent: {}
[22.906014] (-) TimerEvent: {}
[23.007085] (-) TimerEvent: {}
[23.108239] (-) TimerEvent: {}
[23.209125] (-) TimerEvent: {}
[23.310832] (-) TimerEvent: {}
[23.411853] (-) TimerEvent: {}
[23.512721] (-) TimerEvent: {}
[23.614097] (-) TimerEvent: {}
[23.714700] (-) TimerEvent: {}
[23.815302] (-) TimerEvent: {}
[23.916151] (-) TimerEvent: {}
[24.016957] (-) TimerEvent: {}
[24.117388] (-) TimerEvent: {}
[24.218048] (-) TimerEvent: {}
[24.319114] (-) TimerEvent: {}
[24.419667] (-) TimerEvent: {}
[24.520393] (-) TimerEvent: {}
[24.621826] (-) TimerEvent: {}
[24.722386] (-) TimerEvent: {}
[24.822954] (-) TimerEvent: {}
[24.924861] (-) TimerEvent: {}
[25.025738] (-) TimerEvent: {}
[25.126263] (-) TimerEvent: {}
[25.226719] (-) TimerEvent: {}
[25.327319] (-) TimerEvent: {}
[25.427665] (-) TimerEvent: {}
[25.528246] (-) TimerEvent: {}
[25.629850] (-) TimerEvent: {}
[25.730461] (-) TimerEvent: {}
[25.831136] (-) TimerEvent: {}
[25.931679] (-) TimerEvent: {}
[26.032243] (-) TimerEvent: {}
[26.132855] (-) TimerEvent: {}
[26.233448] (-) TimerEvent: {}
[26.334717] (-) TimerEvent: {}
[26.435202] (-) TimerEvent: {}
[26.535843] (-) TimerEvent: {}
[26.637125] (-) TimerEvent: {}
[26.737711] (-) TimerEvent: {}
[26.838132] (-) TimerEvent: {}
[26.938476] (-) TimerEvent: {}
[27.038853] (-) TimerEvent: {}
[27.139274] (-) TimerEvent: {}
[27.239915] (-) TimerEvent: {}
[27.341530] (-) TimerEvent: {}
[27.442075] (-) TimerEvent: {}
[27.542448] (-) TimerEvent: {}
[27.643085] (-) TimerEvent: {}
[27.744429] (-) TimerEvent: {}
[27.844952] (-) TimerEvent: {}
[27.946178] (-) TimerEvent: {}
[28.047634] (-) TimerEvent: {}
[28.148256] (-) TimerEvent: {}
[28.248724] (-) TimerEvent: {}
[28.349218] (-) TimerEvent: {}
[28.449668] (-) TimerEvent: {}
[28.550046] (-) TimerEvent: {}
[28.650681] (-) TimerEvent: {}
[28.751761] (-) TimerEvent: {}
[28.852284] (-) TimerEvent: {}
[28.952925] (-) TimerEvent: {}
[29.054037] (-) TimerEvent: {}
[29.154591] (-) TimerEvent: {}
[29.255488] (-) TimerEvent: {}
[29.357244] (-) TimerEvent: {}
[29.457837] (-) TimerEvent: {}
[29.558390] (-) TimerEvent: {}
[29.658844] (-) TimerEvent: {}
[29.759390] (-) TimerEvent: {}
[29.860229] (-) TimerEvent: {}
[29.960973] (-) TimerEvent: {}
[30.062878] (-) TimerEvent: {}
[30.165224] (-) TimerEvent: {}
[30.265906] (-) TimerEvent: {}
[30.367633] (-) TimerEvent: {}
[30.469750] (-) TimerEvent: {}
[30.570782] (-) TimerEvent: {}
[30.672465] (-) TimerEvent: {}
[30.774656] (-) TimerEvent: {}
[30.875601] (-) TimerEvent: {}
[30.977667] (-) TimerEvent: {}
[31.078375] (-) TimerEvent: {}
[31.178966] (-) TimerEvent: {}
[31.211452] (mynav) StdoutLine: {'line': b'[100%] \x1b[32m\x1b[1mLinking CXX executable action_client\x1b[0m\n'}
[31.279450] (-) TimerEvent: {}
[31.381516] (-) TimerEvent: {}
[31.483106] (-) TimerEvent: {}
[31.584520] (-) TimerEvent: {}
[31.686395] (-) TimerEvent: {}
[31.787410] (-) TimerEvent: {}
[31.888863] (-) TimerEvent: {}
[31.989721] (-) TimerEvent: {}
[32.090461] (-) TimerEvent: {}
[32.191159] (-) TimerEvent: {}
[32.225543] (mynav) StdoutLine: {'line': b'[100%] Built target action_client\n'}
[32.289357] (mynav) CommandEnded: {'returncode': 0}
[32.292589] (-) TimerEvent: {}
[32.395008] (mynav) JobProgress: {'identifier': 'mynav', 'progress': 'install'}
[32.395265] (-) TimerEvent: {}
[32.455105] (mynav) Command: {'cmd': ['/usr/bin/cmake', '--install', '/home/hh/ros_ws/src/mynav/build/mynav'], 'cwd': '/home/hh/ros_ws/src/mynav/build/mynav', 'env': OrderedDict([('GJS_DEBUG_TOPICS', 'JS ERROR;JS LOG'), ('LESSOPEN', '| /usr/bin/lesspipe %s'), ('LANGUAGE', 'zh_CN:en_US:en'), ('USER', 'hh'), ('LC_TIME', 'zh_CN.UTF-8'), ('SSH_AGENT_PID', '3045'), ('XDG_SESSION_TYPE', 'x11'), ('GIT_ASKPASS', '/usr/share/code/resources/app/extensions/git/dist/askpass.sh'), ('SHLVL', '0'), ('LD_LIBRARY_PATH', '/usr/lib/x86_64-linux-gnu/gazebo-11/plugins:/opt/ros/foxy/opt/yaml_cpp_vendor/lib:/opt/ros/foxy/opt/rviz_ogre_vendor/lib:/opt/ros/foxy/lib/x86_64-linux-gnu:/opt/ros/foxy/lib'), ('HOME', '/home/hh'), ('CHROME_DESKTOP', 'code-url-handler.desktop'), ('TERM_PROGRAM_VERSION', '1.63.2'), ('DESKTOP_SESSION', 'ubuntu'), ('GIO_LAUNCHED_DESKTOP_FILE', '/usr/share/applications/code.desktop'), ('ROS_PYTHON_VERSION', '3'), ('GNOME_SHELL_SESSION_MODE', 'ubuntu'), ('GTK_MODULES', 'gail:atk-bridge'), ('VSCODE_GIT_ASKPASS_MAIN', '/usr/share/code/resources/app/extensions/git/dist/askpass-main.js'), ('LC_MONETARY', 'zh_CN.UTF-8'), ('VSCODE_GIT_ASKPASS_NODE', '/usr/share/code/code'), ('MANAGERPID', '2473'), ('DBUS_SESSION_BUS_ADDRESS', 'unix:path=/run/user/1000/bus'), ('COLORTERM', 'truecolor'), ('GIO_LAUNCHED_DESKTOP_FILE_PID', '4806'), ('IM_CONFIG_PHASE', '1'), ('ROS_DISTRO', 'foxy'), ('LOGNAME', 'hh'), ('_', '/usr/bin/colcon'), ('JOURNAL_STREAM', '8:41822'), ('ROS_VERSION', '2'), ('XDG_SESSION_CLASS', 'user'), ('USERNAME', 'hh'), ('TERM', 'xterm-256color'), ('GNOME_DESKTOP_SESSION_ID', 'this-is-deprecated'), ('ROS_LOCALHOST_ONLY', '0'), ('WINDOWPATH', '2'), ('PATH', '/opt/ros/foxy/bin:/usr/local/sbin:/usr/local/bin:/usr/sbin:/usr/bin:/sbin:/bin:/usr/games:/usr/local/games:/snap/bin'), ('SESSION_MANAGER', 'local/zw:@/tmp/.ICE-unix/3095,unix/zw:/tmp/.ICE-unix/3095'), ('INVOCATION_ID', '5d3aa52151e74023bf86912c02b21da3'), ('PAPERSIZE', 'a4'), ('XDG_MENU_PREFIX', 'gnome-'), ('LC_ADDRESS', 'zh_CN.UTF-8'), ('XDG_RUNTIME_DIR', '/run/user/1000'), ('GDK_BACKEND', 'x11'), ('DISPLAY', ':0'), ('LANG', 'zh_CN.UTF-8'), ('XDG_CURRENT_DESKTOP', 'Unity'), ('LC_TELEPHONE', 'zh_CN.UTF-8'), ('XMODIFIERS', '@im=ibus'), ('XDG_SESSION_DESKTOP', 'ubuntu'), ('XAUTHORITY', '/run/user/1000/gdm/Xauthority'), ('VSCODE_GIT_IPC_HANDLE', '/run/user/1000/vscode-git-7c3ccf0b5f.sock'), ('TERM_PROGRAM', 'vscode'), ('SSH_AUTH_SOCK', '/run/user/1000/keyring/ssh'), ('ROS_DOMAIN_ID', '30'), ('AMENT_PREFIX_PATH', '/opt/ros/foxy'), ('ORIGINAL_XDG_CURRENT_DESKTOP', 'ubuntu:GNOME'), ('SHELL', '/bin/bash'), ('LC_NAME', 'zh_CN.UTF-8'), ('QT_ACCESSIBILITY', '1'), ('GDMSESSION', 'ubuntu'), ('LESSCLOSE', '/usr/bin/lesspipe %s %s'), ('LC_MEASUREMENT', 'zh_CN.UTF-8'), ('GPG_AGENT_INFO', '/run/user/1000/gnupg/S.gpg-agent:0:1'), ('GJS_DEBUG_OUTPUT', 'stderr'), ('LC_IDENTIFICATION', 'zh_CN.UTF-8'), ('VSCODE_GIT_ASKPASS_EXTRA_ARGS', '--ms-enable-electron-run-as-node'), ('QT_IM_MODULE', 'ibus'), ('PWD', '/home/hh/ros_ws/src/mynav/build/mynav'), ('TURTLEBOT3_MODEL', 'burger'), ('LC_ALL', 'en_US.UTF-8'), ('XDG_CONFIG_DIRS', '/etc/xdg/xdg-ubuntu:/etc/xdg'), ('XDG_DATA_DIRS', '/usr/share/ubuntu:/usr/local/share/:/usr/share/:/var/lib/snapd/desktop'), ('PYTHONPATH', '/opt/ros/foxy/lib/python3.8/site-packages'), ('LC_NUMERIC', 'zh_CN.UTF-8'), ('BREAKPAD_DUMP_LOCATION', '/home/hh/.config/Code/exthost Crash Reports'), ('LC_PAPER', 'zh_CN.UTF-8'), ('COLCON', '1'), ('CMAKE_PREFIX_PATH', '/opt/ros/foxy')]), 'shell': False}
[32.495867] (-) TimerEvent: {}
[32.514140] (mynav) StdoutLine: {'line': b'-- Install configuration: "RelWithDebInfo"\n'}
[32.515242] (mynav) StdoutLine: {'line': b'-- Installing: /home/hh/ros_ws/src/mynav/install/lib/mynav/action_client\n'}
[32.539639] (mynav) StdoutLine: {'line': b'-- Set runtime path of "/home/hh/ros_ws/src/mynav/install/lib/mynav/action_client" to ""\n'}
[32.541508] (mynav) StdoutLine: {'line': b'-- Up-to-date: /home/hh/ros_ws/src/mynav/install/share/ament_index/resource_index/package_run_dependencies/mynav\n'}
[32.543988] (mynav) StdoutLine: {'line': b'-- Up-to-date: /home/hh/ros_ws/src/mynav/install/share/ament_index/resource_index/parent_prefix_path/mynav\n'}
[32.545395] (mynav) StdoutLine: {'line': b'-- Up-to-date: /home/hh/ros_ws/src/mynav/install/share/mynav/environment/ament_prefix_path.sh\n'}
[32.546369] (mynav) StdoutLine: {'line': b'-- Up-to-date: /home/hh/ros_ws/src/mynav/install/share/mynav/environment/ament_prefix_path.dsv\n'}
[32.547676] (mynav) StdoutLine: {'line': b'-- Up-to-date: /home/hh/ros_ws/src/mynav/install/share/mynav/environment/path.sh\n'}
[32.548315] (mynav) StdoutLine: {'line': b'-- Up-to-date: /home/hh/ros_ws/src/mynav/install/share/mynav/environment/path.dsv\n'}
[32.551878] (mynav) StdoutLine: {'line': b'-- Up-to-date: /home/hh/ros_ws/src/mynav/install/share/mynav/local_setup.bash\n'}
[32.553343] (mynav) StdoutLine: {'line': b'-- Up-to-date: /home/hh/ros_ws/src/mynav/install/share/mynav/local_setup.sh\n'}
[32.553580] (mynav) StdoutLine: {'line': b'-- Up-to-date: /home/hh/ros_ws/src/mynav/install/share/mynav/local_setup.zsh\n'}
[32.553771] (mynav) StdoutLine: {'line': b'-- Up-to-date: /home/hh/ros_ws/src/mynav/install/share/mynav/local_setup.dsv\n'}
[32.554012] (mynav) StdoutLine: {'line': b'-- Installing: /home/hh/ros_ws/src/mynav/install/share/mynav/package.dsv\n'}
[32.554208] (mynav) StdoutLine: {'line': b'-- Up-to-date: /home/hh/ros_ws/src/mynav/install/share/ament_index/resource_index/packages/mynav\n'}
[32.554418] (mynav) StdoutLine: {'line': b'-- Up-to-date: /home/hh/ros_ws/src/mynav/install/share/mynav/cmake/mynavConfig.cmake\n'}
[32.554607] (mynav) StdoutLine: {'line': b'-- Up-to-date: /home/hh/ros_ws/src/mynav/install/share/mynav/cmake/mynavConfig-version.cmake\n'}
[32.554826] (mynav) StdoutLine: {'line': b'-- Up-to-date: /home/hh/ros_ws/src/mynav/install/share/mynav/package.xml\n'}
[32.567563] (mynav) CommandEnded: {'returncode': 0}
[32.601522] (-) TimerEvent: {}
[32.706303] (-) TimerEvent: {}
[32.815413] (-) TimerEvent: {}
[32.845270] (mynav) JobEnded: {'identifier': 'mynav', 'rc': 0}
[32.850600] (-) EventReactorShutdown: {}
