[0.638s] DEBUG:colcon:Command line arguments: ['/usr/bin/colcon', 'build', '--merge-install', '--cmake-args', '-DCMAKE_BUILD_TYPE=RelWithDebInfo', '-Wall', '-Wextra', '-Wpedantic']
[0.638s] DEBUG:colcon:Parsed command line arguments: Namespace(allow_overriding=[], ament_cmake_args=None, base_paths=['.'], build_base='build', catkin_cmake_args=None, catkin_skip_building_tests=False, cmake_args=['-DCMAKE_BUILD_TYPE=RelWithDebInfo', '-Wall', '-Wextra', '-Wpedantic'], cmake_clean_cache=False, cmake_clean_first=False, cmake_force_configure=False, cmake_target=None, cmake_target_skip_unavailable=False, continue_on_error=False, event_handlers=None, executor='parallel', ignore_user_meta=False, install_base='install', log_base=None, log_level=None, main=<bound method BuildVerb.main of <colcon_core.verb.build.BuildVerb object at 0x7f60955a50d0>>, merge_install=True, metas=['./colcon.meta'], packages_above=None, packages_above_and_dependencies=None, packages_above_depth=None, packages_end=None, packages_ignore=None, packages_ignore_regex=None, packages_select=None, packages_select_build_failed=False, packages_select_by_dep=None, packages_select_regex=None, packages_select_test_failures=False, packages_skip=None, packages_skip_build_finished=False, packages_skip_by_dep=None, packages_skip_regex=None, packages_skip_test_passed=False, packages_skip_up_to=None, packages_start=None, packages_up_to=None, packages_up_to_regex=None, parallel_workers=8, paths=None, symlink_install=False, test_result_base=None, verb_extension=<colcon_core.verb.build.BuildVerb object at 0x7f60955a50d0>, verb_name='build', verb_parser=<colcon_defaults.argument_parser.defaults.DefaultArgumentsDecorator object at 0x7f60955a5610>)
[0.654s] Level 1:colcon.colcon_core.package_discovery:discover_packages(colcon_meta) check parameters
[0.654s] Level 1:colcon.colcon_core.package_discovery:discover_packages(recursive) check parameters
[0.654s] Level 1:colcon.colcon_core.package_discovery:discover_packages(ignore) check parameters
[0.654s] Level 1:colcon.colcon_core.package_discovery:discover_packages(path) check parameters
[0.654s] Level 1:colcon.colcon_core.package_discovery:discover_packages(colcon_meta) discover
[0.654s] Level 1:colcon.colcon_core.package_discovery:discover_packages(recursive) discover
[0.655s] INFO:colcon.colcon_core.package_discovery:Crawling recursively for packages in '/home/hh/ros_ws/src/mynav'
[0.655s] Level 1:colcon.colcon_core.package_identification:_identify(.) by extensions ['ignore', 'ignore_ament_install']
[0.655s] Level 1:colcon.colcon_core.package_identification:_identify(.) by extension 'ignore'
[0.655s] Level 1:colcon.colcon_core.package_identification:_identify(.) by extension 'ignore_ament_install'
[0.655s] Level 1:colcon.colcon_core.package_identification:_identify(.) by extensions ['colcon_pkg']
[0.655s] Level 1:colcon.colcon_core.package_identification:_identify(.) by extension 'colcon_pkg'
[0.655s] Level 1:colcon.colcon_core.package_identification:_identify(.) by extensions ['colcon_meta']
[0.655s] Level 1:colcon.colcon_core.package_identification:_identify(.) by extension 'colcon_meta'
[0.655s] Level 1:colcon.colcon_core.package_identification:_identify(.) by extensions ['ros']
[0.655s] Level 1:colcon.colcon_core.package_identification:_identify(.) by extension 'ros'
[0.703s] DEBUG:colcon.colcon_core.package_identification:Package '.' with type 'ros.ament_cmake' and name 'mynav'
[0.703s] Level 1:colcon.colcon_core.package_discovery:discover_packages(recursive) using defaults
[0.704s] Level 1:colcon.colcon_core.package_discovery:discover_packages(ignore) discover
[0.704s] Level 1:colcon.colcon_core.package_discovery:discover_packages(ignore) using defaults
[0.704s] Level 1:colcon.colcon_core.package_discovery:discover_packages(path) discover
[0.704s] Level 1:colcon.colcon_core.package_discovery:discover_packages(path) using defaults
[0.760s] Level 5:colcon.colcon_core.verb:set package 'mynav' build argument 'cmake_args' from command line to '['-DCMAKE_BUILD_TYPE=RelWithDebInfo', '-Wall', '-Wextra', '-Wpedantic']'
[0.760s] Level 5:colcon.colcon_core.verb:set package 'mynav' build argument 'cmake_target' from command line to 'None'
[0.761s] Level 5:colcon.colcon_core.verb:set package 'mynav' build argument 'cmake_target_skip_unavailable' from command line to 'False'
[0.761s] Level 5:colcon.colcon_core.verb:set package 'mynav' build argument 'cmake_clean_cache' from command line to 'False'
[0.761s] Level 5:colcon.colcon_core.verb:set package 'mynav' build argument 'cmake_clean_first' from command line to 'False'
[0.761s] Level 5:colcon.colcon_core.verb:set package 'mynav' build argument 'cmake_force_configure' from command line to 'False'
[0.761s] Level 5:colcon.colcon_core.verb:set package 'mynav' build argument 'ament_cmake_args' from command line to 'None'
[0.761s] Level 5:colcon.colcon_core.verb:set package 'mynav' build argument 'catkin_cmake_args' from command line to 'None'
[0.761s] Level 5:colcon.colcon_core.verb:set package 'mynav' build argument 'catkin_skip_building_tests' from command line to 'False'
[0.761s] DEBUG:colcon.colcon_core.verb:Building package 'mynav' with the following arguments: {'ament_cmake_args': None, 'build_base': '/home/hh/ros_ws/src/mynav/build/mynav', 'catkin_cmake_args': None, 'catkin_skip_building_tests': False, 'cmake_args': ['-DCMAKE_BUILD_TYPE=RelWithDebInfo', '-Wall', '-Wextra', '-Wpedantic'], 'cmake_clean_cache': False, 'cmake_clean_first': False, 'cmake_force_configure': False, 'cmake_target': None, 'cmake_target_skip_unavailable': False, 'install_base': '/home/hh/ros_ws/src/mynav/install', 'merge_install': True, 'path': '/home/hh/ros_ws/src/mynav', 'symlink_install': False, 'test_result_base': None}
[0.770s] INFO:colcon.colcon_core.executor:Executing jobs using 'parallel' executor
[0.779s] DEBUG:colcon.colcon_parallel_executor.executor.parallel:run_until_complete
[0.780s] INFO:colcon.colcon_ros.task.ament_cmake.build:Building ROS package in '/home/hh/ros_ws/src/mynav' with build type 'ament_cmake'
[0.780s] INFO:colcon.colcon_cmake.task.cmake.build:Building CMake package in '/home/hh/ros_ws/src/mynav'
[0.790s] INFO:colcon.colcon_core.plugin_system:Skipping extension 'colcon_core.shell.bat': Not used on non-Windows systems
[0.791s] INFO:colcon.colcon_core.shell:Skip shell extension 'powershell' for command environment: Not usable outside of PowerShell
[0.791s] DEBUG:colcon.colcon_core.shell:Skip shell extension 'dsv' for command environment
[0.826s] DEBUG:colcon.colcon_core.event_handler.log_command:Invoking command in '/home/hh/ros_ws/src/mynav/build/mynav': CMAKE_PREFIX_PATH=/opt/ros/foxy /usr/bin/cmake --build /home/hh/ros_ws/src/mynav/build/mynav -- -j8 -l8
[33.069s] DEBUG:colcon.colcon_core.event_handler.log_command:Invoked command in '/home/hh/ros_ws/src/mynav/build/mynav' returned '0': CMAKE_PREFIX_PATH=/opt/ros/foxy /usr/bin/cmake --build /home/hh/ros_ws/src/mynav/build/mynav -- -j8 -l8
[33.235s] DEBUG:colcon.colcon_core.event_handler.log_command:Invoking command in '/home/hh/ros_ws/src/mynav/build/mynav': CMAKE_PREFIX_PATH=/opt/ros/foxy /usr/bin/cmake --install /home/hh/ros_ws/src/mynav/build/mynav
[33.336s] Level 1:colcon.colcon_core.environment:create_environment_scripts_only(mynav)
[33.346s] DEBUG:colcon.colcon_core.event_handler.log_command:Invoked command in '/home/hh/ros_ws/src/mynav/build/mynav' returned '0': CMAKE_PREFIX_PATH=/opt/ros/foxy /usr/bin/cmake --install /home/hh/ros_ws/src/mynav/build/mynav
[33.368s] Level 1:colcon.colcon_core.environment:checking '/home/hh/ros_ws/src/mynav/install' for CMake module files
[33.373s] Level 1:colcon.colcon_core.environment:checking '/home/hh/ros_ws/src/mynav/install' for CMake config files
[33.374s] Level 1:colcon.colcon_core.shell:create_environment_hook('mynav', 'cmake_prefix_path')
[33.378s] INFO:colcon.colcon_core.shell:Creating environment hook '/home/hh/ros_ws/src/mynav/install/share/mynav/hook/cmake_prefix_path.ps1'
[33.382s] INFO:colcon.colcon_core.shell:Creating environment descriptor '/home/hh/ros_ws/src/mynav/install/share/mynav/hook/cmake_prefix_path.dsv'
[33.385s] INFO:colcon.colcon_core.shell:Creating environment hook '/home/hh/ros_ws/src/mynav/install/share/mynav/hook/cmake_prefix_path.sh'
[33.393s] Level 1:colcon.colcon_core.environment:checking '/home/hh/ros_ws/src/mynav/install/lib'
[33.394s] Level 1:colcon.colcon_core.environment:checking '/home/hh/ros_ws/src/mynav/install/bin'
[33.395s] Level 1:colcon.colcon_core.environment:checking '/home/hh/ros_ws/src/mynav/install/lib/pkgconfig/mynav.pc'
[33.395s] Level 1:colcon.colcon_core.environment:checking '/home/hh/ros_ws/src/mynav/install/lib/python3.8/site-packages'
[33.398s] INFO:colcon.colcon_core.shell:Creating package script '/home/hh/ros_ws/src/mynav/install/share/mynav/package.ps1'
[33.405s] INFO:colcon.colcon_core.shell:Creating package descriptor '/home/hh/ros_ws/src/mynav/install/share/mynav/package.dsv'
[33.408s] INFO:colcon.colcon_core.shell:Creating package script '/home/hh/ros_ws/src/mynav/install/share/mynav/package.sh'
[33.412s] INFO:colcon.colcon_core.shell:Creating package script '/home/hh/ros_ws/src/mynav/install/share/mynav/package.bash'
[33.415s] INFO:colcon.colcon_core.shell:Creating package script '/home/hh/ros_ws/src/mynav/install/share/mynav/package.zsh'
[33.421s] Level 1:colcon.colcon_core.environment:create_file_with_runtime_dependencies(/home/hh/ros_ws/src/mynav/install/share/colcon-core/packages/mynav)
[33.550s] Level 1:colcon.colcon_core.environment:create_environment_scripts_only(mynav)
[33.560s] Level 1:colcon.colcon_core.environment:checking '/home/hh/ros_ws/src/mynav/install' for CMake module files
[33.563s] Level 1:colcon.colcon_core.environment:checking '/home/hh/ros_ws/src/mynav/install' for CMake config files
[33.564s] Level 1:colcon.colcon_core.shell:create_environment_hook('mynav', 'cmake_prefix_path')
[33.570s] INFO:colcon.colcon_core.shell:Creating environment hook '/home/hh/ros_ws/src/mynav/install/share/mynav/hook/cmake_prefix_path.ps1'
[33.575s] INFO:colcon.colcon_core.shell:Creating environment descriptor '/home/hh/ros_ws/src/mynav/install/share/mynav/hook/cmake_prefix_path.dsv'
[33.577s] INFO:colcon.colcon_core.shell:Creating environment hook '/home/hh/ros_ws/src/mynav/install/share/mynav/hook/cmake_prefix_path.sh'
[33.579s] Level 1:colcon.colcon_core.environment:checking '/home/hh/ros_ws/src/mynav/install/lib'
[33.579s] Level 1:colcon.colcon_core.environment:checking '/home/hh/ros_ws/src/mynav/install/bin'
[33.579s] Level 1:colcon.colcon_core.environment:checking '/home/hh/ros_ws/src/mynav/install/lib/pkgconfig/mynav.pc'
[33.580s] Level 1:colcon.colcon_core.environment:checking '/home/hh/ros_ws/src/mynav/install/lib/python3.8/site-packages'
[33.583s] INFO:colcon.colcon_core.shell:Creating package script '/home/hh/ros_ws/src/mynav/install/share/mynav/package.ps1'
[33.598s] INFO:colcon.colcon_core.shell:Creating package descriptor '/home/hh/ros_ws/src/mynav/install/share/mynav/package.dsv'
[33.605s] INFO:colcon.colcon_core.shell:Creating package script '/home/hh/ros_ws/src/mynav/install/share/mynav/package.sh'
[33.612s] INFO:colcon.colcon_core.shell:Creating package script '/home/hh/ros_ws/src/mynav/install/share/mynav/package.bash'
[33.614s] INFO:colcon.colcon_core.shell:Creating package script '/home/hh/ros_ws/src/mynav/install/share/mynav/package.zsh'
[33.620s] Level 1:colcon.colcon_core.environment:create_file_with_runtime_dependencies(/home/hh/ros_ws/src/mynav/install/share/colcon-core/packages/mynav)
[33.626s] DEBUG:colcon.colcon_parallel_executor.executor.parallel:closing loop
[33.627s] DEBUG:colcon.colcon_parallel_executor.executor.parallel:loop closed
[33.627s] DEBUG:colcon.colcon_parallel_executor.executor.parallel:run_until_complete finished with '0'
[33.627s] DEBUG:colcon.colcon_core.event_reactor:joining thread
[33.669s] INFO:colcon.colcon_core.plugin_system:Skipping extension 'colcon_notification.desktop_notification.terminal_notifier': Not used on non-Darwin systems
[33.670s] INFO:colcon.colcon_core.plugin_system:Skipping extension 'colcon_notification.desktop_notification.win32': Not used on non-Windows systems
[33.670s] INFO:colcon.colcon_notification.desktop_notification:Sending desktop notification using 'notify2'
[33.808s] DEBUG:colcon.colcon_core.event_reactor:joined thread
[33.810s] INFO:colcon.colcon_core.shell:Creating prefix script '/home/hh/ros_ws/src/mynav/install/local_setup.ps1'
[33.814s] INFO:colcon.colcon_core.shell:Creating prefix util module '/home/hh/ros_ws/src/mynav/install/_local_setup_util_ps1.py'
[33.824s] INFO:colcon.colcon_core.shell:Creating prefix chain script '/home/hh/ros_ws/src/mynav/install/setup.ps1'
[33.829s] INFO:colcon.colcon_core.shell:Creating prefix script '/home/hh/ros_ws/src/mynav/install/local_setup.sh'
[33.831s] INFO:colcon.colcon_core.shell:Creating prefix util module '/home/hh/ros_ws/src/mynav/install/_local_setup_util_sh.py'
[33.835s] INFO:colcon.colcon_core.shell:Creating prefix chain script '/home/hh/ros_ws/src/mynav/install/setup.sh'
[33.843s] INFO:colcon.colcon_core.shell:Creating prefix script '/home/hh/ros_ws/src/mynav/install/local_setup.bash'
[33.846s] INFO:colcon.colcon_core.shell:Creating prefix chain script '/home/hh/ros_ws/src/mynav/install/setup.bash'
[33.855s] INFO:colcon.colcon_core.shell:Creating prefix script '/home/hh/ros_ws/src/mynav/install/local_setup.zsh'
[33.858s] INFO:colcon.colcon_core.shell:Creating prefix chain script '/home/hh/ros_ws/src/mynav/install/setup.zsh'
