[0.047s] Invoking command in '/home/hh/turtle_nav_ws/src/mynav/build/mynav': CMAKE_PREFIX_PATH=/opt/ros/foxy /usr/bin/cmake --build /home/hh/turtle_nav_ws/src/mynav/build/mynav -- -j8 -l8
[0.283s] -- Found ament_cmake: 0.9.9 (/opt/ros/foxy/share/ament_cmake/cmake)
[0.362s] -- Using PYTHON_EXECUTABLE: /usr/bin/python3
[0.768s] -- Found nav2_msgs: 0.4.7 (/opt/ros/foxy/share/nav2_msgs/cmake)
[0.821s] -- Using all available rosidl_typesupport_c: rosidl_typesupport_fastrtps_c;rosidl_typesupport_introspection_c
[0.826s] -- Found rosidl_adapter: 1.2.1 (/opt/ros/foxy/share/rosidl_adapter/cmake)
[1.157s] -- Using all available rosidl_typesupport_cpp: rosidl_typesupport_fastrtps_cpp;rosidl_typesupport_introspection_cpp
[1.690s] -- Found rclcpp: 2.4.0 (/opt/ros/foxy/share/rclcpp/cmake)
[1.734s] -- Found rmw_implementation_cmake: 1.0.3 (/opt/ros/foxy/share/rmw_implementation_cmake/cmake)
[1.736s] -- Using RMW implementation 'rmw_fastrtps_cpp' as default
[1.898s] -- Found rclcpp_action: 2.4.0 (/opt/ros/foxy/share/rclcpp_action/cmake)
[1.936s] -- Found rclcpp_components: 2.4.0 (/opt/ros/foxy/share/rclcpp_components/cmake)
[2.004s] -- Found ament_lint_auto: 0.9.6 (/opt/ros/foxy/share/ament_lint_auto/cmake)
[2.095s] -- Added test 'copyright' to check source files copyright and LICENSE
[2.387s] -- Added test 'cppcheck' to perform static code analysis on C / C++ code
[2.387s] -- Configured cppcheck include dirs: 
[2.387s] -- Configured cppcheck exclude dirs and/or files: 
[2.438s] -- Added test 'cpplint' to check C / C++ code against the Google style
[2.438s] -- Configured cpplint exclude dirs and/or files: 
[2.445s] -- Added test 'flake8' to check Python code syntax and style conventions
[2.458s] -- Added test 'lint_cmake' to check CMake code style
[2.464s] -- Added test 'pep257' to check Python code against some of the style conventions in PEP 257
[2.515s] -- Added test 'uncrustify' to check C / C++ code style
[2.515s] -- Configured uncrustify additional arguments: 
[2.521s] -- Added test 'xmllint' to check XML markup files
[2.526s] -- Configuring done
[2.607s] -- Generating done
[2.618s] -- Build files have been written to: /home/hh/turtle_nav_ws/src/mynav/build/mynav
[2.670s] [35m[1mScanning dependencies of target patrol[0m
[2.672s] [35m[1mScanning dependencies of target clean_node[0m
[2.725s] [ 25%] [32mBuilding CXX object CMakeFiles/patrol.dir/src/patrol.cpp.o[0m
[2.849s] [ 50%] [32mBuilding CXX object CMakeFiles/clean_node.dir/src/main.cpp.o[0m
[5.624s] [01m[K/home/hh/turtle_nav_ws/src/mynav/src/patrol.cpp:[m[K In member function ‘[01m[Kvoid mynav::CleanNode::feedback_callback(rclcpp_action::ClientGoalHandle<nav2_msgs::action::NavigateToPose>::SharedPtr, std::shared_ptr<const nav2_msgs::action::NavigateToPose_Feedback_<std::allocator<void> > >)[m[K’:
[5.624s] [01m[K/home/hh/turtle_nav_ws/src/mynav/src/patrol.cpp:144:53:[m[K [01;35m[Kwarning: [m[Kunused parameter ‘[01m[Kfeedback[m[K’ [[01;35m[K-Wunused-parameter[m[K]
[5.624s]   144 |     [01;35m[Kconst std::shared_ptr<const Action_T::Feedback> feedback[m[K)
[5.625s]       |     [01;35m[K~~~~~~~~~~~~~~~~~~~~~~~~~~~~~~~~~~~~~~~~~~~~~~~~^~~~~~~~[m[K
[5.637s] [01m[K/home/hh/turtle_nav_ws/src/mynav/src/patrol.cpp:[m[K In member function ‘[01m[Kvoid mynav::CleanNode::pose_complete_callback(geometry_msgs::msg::PoseWithCovarianceStamped_<std::allocator<void> >::SharedPtr)[m[K’:
[5.637s] [01m[K/home/hh/turtle_nav_ws/src/mynav/src/patrol.cpp:177:96:[m[K [01;35m[Kwarning: [m[Kunused parameter ‘[01m[Kmsg[m[K’ [[01;35m[K-Wunused-parameter[m[K]
[5.637s]   177 |     void pose_complete_callback([01;35m[Kconst geometry_msgs::msg::PoseWithCovarianceStamped::SharedPtr msg[m[K){
[5.637s]       |                                 [01;35m[K~~~~~~~~~~~~~~~~~~~~~~~~~~~~~~~~~~~~~~~~~~~~~~~~~~~~~~~~~~~~~~~^~~[m[K
[5.656s] [01m[K/home/hh/turtle_nav_ws/src/mynav/src/main.cpp:[m[K In member function ‘[01m[Kvoid mynav::CleanNode::feedback_callback(rclcpp_action::ClientGoalHandle<nav2_msgs::action::NavigateToPose>::SharedPtr, std::shared_ptr<const nav2_msgs::action::NavigateToPose_Feedback_<std::allocator<void> > >)[m[K’:
[5.656s] [01m[K/home/hh/turtle_nav_ws/src/mynav/src/main.cpp:128:53:[m[K [01;35m[Kwarning: [m[Kunused parameter ‘[01m[Kfeedback[m[K’ [[01;35m[K-Wunused-parameter[m[K]
[5.656s]   128 |     [01;35m[Kconst std::shared_ptr<const Action_T::Feedback> feedback[m[K)
[5.656s]       |     [01;35m[K~~~~~~~~~~~~~~~~~~~~~~~~~~~~~~~~~~~~~~~~~~~~~~~~^~~~~~~~[m[K
[16.174s] [ 75%] [32m[1mLinking CXX executable clean_node[0m
[17.438s] [ 75%] Built target clean_node
[21.113s] [100%] [32m[1mLinking CXX executable patrol[0m
[21.460s] [100%] Built target patrol
[21.476s] Invoked command in '/home/hh/turtle_nav_ws/src/mynav/build/mynav' returned '0': CMAKE_PREFIX_PATH=/opt/ros/foxy /usr/bin/cmake --build /home/hh/turtle_nav_ws/src/mynav/build/mynav -- -j8 -l8
[21.528s] Invoking command in '/home/hh/turtle_nav_ws/src/mynav/build/mynav': CMAKE_PREFIX_PATH=/opt/ros/foxy /usr/bin/cmake --install /home/hh/turtle_nav_ws/src/mynav/build/mynav
[21.540s] -- Install configuration: "RelWithDebInfo"
[21.576s] -- Installing: /home/hh/turtle_nav_ws/src/mynav/install/lib/mynav/clean_node
[21.609s] -- Set runtime path of "/home/hh/turtle_nav_ws/src/mynav/install/lib/mynav/clean_node" to ""
[21.645s] -- Installing: /home/hh/turtle_nav_ws/src/mynav/install/lib/mynav/patrol
[21.676s] -- Set runtime path of "/home/hh/turtle_nav_ws/src/mynav/install/lib/mynav/patrol" to ""
[21.676s] -- Up-to-date: /home/hh/turtle_nav_ws/src/mynav/install/share/ament_index/resource_index/package_run_dependencies/mynav
[21.676s] -- Up-to-date: /home/hh/turtle_nav_ws/src/mynav/install/share/ament_index/resource_index/parent_prefix_path/mynav
[21.676s] -- Up-to-date: /home/hh/turtle_nav_ws/src/mynav/install/share/mynav/environment/ament_prefix_path.sh
[21.676s] -- Installing: /home/hh/turtle_nav_ws/src/mynav/install/share/mynav/environment/ament_prefix_path.dsv
[21.696s] -- Up-to-date: /home/hh/turtle_nav_ws/src/mynav/install/share/mynav/environment/path.sh
[21.696s] -- Installing: /home/hh/turtle_nav_ws/src/mynav/install/share/mynav/environment/path.dsv
[21.696s] -- Up-to-date: /home/hh/turtle_nav_ws/src/mynav/install/share/mynav/local_setup.bash
[21.696s] -- Up-to-date: /home/hh/turtle_nav_ws/src/mynav/install/share/mynav/local_setup.sh
[21.696s] -- Up-to-date: /home/hh/turtle_nav_ws/src/mynav/install/share/mynav/local_setup.zsh
[21.697s] -- Installing: /home/hh/turtle_nav_ws/src/mynav/install/share/mynav/local_setup.dsv
[21.697s] -- Installing: /home/hh/turtle_nav_ws/src/mynav/install/share/mynav/package.dsv
[21.697s] -- Up-to-date: /home/hh/turtle_nav_ws/src/mynav/install/share/ament_index/resource_index/packages/mynav
[21.697s] -- Up-to-date: /home/hh/turtle_nav_ws/src/mynav/install/share/mynav/cmake/mynavConfig.cmake
[21.697s] -- Up-to-date: /home/hh/turtle_nav_ws/src/mynav/install/share/mynav/cmake/mynavConfig-version.cmake
[21.697s] -- Up-to-date: /home/hh/turtle_nav_ws/src/mynav/install/share/mynav/package.xml
[21.700s] Invoked command in '/home/hh/turtle_nav_ws/src/mynav/build/mynav' returned '0': CMAKE_PREFIX_PATH=/opt/ros/foxy /usr/bin/cmake --install /home/hh/turtle_nav_ws/src/mynav/build/mynav
