[0.203s] Invoking command in '/home/hh/ros_ws/src/mynav/build/mynav': CMAKE_PREFIX_PATH=/opt/ros/foxy /usr/bin/cmake --build /home/hh/ros_ws/src/mynav/build/mynav -- -j8 -l8
[1.054s] [35m[1mScanning dependencies of target action_client[0m
[1.220s] [ 50%] [32mBuilding CXX object CMakeFiles/action_client.dir/src/main.cpp.o[0m
[5.362s] In file included from [01m[K/usr/include/x86_64-linux-gnu/c++/9/bits/c++allocator.h:33[m[K,
[5.363s]                  from [01m[K/usr/include/c++/9/bits/allocator.h:46[m[K,
[5.363s]                  from [01m[K/usr/include/c++/9/string:41[m[K,
[5.363s]                  from [01m[K/usr/include/c++/9/stdexcept:39[m[K,
[5.363s]                  from [01m[K/usr/include/c++/9/array:39[m[K,
[5.364s]                  from [01m[K/usr/include/c++/9/tuple:39[m[K,
[5.364s]                  from [01m[K/usr/include/c++/9/functional:54[m[K,
[5.364s]                  from [01m[K/home/hh/ros_ws/src/mynav/src/main.cpp:1[m[K:
[5.364s] /usr/include/c++/9/ext/new_allocator.h: In instantiation of ‘[01m[Kvoid __gnu_cxx::new_allocator<_Tp>::construct(_Up*, _Args&& ...) [with _Up = NavigationToPose; _Args = {NavigationToPose*}; _Tp = NavigationToPose][m[K’:
[5.364s] [01m[K/usr/include/c++/9/bits/alloc_traits.h:482:2:[m[K   required from ‘[01m[Kstatic void std::allocator_traits<std::allocator<_CharT> >::construct(std::allocator_traits<std::allocator<_CharT> >::allocator_type&, _Up*, _Args&& ...) [with _Up = NavigationToPose; _Args = {NavigationToPose*}; _Tp = NavigationToPose; std::allocator_traits<std::allocator<_CharT> >::allocator_type = std::allocator<NavigationToPose>][m[K’
[5.365s] [01m[K/usr/include/c++/9/bits/shared_ptr_base.h:548:39:[m[K   required from ‘[01m[Kstd::_Sp_counted_ptr_inplace<_Tp, _Alloc, _Lp>::_Sp_counted_ptr_inplace(_Alloc, _Args&& ...) [with _Args = {NavigationToPose*}; _Tp = NavigationToPose; _Alloc = std::allocator<NavigationToPose>; __gnu_cxx::_Lock_policy _Lp = __gnu_cxx::_S_atomic][m[K’
[5.365s] [01m[K/usr/include/c++/9/bits/shared_ptr_base.h:679:16:[m[K   required from ‘[01m[Kstd::__shared_count<_Lp>::__shared_count(_Tp*&, std::_Sp_alloc_shared_tag<_Alloc>, _Args&& ...) [with _Tp = NavigationToPose; _Alloc = std::allocator<NavigationToPose>; _Args = {NavigationToPose*}; __gnu_cxx::_Lock_policy _Lp = __gnu_cxx::_S_atomic][m[K’
[5.365s] [01m[K/usr/include/c++/9/bits/shared_ptr_base.h:1344:71:[m[K   required from ‘[01m[Kstd::__shared_ptr<_Tp, _Lp>::__shared_ptr(std::_Sp_alloc_shared_tag<_Tp>, _Args&& ...) [with _Alloc = std::allocator<NavigationToPose>; _Args = {NavigationToPose*}; _Tp = NavigationToPose; __gnu_cxx::_Lock_policy _Lp = __gnu_cxx::_S_atomic][m[K’
[5.365s] [01m[K/usr/include/c++/9/bits/shared_ptr.h:359:59:[m[K   required from ‘[01m[Kstd::shared_ptr<_Tp>::shared_ptr(std::_Sp_alloc_shared_tag<_Tp>, _Args&& ...) [with _Alloc = std::allocator<NavigationToPose>; _Args = {NavigationToPose*}; _Tp = NavigationToPose][m[K’
[5.365s] [01m[K/usr/include/c++/9/bits/shared_ptr.h:701:14:[m[K   required from ‘[01m[Kstd::shared_ptr<_Tp> std::allocate_shared(const _Alloc&, _Args&& ...) [with _Tp = NavigationToPose; _Alloc = std::allocator<NavigationToPose>; _Args = {NavigationToPose*}][m[K’
[5.365s] [01m[K/usr/include/c++/9/bits/shared_ptr.h:717:39:[m[K   required from ‘[01m[Kstd::shared_ptr<_Tp> std::make_shared(_Args&& ...) [with _Tp = NavigationToPose; _Args = {NavigationToPose*}][m[K’
[5.365s] [01m[K/home/hh/ros_ws/src/mynav/src/main.cpp:109:83:[m[K   required from here
[5.366s] [01m[K/usr/include/c++/9/ext/new_allocator.h:145:20:[m[K [01;31m[Kerror: [m[Kno matching function for call to ‘[01m[KNavigationToPose::NavigationToPose(NavigationToPose*)[m[K’
[5.366s]   145 |  noexcept(noexcept([01;31m[K::new((void *)__p)[m[K
[5.366s]       |                    [01;31m[K^~~~~~~~~~~~~~~~~~[m[K
[5.366s]   146 | [01;31m[K       _Up(std::forward<_Args>(__args)...)[m[K))
[5.366s]       |        [01;31m[K~~~~~~~~~~~~~~~~~~~~~~~~~~~~~~~~~~~[m[K
[5.367s] [01m[K/home/hh/ros_ws/src/mynav/src/main.cpp:78:5:[m[K [01;36m[Knote: [m[Kcandidate: ‘[01m[KNavigationToPose::NavigationToPose(const rclcpp::NodeOptions&)[m[K’
[5.367s]    78 |     [01;36m[KNavigationToPose[m[K(const rclcpp::NodeOptions & options = rclcpp::NodeOptions())
[5.367s]       |     [01;36m[K^~~~~~~~~~~~~~~~[m[K
[5.367s] [01m[K/home/hh/ros_ws/src/mynav/src/main.cpp:78:50:[m[K [01;36m[Knote: [m[K  no known conversion for argument 1 from ‘[01m[KNavigationToPose*[m[K’ to ‘[01m[Kconst rclcpp::NodeOptions&[m[K’
[5.367s]    78 |     NavigationToPose([01;36m[Kconst rclcpp::NodeOptions & options = rclcpp::NodeOptions()[m[K)
[5.367s]       |                      [01;36m[K~~~~~~~~~~~~~~~~~~~~~~~~~~~~^~~~~~~~~~~~~~~~~~~~~~~~~~~~~~~[m[K
[6.484s] make[2]: *** [CMakeFiles/action_client.dir/build.make:63：CMakeFiles/action_client.dir/src/main.cpp.o] 错误 1
[6.484s] make[1]: *** [CMakeFiles/Makefile2:78：CMakeFiles/action_client.dir/all] 错误 2
[6.484s] make: *** [Makefile:141：all] 错误 2
[6.750s] Invoked command in '/home/hh/ros_ws/src/mynav/build/mynav' returned '2': CMAKE_PREFIX_PATH=/opt/ros/foxy /usr/bin/cmake --build /home/hh/ros_ws/src/mynav/build/mynav -- -j8 -l8
