[0.025s] Invoking command in '/home/hh/turtle_nav_ws/src/mynav/build/mynav': CMAKE_PREFIX_PATH=/opt/ros/foxy /usr/bin/cmake --build /home/hh/turtle_nav_ws/src/mynav/build/mynav -- -j8 -l8
[0.108s] [35m[1mScanning dependencies of target clean_node[0m
[0.149s] [ 66%] Built target test_client
[0.150s] [ 66%] Built target nav_client
[0.278s] [ 83%] [32mBuilding CXX object CMakeFiles/clean_node.dir/src/main.cpp.o[0m
[3.754s] [01m[K/home/hh/turtle_nav_ws/src/mynav/src/main.cpp:[m[K In member function ‘[01m[Kvoid mynav::CleanNode::feedback_callback(rclcpp_action::ClientGoalHandle<nav2_msgs::action::NavigateToPose>::SharedPtr, std::shared_ptr<const nav2_msgs::action::NavigateToPose_Feedback_<std::allocator<void> > >)[m[K’:
[3.755s] [01m[K/home/hh/turtle_nav_ws/src/mynav/src/main.cpp:121:53:[m[K [01;35m[Kwarning: [m[Kunused parameter ‘[01m[Kfeedback[m[K’ [[01;35m[K-Wunused-parameter[m[K]
[3.755s]   121 |     [01;35m[Kconst std::shared_ptr<const Action_T::Feedback> feedback[m[K)
[3.755s]       |     [01;35m[K~~~~~~~~~~~~~~~~~~~~~~~~~~~~~~~~~~~~~~~~~~~~~~~~^~~~~~~~[m[K
[15.153s] [100%] [32m[1mLinking CXX executable clean_node[0m
[15.505s] [100%] Built target clean_node
[15.523s] Invoked command in '/home/hh/turtle_nav_ws/src/mynav/build/mynav' returned '0': CMAKE_PREFIX_PATH=/opt/ros/foxy /usr/bin/cmake --build /home/hh/turtle_nav_ws/src/mynav/build/mynav -- -j8 -l8
[15.588s] Invoking command in '/home/hh/turtle_nav_ws/src/mynav/build/mynav': CMAKE_PREFIX_PATH=/opt/ros/foxy /usr/bin/cmake --install /home/hh/turtle_nav_ws/src/mynav/build/mynav
[15.607s] -- Install configuration: "RelWithDebInfo"
[15.607s] -- Installing: /home/hh/turtle_nav_ws/src/mynav/install/lib/mynav/clean_node
[15.626s] -- Set runtime path of "/home/hh/turtle_nav_ws/src/mynav/install/lib/mynav/clean_node" to ""
[15.627s] -- Up-to-date: /home/hh/turtle_nav_ws/src/mynav/install/lib/mynav/nav_client
[15.627s] -- Up-to-date: /home/hh/turtle_nav_ws/src/mynav/install/lib/libtest_client.so
[15.627s] -- Up-to-date: /home/hh/turtle_nav_ws/src/mynav/install/share/ament_index/resource_index/package_run_dependencies/mynav
[15.629s] -- Up-to-date: /home/hh/turtle_nav_ws/src/mynav/install/share/ament_index/resource_index/parent_prefix_path/mynav
[15.630s] -- Up-to-date: /home/hh/turtle_nav_ws/src/mynav/install/share/mynav/environment/ament_prefix_path.sh
[15.630s] -- Up-to-date: /home/hh/turtle_nav_ws/src/mynav/install/share/mynav/environment/ament_prefix_path.dsv
[15.630s] -- Up-to-date: /home/hh/turtle_nav_ws/src/mynav/install/share/mynav/environment/path.sh
[15.631s] -- Up-to-date: /home/hh/turtle_nav_ws/src/mynav/install/share/mynav/environment/path.dsv
[15.631s] -- Up-to-date: /home/hh/turtle_nav_ws/src/mynav/install/share/mynav/local_setup.bash
[15.631s] -- Up-to-date: /home/hh/turtle_nav_ws/src/mynav/install/share/mynav/local_setup.sh
[15.632s] -- Up-to-date: /home/hh/turtle_nav_ws/src/mynav/install/share/mynav/local_setup.zsh
[15.632s] -- Up-to-date: /home/hh/turtle_nav_ws/src/mynav/install/share/mynav/local_setup.dsv
[15.632s] -- Installing: /home/hh/turtle_nav_ws/src/mynav/install/share/mynav/package.dsv
[15.633s] -- Up-to-date: /home/hh/turtle_nav_ws/src/mynav/install/share/ament_index/resource_index/packages/mynav
[15.633s] -- Up-to-date: /home/hh/turtle_nav_ws/src/mynav/install/share/ament_index/resource_index/rclcpp_components/mynav
[15.634s] -- Up-to-date: /home/hh/turtle_nav_ws/src/mynav/install/share/mynav/cmake/mynavConfig.cmake
[15.635s] -- Up-to-date: /home/hh/turtle_nav_ws/src/mynav/install/share/mynav/cmake/mynavConfig-version.cmake
[15.635s] -- Up-to-date: /home/hh/turtle_nav_ws/src/mynav/install/share/mynav/package.xml
[15.638s] Invoked command in '/home/hh/turtle_nav_ws/src/mynav/build/mynav' returned '0': CMAKE_PREFIX_PATH=/opt/ros/foxy /usr/bin/cmake --install /home/hh/turtle_nav_ws/src/mynav/build/mynav
