[0.000000] (-) TimerEvent: {}
[0.001003] (mynav) JobQueued: {'identifier': 'mynav', 'dependencies': OrderedDict()}
[0.006634] (mynav) JobStarted: {'identifier': 'mynav'}
[0.095409] (mynav) JobProgress: {'identifier': 'mynav', 'progress': 'cmake'}
[0.097230] (mynav) Command: {'cmd': ['/usr/bin/cmake', '/home/hh/turtle_nav_ws/src/mynav', '-DCMAKE_BUILD_TYPE=RelWithDebInfo', '-Wall', '-Wextra', '-Wpedantic', '-DCMAKE_INSTALL_PREFIX=/home/hh/turtle_nav_ws/src/mynav/install'], 'cwd': '/home/hh/turtle_nav_ws/src/mynav/build/mynav', 'env': OrderedDict([('GJS_DEBUG_TOPICS', 'JS ERROR;JS LOG'), ('LESSOPEN', '| /usr/bin/lesspipe %s'), ('LANGUAGE', 'zh_CN:en_US:en'), ('USER', 'hh'), ('LC_TIME', 'zh_CN.UTF-8'), ('SSH_AGENT_PID', '2648'), ('XDG_SESSION_TYPE', 'x11'), ('GIT_ASKPASS', '/usr/share/code/resources/app/extensions/git/dist/askpass.sh'), ('SHLVL', '0'), ('LD_LIBRARY_PATH', '/usr/lib/x86_64-linux-gnu/gazebo-11/plugins:/opt/ros/foxy/opt/yaml_cpp_vendor/lib:/opt/ros/foxy/opt/rviz_ogre_vendor/lib:/opt/ros/foxy/lib/x86_64-linux-gnu:/opt/ros/foxy/lib'), ('QT4_IM_MODULE', 'fcitx'), ('HOME', '/home/hh'), ('CHROME_DESKTOP', 'code-url-handler.desktop'), ('TERM_PROGRAM_VERSION', '1.63.2'), ('DESKTOP_SESSION', 'ubuntu'), ('GIO_LAUNCHED_DESKTOP_FILE', '/usr/share/applications/code.desktop'), ('ROS_PYTHON_VERSION', '3'), ('GNOME_SHELL_SESSION_MODE', 'ubuntu'), ('GTK_MODULES', 'gail:atk-bridge'), ('VSCODE_GIT_ASKPASS_MAIN', '/usr/share/code/resources/app/extensions/git/dist/askpass-main.js'), ('LC_MONETARY', 'zh_CN.UTF-8'), ('VSCODE_GIT_ASKPASS_NODE', '/usr/share/code/code'), ('MANAGERPID', '2450'), ('DBUS_SESSION_BUS_ADDRESS', 'unix:path=/run/user/1000/bus'), ('COLORTERM', 'truecolor'), ('GIO_LAUNCHED_DESKTOP_FILE_PID', '48012'), ('IM_CONFIG_PHASE', '1'), ('ROS_DISTRO', 'foxy'), ('GTK_IM_MODULE', 'fcitx'), ('LOGNAME', 'hh'), ('_', '/usr/bin/colcon'), ('JOURNAL_STREAM', '8:47689'), ('ROS_VERSION', '2'), ('XDG_SESSION_CLASS', 'user'), ('USERNAME', 'hh'), ('TERM', 'xterm-256color'), ('GNOME_DESKTOP_SESSION_ID', 'this-is-deprecated'), ('ROS_LOCALHOST_ONLY', '0'), ('WINDOWPATH', '2'), ('PATH', '/opt/ros/foxy/bin:/usr/local/sbin:/usr/local/bin:/usr/sbin:/usr/bin:/sbin:/bin:/usr/games:/usr/local/games:/snap/bin'), ('SESSION_MANAGER', 'local/zw:@/tmp/.ICE-unix/2697,unix/zw:/tmp/.ICE-unix/2697'), ('INVOCATION_ID', 'c3836626cf7c4f49a7eaba5550b443c0'), ('PAPERSIZE', 'a4'), ('XDG_MENU_PREFIX', 'gnome-'), ('LC_ADDRESS', 'zh_CN.UTF-8'), ('XDG_RUNTIME_DIR', '/run/user/1000'), ('GDK_BACKEND', 'x11'), ('DISPLAY', ':0'), ('LANG', 'zh_CN.UTF-8'), ('XDG_CURRENT_DESKTOP', 'Unity'), ('LC_TELEPHONE', 'zh_CN.UTF-8'), ('XMODIFIERS', '@im=fcitx'), ('XDG_SESSION_DESKTOP', 'ubuntu'), ('XAUTHORITY', '/run/user/1000/gdm/Xauthority'), ('VSCODE_GIT_IPC_HANDLE', '/run/user/1000/vscode-git-01bec29237.sock'), ('TERM_PROGRAM', 'vscode'), ('SSH_AUTH_SOCK', '/run/user/1000/keyring/ssh'), ('ROS_DOMAIN_ID', '30'), ('AMENT_PREFIX_PATH', '/opt/ros/foxy'), ('ORIGINAL_XDG_CURRENT_DESKTOP', 'ubuntu:GNOME'), ('SHELL', '/bin/bash'), ('LC_NAME', 'zh_CN.UTF-8'), ('QT_ACCESSIBILITY', '1'), ('GDMSESSION', 'ubuntu'), ('LESSCLOSE', '/usr/bin/lesspipe %s %s'), ('LC_MEASUREMENT', 'zh_CN.UTF-8'), ('GPG_AGENT_INFO', '/run/user/1000/gnupg/S.gpg-agent:0:1'), ('GJS_DEBUG_OUTPUT', 'stderr'), ('LC_IDENTIFICATION', 'zh_CN.UTF-8'), ('VSCODE_GIT_ASKPASS_EXTRA_ARGS', '--ms-enable-electron-run-as-node'), ('QT_IM_MODULE', 'fcitx'), ('PWD', '/home/hh/turtle_nav_ws/src/mynav/build/mynav'), ('TURTLEBOT3_MODEL', 'burger'), ('LC_ALL', 'en_US.UTF-8'), ('XDG_CONFIG_DIRS', '/etc/xdg/xdg-ubuntu:/etc/xdg'), ('CLUTTER_IM_MODULE', 'fcitx'), ('XDG_DATA_DIRS', '/usr/share/ubuntu:/usr/local/share/:/usr/share/:/var/lib/snapd/desktop'), ('PYTHONPATH', '/opt/ros/foxy/lib/python3.8/site-packages'), ('LC_NUMERIC', 'zh_CN.UTF-8'), ('BREAKPAD_DUMP_LOCATION', '/home/hh/.config/Code/exthost Crash Reports'), ('LC_PAPER', 'zh_CN.UTF-8'), ('COLCON', '1'), ('CMAKE_PREFIX_PATH', '/opt/ros/foxy')]), 'shell': False}
[0.100884] (-) TimerEvent: {}
[0.201829] (-) TimerEvent: {}
[0.304418] (-) TimerEvent: {}
[0.405862] (-) TimerEvent: {}
[0.475307] (mynav) StdoutLine: {'line': b'-- The C compiler identification is GNU 9.3.0\n'}
[0.506144] (-) TimerEvent: {}
[0.607152] (-) TimerEvent: {}
[0.707716] (-) TimerEvent: {}
[0.725853] (mynav) StdoutLine: {'line': b'-- The CXX compiler identification is GNU 9.3.0\n'}
[0.764091] (mynav) StdoutLine: {'line': b'-- Check for working C compiler: /usr/bin/cc\n'}
[0.807944] (-) TimerEvent: {}
[0.909333] (-) TimerEvent: {}
[1.009963] (-) TimerEvent: {}
[1.112145] (-) TimerEvent: {}
[1.141792] (mynav) StdoutLine: {'line': b'-- Check for working C compiler: /usr/bin/cc -- works\n'}
[1.144769] (mynav) StdoutLine: {'line': b'-- Detecting C compiler ABI info\n'}
[1.212288] (-) TimerEvent: {}
[1.313095] (-) TimerEvent: {}
[1.418654] (-) TimerEvent: {}
[1.517094] (mynav) StdoutLine: {'line': b'-- Detecting C compiler ABI info - done\n'}
[1.518920] (-) TimerEvent: {}
[1.572473] (mynav) StdoutLine: {'line': b'-- Detecting C compile features\n'}
[1.574398] (mynav) StdoutLine: {'line': b'-- Detecting C compile features - done\n'}
[1.585728] (mynav) StdoutLine: {'line': b'-- Check for working CXX compiler: /usr/bin/c++\n'}
[1.619418] (-) TimerEvent: {}
[1.719957] (-) TimerEvent: {}
[1.821439] (-) TimerEvent: {}
[1.923155] (-) TimerEvent: {}
[2.023936] (-) TimerEvent: {}
[2.039349] (mynav) StdoutLine: {'line': b'-- Check for working CXX compiler: /usr/bin/c++ -- works\n'}
[2.044992] (mynav) StdoutLine: {'line': b'-- Detecting CXX compiler ABI info\n'}
[2.124582] (-) TimerEvent: {}
[2.225772] (-) TimerEvent: {}
[2.328042] (-) TimerEvent: {}
[2.428922] (-) TimerEvent: {}
[2.474756] (mynav) StdoutLine: {'line': b'-- Detecting CXX compiler ABI info - done\n'}
[2.529150] (-) TimerEvent: {}
[2.553230] (mynav) StdoutLine: {'line': b'-- Detecting CXX compile features\n'}
[2.556985] (mynav) StdoutLine: {'line': b'-- Detecting CXX compile features - done\n'}
[2.565347] (mynav) StdoutLine: {'line': b'-- Found ament_cmake: 0.9.9 (/opt/ros/foxy/share/ament_cmake/cmake)\n'}
[2.629388] (-) TimerEvent: {}
[2.714734] (mynav) StdoutLine: {'line': b'-- Found PythonInterp: /usr/bin/python3 (found suitable version "3.8.10", minimum required is "3") \n'}
[2.715936] (mynav) StdoutLine: {'line': b'-- Using PYTHON_EXECUTABLE: /usr/bin/python3\n'}
[2.729614] (-) TimerEvent: {}
[2.830119] (-) TimerEvent: {}
[2.931235] (-) TimerEvent: {}
[3.032201] (-) TimerEvent: {}
[3.133044] (-) TimerEvent: {}
[3.233961] (-) TimerEvent: {}
[3.334437] (-) TimerEvent: {}
[3.435049] (-) TimerEvent: {}
[3.535884] (-) TimerEvent: {}
[3.636456] (-) TimerEvent: {}
[3.737025] (-) TimerEvent: {}
[3.838036] (-) TimerEvent: {}
[3.842785] (mynav) StdoutLine: {'line': b'-- Found nav2_msgs: 0.4.7 (/opt/ros/foxy/share/nav2_msgs/cmake)\n'}
[3.938104] (-) TimerEvent: {}
[3.989363] (mynav) StdoutLine: {'line': b'-- Using all available rosidl_typesupport_c: rosidl_typesupport_fastrtps_c;rosidl_typesupport_introspection_c\n'}
[4.039226] (-) TimerEvent: {}
[4.082845] (mynav) StdoutLine: {'line': b'-- Found rosidl_adapter: 1.2.1 (/opt/ros/foxy/share/rosidl_adapter/cmake)\n'}
[4.139476] (-) TimerEvent: {}
[4.240051] (-) TimerEvent: {}
[4.340516] (-) TimerEvent: {}
[4.441114] (-) TimerEvent: {}
[4.476693] (mynav) StdoutLine: {'line': b'-- Found OpenSSL: /usr/lib/x86_64-linux-gnu/libcrypto.so (found version "1.1.1f")  \n'}
[4.541372] (-) TimerEvent: {}
[4.620241] (mynav) StdoutLine: {'line': b'-- Found FastRTPS: /opt/ros/foxy/include  \n'}
[4.641600] (-) TimerEvent: {}
[4.742377] (-) TimerEvent: {}
[4.843599] (-) TimerEvent: {}
[4.945146] (-) TimerEvent: {}
[5.046032] (-) TimerEvent: {}
[5.051866] (mynav) StdoutLine: {'line': b'-- Using all available rosidl_typesupport_cpp: rosidl_typesupport_fastrtps_cpp;rosidl_typesupport_introspection_cpp\n'}
[5.146356] (-) TimerEvent: {}
[5.248181] (-) TimerEvent: {}
[5.348831] (-) TimerEvent: {}
[5.449720] (-) TimerEvent: {}
[5.551139] (-) TimerEvent: {}
[5.654429] (-) TimerEvent: {}
[5.756840] (-) TimerEvent: {}
[5.857591] (-) TimerEvent: {}
[5.959372] (-) TimerEvent: {}
[6.060792] (-) TimerEvent: {}
[6.161574] (-) TimerEvent: {}
[6.262772] (-) TimerEvent: {}
[6.364078] (-) TimerEvent: {}
[6.466117] (-) TimerEvent: {}
[6.567722] (-) TimerEvent: {}
[6.669083] (-) TimerEvent: {}
[6.770327] (-) TimerEvent: {}
[6.871196] (-) TimerEvent: {}
[6.972422] (-) TimerEvent: {}
[7.073925] (-) TimerEvent: {}
[7.175530] (-) TimerEvent: {}
[7.276239] (-) TimerEvent: {}
[7.324000] (mynav) StdoutLine: {'line': b'-- Found rclcpp: 2.4.0 (/opt/ros/foxy/share/rclcpp/cmake)\n'}
[7.376629] (-) TimerEvent: {}
[7.477892] (-) TimerEvent: {}
[7.558547] (mynav) StdoutLine: {'line': b'-- Found rmw_implementation_cmake: 1.0.3 (/opt/ros/foxy/share/rmw_implementation_cmake/cmake)\n'}
[7.563287] (mynav) StdoutLine: {'line': b"-- Using RMW implementation 'rmw_fastrtps_cpp' as default\n"}
[7.565518] (mynav) StdoutLine: {'line': b'-- Looking for pthread.h\n'}
[7.578147] (-) TimerEvent: {}
[7.682654] (-) TimerEvent: {}
[7.783421] (-) TimerEvent: {}
[7.885247] (-) TimerEvent: {}
[7.918222] (mynav) StdoutLine: {'line': b'-- Looking for pthread.h - found\n'}
[7.926808] (mynav) StdoutLine: {'line': b'-- Performing Test CMAKE_HAVE_LIBC_PTHREAD\n'}
[7.985324] (-) TimerEvent: {}
[8.086385] (-) TimerEvent: {}
[8.188188] (-) TimerEvent: {}
[8.288996] (-) TimerEvent: {}
[8.297462] (mynav) StdoutLine: {'line': b'-- Performing Test CMAKE_HAVE_LIBC_PTHREAD - Failed\n'}
[8.300710] (mynav) StdoutLine: {'line': b'-- Looking for pthread_create in pthreads\n'}
[8.389234] (-) TimerEvent: {}
[8.489991] (-) TimerEvent: {}
[8.561511] (mynav) StdoutLine: {'line': b'-- Looking for pthread_create in pthreads - not found\n'}
[8.563807] (mynav) StdoutLine: {'line': b'-- Looking for pthread_create in pthread\n'}
[8.590188] (-) TimerEvent: {}
[8.690667] (-) TimerEvent: {}
[8.791579] (-) TimerEvent: {}
[8.861309] (mynav) StdoutLine: {'line': b'-- Looking for pthread_create in pthread - found\n'}
[8.873304] (mynav) StdoutLine: {'line': b'-- Found Threads: TRUE  \n'}
[8.891763] (-) TimerEvent: {}
[8.993247] (-) TimerEvent: {}
[9.094036] (-) TimerEvent: {}
[9.194911] (-) TimerEvent: {}
[9.295722] (-) TimerEvent: {}
[9.396565] (-) TimerEvent: {}
[9.498311] (-) TimerEvent: {}
[9.585727] (mynav) StdoutLine: {'line': b'-- Found rclcpp_action: 2.4.0 (/opt/ros/foxy/share/rclcpp_action/cmake)\n'}
[9.598433] (-) TimerEvent: {}
[9.699416] (-) TimerEvent: {}
[9.757816] (mynav) StdoutLine: {'line': b'-- Found rclcpp_components: 2.4.0 (/opt/ros/foxy/share/rclcpp_components/cmake)\n'}
[9.799786] (-) TimerEvent: {}
[9.900366] (-) TimerEvent: {}
[10.001143] (-) TimerEvent: {}
[10.082353] (mynav) StdoutLine: {'line': b'-- Found ament_lint_auto: 0.9.6 (/opt/ros/foxy/share/ament_lint_auto/cmake)\n'}
[10.101538] (-) TimerEvent: {}
[10.203352] (-) TimerEvent: {}
[10.304173] (-) TimerEvent: {}
[10.405089] (-) TimerEvent: {}
[10.435052] (mynav) StdoutLine: {'line': b"-- Added test 'copyright' to check source files copyright and LICENSE\n"}
[10.505298] (-) TimerEvent: {}
[10.576971] (mynav) StdoutLine: {'line': b"-- Added test 'cppcheck' to perform static code analysis on C / C++ code\n"}
[10.578682] (mynav) StdoutLine: {'line': b'-- Configured cppcheck include dirs: $<BUILD_INTERFACE:/home/hh/turtle_nav_ws/src/mynav/include>\n'}
[10.582579] (mynav) StdoutLine: {'line': b'-- Configured cppcheck exclude dirs and/or files: \n'}
[10.605678] (-) TimerEvent: {}
[10.706613] (-) TimerEvent: {}
[10.745057] (mynav) StdoutLine: {'line': b"-- Added test 'cpplint' to check C / C++ code against the Google style\n"}
[10.747888] (mynav) StdoutLine: {'line': b'-- Configured cpplint exclude dirs and/or files: \n'}
[10.771843] (mynav) StdoutLine: {'line': b"-- Added test 'flake8' to check Python code syntax and style conventions\n"}
[10.806938] (-) TimerEvent: {}
[10.820194] (mynav) StdoutLine: {'line': b"-- Added test 'lint_cmake' to check CMake code style\n"}
[10.845665] (mynav) StdoutLine: {'line': b"-- Added test 'pep257' to check Python code against some of the style conventions in PEP 257\n"}
[10.908656] (-) TimerEvent: {}
[11.009752] (-) TimerEvent: {}
[11.041681] (mynav) StdoutLine: {'line': b"-- Added test 'uncrustify' to check C / C++ code style\n"}
[11.042180] (mynav) StdoutLine: {'line': b'-- Configured uncrustify additional arguments: \n'}
[11.062816] (mynav) StdoutLine: {'line': b"-- Added test 'xmllint' to check XML markup files\n"}
[11.077813] (mynav) StdoutLine: {'line': b'-- Configuring done\n'}
[11.110175] (-) TimerEvent: {}
[11.158069] (mynav) StdoutLine: {'line': b'-- Generating done\n'}
[11.163396] (mynav) StdoutLine: {'line': b'-- Build files have been written to: /home/hh/turtle_nav_ws/src/mynav/build/mynav\n'}
[11.216734] (mynav) CommandEnded: {'returncode': 0}
[11.219436] (-) TimerEvent: {}
[11.219849] (mynav) JobProgress: {'identifier': 'mynav', 'progress': 'build'}
[11.219963] (mynav) Command: {'cmd': ['/usr/bin/cmake', '--build', '/home/hh/turtle_nav_ws/src/mynav/build/mynav', '--', '-j8', '-l8'], 'cwd': '/home/hh/turtle_nav_ws/src/mynav/build/mynav', 'env': OrderedDict([('GJS_DEBUG_TOPICS', 'JS ERROR;JS LOG'), ('LESSOPEN', '| /usr/bin/lesspipe %s'), ('LANGUAGE', 'zh_CN:en_US:en'), ('USER', 'hh'), ('LC_TIME', 'zh_CN.UTF-8'), ('SSH_AGENT_PID', '2648'), ('XDG_SESSION_TYPE', 'x11'), ('GIT_ASKPASS', '/usr/share/code/resources/app/extensions/git/dist/askpass.sh'), ('SHLVL', '0'), ('LD_LIBRARY_PATH', '/usr/lib/x86_64-linux-gnu/gazebo-11/plugins:/opt/ros/foxy/opt/yaml_cpp_vendor/lib:/opt/ros/foxy/opt/rviz_ogre_vendor/lib:/opt/ros/foxy/lib/x86_64-linux-gnu:/opt/ros/foxy/lib'), ('QT4_IM_MODULE', 'fcitx'), ('HOME', '/home/hh'), ('CHROME_DESKTOP', 'code-url-handler.desktop'), ('TERM_PROGRAM_VERSION', '1.63.2'), ('DESKTOP_SESSION', 'ubuntu'), ('GIO_LAUNCHED_DESKTOP_FILE', '/usr/share/applications/code.desktop'), ('ROS_PYTHON_VERSION', '3'), ('GNOME_SHELL_SESSION_MODE', 'ubuntu'), ('GTK_MODULES', 'gail:atk-bridge'), ('VSCODE_GIT_ASKPASS_MAIN', '/usr/share/code/resources/app/extensions/git/dist/askpass-main.js'), ('LC_MONETARY', 'zh_CN.UTF-8'), ('VSCODE_GIT_ASKPASS_NODE', '/usr/share/code/code'), ('MANAGERPID', '2450'), ('DBUS_SESSION_BUS_ADDRESS', 'unix:path=/run/user/1000/bus'), ('COLORTERM', 'truecolor'), ('GIO_LAUNCHED_DESKTOP_FILE_PID', '48012'), ('IM_CONFIG_PHASE', '1'), ('ROS_DISTRO', 'foxy'), ('GTK_IM_MODULE', 'fcitx'), ('LOGNAME', 'hh'), ('_', '/usr/bin/colcon'), ('JOURNAL_STREAM', '8:47689'), ('ROS_VERSION', '2'), ('XDG_SESSION_CLASS', 'user'), ('USERNAME', 'hh'), ('TERM', 'xterm-256color'), ('GNOME_DESKTOP_SESSION_ID', 'this-is-deprecated'), ('ROS_LOCALHOST_ONLY', '0'), ('WINDOWPATH', '2'), ('PATH', '/opt/ros/foxy/bin:/usr/local/sbin:/usr/local/bin:/usr/sbin:/usr/bin:/sbin:/bin:/usr/games:/usr/local/games:/snap/bin'), ('SESSION_MANAGER', 'local/zw:@/tmp/.ICE-unix/2697,unix/zw:/tmp/.ICE-unix/2697'), ('INVOCATION_ID', 'c3836626cf7c4f49a7eaba5550b443c0'), ('PAPERSIZE', 'a4'), ('XDG_MENU_PREFIX', 'gnome-'), ('LC_ADDRESS', 'zh_CN.UTF-8'), ('XDG_RUNTIME_DIR', '/run/user/1000'), ('GDK_BACKEND', 'x11'), ('DISPLAY', ':0'), ('LANG', 'zh_CN.UTF-8'), ('XDG_CURRENT_DESKTOP', 'Unity'), ('LC_TELEPHONE', 'zh_CN.UTF-8'), ('XMODIFIERS', '@im=fcitx'), ('XDG_SESSION_DESKTOP', 'ubuntu'), ('XAUTHORITY', '/run/user/1000/gdm/Xauthority'), ('VSCODE_GIT_IPC_HANDLE', '/run/user/1000/vscode-git-01bec29237.sock'), ('TERM_PROGRAM', 'vscode'), ('SSH_AUTH_SOCK', '/run/user/1000/keyring/ssh'), ('ROS_DOMAIN_ID', '30'), ('AMENT_PREFIX_PATH', '/opt/ros/foxy'), ('ORIGINAL_XDG_CURRENT_DESKTOP', 'ubuntu:GNOME'), ('SHELL', '/bin/bash'), ('LC_NAME', 'zh_CN.UTF-8'), ('QT_ACCESSIBILITY', '1'), ('GDMSESSION', 'ubuntu'), ('LESSCLOSE', '/usr/bin/lesspipe %s %s'), ('LC_MEASUREMENT', 'zh_CN.UTF-8'), ('GPG_AGENT_INFO', '/run/user/1000/gnupg/S.gpg-agent:0:1'), ('GJS_DEBUG_OUTPUT', 'stderr'), ('LC_IDENTIFICATION', 'zh_CN.UTF-8'), ('VSCODE_GIT_ASKPASS_EXTRA_ARGS', '--ms-enable-electron-run-as-node'), ('QT_IM_MODULE', 'fcitx'), ('PWD', '/home/hh/turtle_nav_ws/src/mynav/build/mynav'), ('TURTLEBOT3_MODEL', 'burger'), ('LC_ALL', 'en_US.UTF-8'), ('XDG_CONFIG_DIRS', '/etc/xdg/xdg-ubuntu:/etc/xdg'), ('CLUTTER_IM_MODULE', 'fcitx'), ('XDG_DATA_DIRS', '/usr/share/ubuntu:/usr/local/share/:/usr/share/:/var/lib/snapd/desktop'), ('PYTHONPATH', '/opt/ros/foxy/lib/python3.8/site-packages'), ('LC_NUMERIC', 'zh_CN.UTF-8'), ('BREAKPAD_DUMP_LOCATION', '/home/hh/.config/Code/exthost Crash Reports'), ('LC_PAPER', 'zh_CN.UTF-8'), ('COLCON', '1'), ('CMAKE_PREFIX_PATH', '/opt/ros/foxy')]), 'shell': False}
[11.320487] (-) TimerEvent: {}
[11.422059] (-) TimerEvent: {}
[11.446075] (mynav) StdoutLine: {'line': b'\x1b[35m\x1b[1mScanning dependencies of target clean_node\x1b[0m\n'}
[11.522318] (-) TimerEvent: {}
[11.623322] (-) TimerEvent: {}
[11.638175] (mynav) StdoutLine: {'line': b'[ 14%] \x1b[32mBuilding CXX object CMakeFiles/clean_node.dir/rclcpp_components/node_main_clean_node.cpp.o\x1b[0m\n'}
[11.723779] (-) TimerEvent: {}
[11.828622] (-) TimerEvent: {}
[11.929209] (-) TimerEvent: {}
[12.030107] (-) TimerEvent: {}
[12.130846] (-) TimerEvent: {}
[12.231766] (-) TimerEvent: {}
[12.333638] (-) TimerEvent: {}
[12.435488] (-) TimerEvent: {}
[12.537995] (-) TimerEvent: {}
[12.638882] (-) TimerEvent: {}
[12.740654] (-) TimerEvent: {}
[12.841663] (-) TimerEvent: {}
[12.943551] (-) TimerEvent: {}
[13.044346] (-) TimerEvent: {}
[13.147582] (-) TimerEvent: {}
[13.248774] (-) TimerEvent: {}
[13.349292] (-) TimerEvent: {}
[13.450959] (-) TimerEvent: {}
[13.552787] (-) TimerEvent: {}
[13.653705] (-) TimerEvent: {}
[13.754450] (-) TimerEvent: {}
[13.856134] (-) TimerEvent: {}
[13.957386] (-) TimerEvent: {}
[14.058996] (-) TimerEvent: {}
[14.160831] (-) TimerEvent: {}
[14.262443] (-) TimerEvent: {}
[14.363214] (-) TimerEvent: {}
[14.464644] (-) TimerEvent: {}
[14.565384] (-) TimerEvent: {}
[14.666023] (-) TimerEvent: {}
[14.767673] (-) TimerEvent: {}
[14.868370] (-) TimerEvent: {}
[14.968973] (-) TimerEvent: {}
[15.070155] (-) TimerEvent: {}
[15.171548] (-) TimerEvent: {}
[15.272446] (-) TimerEvent: {}
[15.374280] (-) TimerEvent: {}
[15.475295] (-) TimerEvent: {}
[15.579035] (-) TimerEvent: {}
[15.680745] (-) TimerEvent: {}
[15.781863] (-) TimerEvent: {}
[15.883448] (-) TimerEvent: {}
[15.984380] (-) TimerEvent: {}
[16.085688] (-) TimerEvent: {}
[16.186354] (-) TimerEvent: {}
[16.287577] (-) TimerEvent: {}
[16.388614] (-) TimerEvent: {}
[16.490044] (-) TimerEvent: {}
[16.590737] (-) TimerEvent: {}
[16.691706] (-) TimerEvent: {}
[16.793688] (-) TimerEvent: {}
[16.894722] (-) TimerEvent: {}
[16.995361] (-) TimerEvent: {}
[17.096161] (-) TimerEvent: {}
[17.197374] (-) TimerEvent: {}
[17.298330] (-) TimerEvent: {}
[17.399220] (-) TimerEvent: {}
[17.500266] (-) TimerEvent: {}
[17.601162] (-) TimerEvent: {}
[17.701839] (-) TimerEvent: {}
[17.803134] (-) TimerEvent: {}
[17.905952] (-) TimerEvent: {}
[18.008934] (-) TimerEvent: {}
[18.110217] (-) TimerEvent: {}
[18.210989] (-) TimerEvent: {}
[18.311927] (-) TimerEvent: {}
[18.415001] (-) TimerEvent: {}
[18.516887] (-) TimerEvent: {}
[18.618930] (-) TimerEvent: {}
[18.719613] (-) TimerEvent: {}
[18.820657] (-) TimerEvent: {}
[18.921891] (-) TimerEvent: {}
[19.022992] (-) TimerEvent: {}
[19.125046] (-) TimerEvent: {}
[19.226887] (-) TimerEvent: {}
[19.327948] (-) TimerEvent: {}
[19.428563] (-) TimerEvent: {}
[19.529266] (-) TimerEvent: {}
[19.630867] (-) TimerEvent: {}
[19.731942] (-) TimerEvent: {}
[19.833222] (-) TimerEvent: {}
[19.935881] (-) TimerEvent: {}
[20.036912] (-) TimerEvent: {}
[20.137724] (-) TimerEvent: {}
[20.238342] (-) TimerEvent: {}
[20.339131] (-) TimerEvent: {}
[20.440250] (-) TimerEvent: {}
[20.541974] (-) TimerEvent: {}
[20.642768] (-) TimerEvent: {}
[20.744336] (-) TimerEvent: {}
[20.845458] (-) TimerEvent: {}
[20.946057] (-) TimerEvent: {}
[21.046934] (-) TimerEvent: {}
[21.148618] (-) TimerEvent: {}
[21.250893] (-) TimerEvent: {}
[21.351721] (-) TimerEvent: {}
[21.452221] (-) TimerEvent: {}
[21.552713] (-) TimerEvent: {}
[21.653174] (-) TimerEvent: {}
[21.753821] (-) TimerEvent: {}
[21.855191] (-) TimerEvent: {}
[21.955903] (-) TimerEvent: {}
[22.057148] (-) TimerEvent: {}
[22.158313] (-) TimerEvent: {}
[22.259185] (-) TimerEvent: {}
[22.359866] (-) TimerEvent: {}
[22.461745] (-) TimerEvent: {}
[22.563587] (-) TimerEvent: {}
[22.664341] (-) TimerEvent: {}
[22.766091] (-) TimerEvent: {}
[22.868696] (-) TimerEvent: {}
[22.970353] (-) TimerEvent: {}
[23.071027] (-) TimerEvent: {}
[23.171964] (-) TimerEvent: {}
[23.273057] (-) TimerEvent: {}
[23.374237] (-) TimerEvent: {}
[23.475284] (-) TimerEvent: {}
[23.576431] (-) TimerEvent: {}
[23.678093] (-) TimerEvent: {}
[23.779732] (-) TimerEvent: {}
[23.881518] (-) TimerEvent: {}
[23.982486] (-) TimerEvent: {}
[24.084051] (-) TimerEvent: {}
[24.185145] (-) TimerEvent: {}
[24.286301] (-) TimerEvent: {}
[24.387830] (-) TimerEvent: {}
[24.488735] (-) TimerEvent: {}
[24.589732] (-) TimerEvent: {}
[24.690605] (-) TimerEvent: {}
[24.791272] (-) TimerEvent: {}
[24.894739] (-) TimerEvent: {}
[24.995621] (-) TimerEvent: {}
[25.097054] (-) TimerEvent: {}
[25.198956] (-) TimerEvent: {}
[25.300916] (-) TimerEvent: {}
[25.402672] (-) TimerEvent: {}
[25.503679] (-) TimerEvent: {}
[25.604131] (-) TimerEvent: {}
[25.704788] (-) TimerEvent: {}
[25.805343] (-) TimerEvent: {}
[25.906346] (-) TimerEvent: {}
[26.007450] (-) TimerEvent: {}
[26.108005] (-) TimerEvent: {}
[26.208786] (-) TimerEvent: {}
[26.309735] (-) TimerEvent: {}
[26.411075] (-) TimerEvent: {}
[26.512961] (-) TimerEvent: {}
[26.613883] (-) TimerEvent: {}
[26.714857] (-) TimerEvent: {}
[26.815770] (-) TimerEvent: {}
[26.916695] (-) TimerEvent: {}
[27.017809] (-) TimerEvent: {}
[27.118855] (-) TimerEvent: {}
[27.220340] (-) TimerEvent: {}
[27.320853] (-) TimerEvent: {}
[27.421397] (-) TimerEvent: {}
[27.521963] (-) TimerEvent: {}
[27.622901] (-) TimerEvent: {}
[27.723792] (-) TimerEvent: {}
[27.824642] (-) TimerEvent: {}
[27.927321] (-) TimerEvent: {}
[28.029204] (-) TimerEvent: {}
[28.130956] (-) TimerEvent: {}
[28.231874] (-) TimerEvent: {}
[28.332479] (-) TimerEvent: {}
[28.433312] (-) TimerEvent: {}
[28.534206] (-) TimerEvent: {}
[28.635048] (-) TimerEvent: {}
[28.735851] (-) TimerEvent: {}
[28.836330] (-) TimerEvent: {}
[28.939019] (-) TimerEvent: {}
[29.040181] (-) TimerEvent: {}
[29.077831] (mynav) StdoutLine: {'line': b'[ 28%] \x1b[32m\x1b[1mLinking CXX executable clean_node\x1b[0m\n'}
[29.140897] (-) TimerEvent: {}
[29.241901] (-) TimerEvent: {}
[29.344195] (-) TimerEvent: {}
[29.445808] (-) TimerEvent: {}
[29.546731] (-) TimerEvent: {}
[29.647859] (-) TimerEvent: {}
[29.749187] (-) TimerEvent: {}
[29.820434] (mynav) StdoutLine: {'line': b'[ 28%] Built target clean_node\n'}
[29.851545] (-) TimerEvent: {}
[29.883238] (mynav) StdoutLine: {'line': b'\x1b[35m\x1b[1mScanning dependencies of target test_client\x1b[0m\n'}
[29.951762] (-) TimerEvent: {}
[30.053062] (-) TimerEvent: {}
[30.083146] (mynav) StdoutLine: {'line': b'[ 42%] \x1b[32mBuilding CXX object CMakeFiles/test_client.dir/src/nav_client.cpp.o\x1b[0m\n'}
[30.153221] (-) TimerEvent: {}
[30.254405] (-) TimerEvent: {}
[30.355278] (-) TimerEvent: {}
[30.456006] (-) TimerEvent: {}
[30.556560] (-) TimerEvent: {}
[30.657054] (-) TimerEvent: {}
[30.757710] (-) TimerEvent: {}
[30.858504] (-) TimerEvent: {}
[30.959460] (-) TimerEvent: {}
[31.060448] (-) TimerEvent: {}
[31.161167] (-) TimerEvent: {}
[31.261833] (-) TimerEvent: {}
[31.362701] (-) TimerEvent: {}
[31.463475] (-) TimerEvent: {}
[31.564745] (-) TimerEvent: {}
[31.665834] (-) TimerEvent: {}
[31.766650] (-) TimerEvent: {}
[31.867721] (-) TimerEvent: {}
[31.969507] (-) TimerEvent: {}
[32.070158] (-) TimerEvent: {}
[32.171355] (-) TimerEvent: {}
[32.272222] (-) TimerEvent: {}
[32.373497] (-) TimerEvent: {}
[32.475365] (-) TimerEvent: {}
[32.576162] (-) TimerEvent: {}
[32.676675] (-) TimerEvent: {}
[32.778428] (-) TimerEvent: {}
[32.879218] (-) TimerEvent: {}
[32.980133] (-) TimerEvent: {}
[33.081748] (-) TimerEvent: {}
[33.184494] (-) TimerEvent: {}
[33.286393] (-) TimerEvent: {}
[33.387650] (-) TimerEvent: {}
[33.489466] (-) TimerEvent: {}
[33.590995] (-) TimerEvent: {}
[33.692857] (-) TimerEvent: {}
[33.794743] (-) TimerEvent: {}
[33.895466] (-) TimerEvent: {}
[33.996224] (-) TimerEvent: {}
[34.096846] (-) TimerEvent: {}
[34.197976] (-) TimerEvent: {}
[34.298931] (-) TimerEvent: {}
[34.400765] (-) TimerEvent: {}
[34.501493] (-) TimerEvent: {}
[34.602312] (-) TimerEvent: {}
[34.703213] (-) TimerEvent: {}
[34.803978] (-) TimerEvent: {}
[34.906337] (-) TimerEvent: {}
[35.008963] (-) TimerEvent: {}
[35.109790] (-) TimerEvent: {}
[35.210755] (-) TimerEvent: {}
[35.312953] (-) TimerEvent: {}
[35.413631] (-) TimerEvent: {}
[35.515091] (-) TimerEvent: {}
[35.616187] (-) TimerEvent: {}
[35.718064] (-) TimerEvent: {}
[35.820057] (-) TimerEvent: {}
[35.921052] (-) TimerEvent: {}
[36.022120] (-) TimerEvent: {}
[36.124894] (-) TimerEvent: {}
[36.226192] (-) TimerEvent: {}
[36.327085] (-) TimerEvent: {}
[36.430019] (-) TimerEvent: {}
[36.530789] (-) TimerEvent: {}
[36.631557] (-) TimerEvent: {}
[36.732758] (-) TimerEvent: {}
[36.833417] (-) TimerEvent: {}
[36.934288] (-) TimerEvent: {}
[37.036100] (-) TimerEvent: {}
[37.137859] (-) TimerEvent: {}
[37.238717] (-) TimerEvent: {}
[37.339539] (-) TimerEvent: {}
[37.440299] (-) TimerEvent: {}
[37.540986] (-) TimerEvent: {}
[37.641889] (-) TimerEvent: {}
[37.742424] (-) TimerEvent: {}
[37.842998] (-) TimerEvent: {}
[37.944275] (-) TimerEvent: {}
[38.045805] (-) TimerEvent: {}
[38.146653] (-) TimerEvent: {}
[38.247720] (-) TimerEvent: {}
[38.348516] (-) TimerEvent: {}
[38.449241] (-) TimerEvent: {}
[38.550022] (-) TimerEvent: {}
[38.650936] (-) TimerEvent: {}
[38.751551] (-) TimerEvent: {}
[38.852661] (-) TimerEvent: {}
[38.953903] (-) TimerEvent: {}
[39.055723] (-) TimerEvent: {}
[39.124682] (mynav) StderrLine: {'line': b'\x1b[01m\x1b[K/home/hh/turtle_nav_ws/src/mynav/src/nav_client.cpp:\x1b[m\x1b[K In member function \xe2\x80\x98\x1b[01m\x1b[Kvoid mynav::NavigationToPose::feedback_callback(rclcpp_action::ClientGoalHandle<nav2_msgs::action::NavigateToPose>::SharedPtr, std::shared_ptr<const nav2_msgs::action::NavigateToPose_Feedback_<std::allocator<void> > >)\x1b[m\x1b[K\xe2\x80\x99:\n'}
[39.127310] (mynav) StderrLine: {'line': b'\x1b[01m\x1b[K/home/hh/turtle_nav_ws/src/mynav/src/nav_client.cpp:111:53:\x1b[m\x1b[K \x1b[01;35m\x1b[Kwarning: \x1b[m\x1b[Kunused parameter \xe2\x80\x98\x1b[01m\x1b[Kfeedback\x1b[m\x1b[K\xe2\x80\x99 [\x1b[01;35m\x1b[K-Wunused-parameter\x1b[m\x1b[K]\n'}
[39.130055] (mynav) StderrLine: {'line': b'  111 |     \x1b[01;35m\x1b[Kconst std::shared_ptr<const Action_T::Feedback> feedback\x1b[m\x1b[K)\n'}
[39.130922] (mynav) StderrLine: {'line': b'      |     \x1b[01;35m\x1b[K~~~~~~~~~~~~~~~~~~~~~~~~~~~~~~~~~~~~~~~~~~~~~~~~^~~~~~~~\x1b[m\x1b[K\n'}
[39.161638] (-) TimerEvent: {}
[39.263387] (-) TimerEvent: {}
[39.364456] (-) TimerEvent: {}
[39.466073] (-) TimerEvent: {}
[39.570514] (-) TimerEvent: {}
[39.671352] (-) TimerEvent: {}
[39.772193] (-) TimerEvent: {}
[39.873228] (-) TimerEvent: {}
[39.975842] (-) TimerEvent: {}
[40.077511] (-) TimerEvent: {}
[40.178620] (-) TimerEvent: {}
[40.280394] (-) TimerEvent: {}
[40.382458] (-) TimerEvent: {}
[40.483586] (-) TimerEvent: {}
[40.585178] (-) TimerEvent: {}
[40.686344] (-) TimerEvent: {}
[40.787746] (-) TimerEvent: {}
[40.888593] (-) TimerEvent: {}
[40.989395] (-) TimerEvent: {}
[41.090174] (-) TimerEvent: {}
[41.190675] (-) TimerEvent: {}
[41.291305] (-) TimerEvent: {}
[41.393038] (-) TimerEvent: {}
[41.494151] (-) TimerEvent: {}
[41.594772] (-) TimerEvent: {}
[41.695302] (-) TimerEvent: {}
[41.796472] (-) TimerEvent: {}
[41.897501] (-) TimerEvent: {}
[41.998931] (-) TimerEvent: {}
[42.100517] (-) TimerEvent: {}
[42.201566] (-) TimerEvent: {}
[42.303394] (-) TimerEvent: {}
[42.405053] (-) TimerEvent: {}
[42.505653] (-) TimerEvent: {}
[42.606656] (-) TimerEvent: {}
[42.707205] (-) TimerEvent: {}
[42.807769] (-) TimerEvent: {}
[42.908636] (-) TimerEvent: {}
[43.011016] (-) TimerEvent: {}
[43.112062] (-) TimerEvent: {}
[43.212881] (-) TimerEvent: {}
[43.313913] (-) TimerEvent: {}
[43.415161] (-) TimerEvent: {}
[43.515752] (-) TimerEvent: {}
[43.616511] (-) TimerEvent: {}
[43.717357] (-) TimerEvent: {}
[43.818640] (-) TimerEvent: {}
[43.919734] (-) TimerEvent: {}
[44.021979] (-) TimerEvent: {}
[44.123203] (-) TimerEvent: {}
[44.226180] (-) TimerEvent: {}
[44.326633] (-) TimerEvent: {}
[44.427189] (-) TimerEvent: {}
[44.528120] (-) TimerEvent: {}
[44.629786] (-) TimerEvent: {}
[44.730704] (-) TimerEvent: {}
[44.831766] (-) TimerEvent: {}
[44.933651] (-) TimerEvent: {}
[45.034639] (-) TimerEvent: {}
[45.138864] (-) TimerEvent: {}
[45.239824] (-) TimerEvent: {}
[45.340336] (-) TimerEvent: {}
[45.441254] (-) TimerEvent: {}
[45.544144] (-) TimerEvent: {}
[45.644973] (-) TimerEvent: {}
[45.745690] (-) TimerEvent: {}
[45.846304] (-) TimerEvent: {}
[45.947197] (-) TimerEvent: {}
[46.048853] (-) TimerEvent: {}
[46.150171] (-) TimerEvent: {}
[46.251535] (-) TimerEvent: {}
[46.352304] (-) TimerEvent: {}
[46.453431] (-) TimerEvent: {}
[46.554122] (-) TimerEvent: {}
[46.655772] (-) TimerEvent: {}
[46.757308] (-) TimerEvent: {}
[46.858262] (-) TimerEvent: {}
[46.959473] (-) TimerEvent: {}
[47.060275] (-) TimerEvent: {}
[47.160998] (-) TimerEvent: {}
[47.261608] (-) TimerEvent: {}
[47.362409] (-) TimerEvent: {}
[47.463912] (-) TimerEvent: {}
[47.564755] (-) TimerEvent: {}
[47.665945] (-) TimerEvent: {}
[47.767601] (-) TimerEvent: {}
[47.869577] (-) TimerEvent: {}
[47.970872] (-) TimerEvent: {}
[48.071757] (-) TimerEvent: {}
[48.172478] (-) TimerEvent: {}
[48.273475] (-) TimerEvent: {}
[48.377807] (-) TimerEvent: {}
[48.478853] (-) TimerEvent: {}
[48.580740] (-) TimerEvent: {}
[48.682896] (-) TimerEvent: {}
[48.784570] (-) TimerEvent: {}
[48.885734] (-) TimerEvent: {}
[48.986633] (-) TimerEvent: {}
[49.087564] (-) TimerEvent: {}
[49.189405] (-) TimerEvent: {}
[49.290159] (-) TimerEvent: {}
[49.391842] (-) TimerEvent: {}
[49.492348] (-) TimerEvent: {}
[49.593326] (-) TimerEvent: {}
[49.694372] (-) TimerEvent: {}
[49.796102] (-) TimerEvent: {}
[49.897528] (-) TimerEvent: {}
[50.001904] (-) TimerEvent: {}
[50.102955] (-) TimerEvent: {}
[50.204069] (-) TimerEvent: {}
[50.305591] (-) TimerEvent: {}
[50.407459] (-) TimerEvent: {}
[50.509091] (-) TimerEvent: {}
[50.609846] (-) TimerEvent: {}
[50.710888] (-) TimerEvent: {}
[50.811589] (-) TimerEvent: {}
[50.912658] (-) TimerEvent: {}
[51.013584] (-) TimerEvent: {}
[51.114722] (-) TimerEvent: {}
[51.215467] (-) TimerEvent: {}
[51.316560] (-) TimerEvent: {}
[51.418015] (-) TimerEvent: {}
[51.518980] (-) TimerEvent: {}
[51.620553] (-) TimerEvent: {}
[51.721208] (-) TimerEvent: {}
[51.822968] (-) TimerEvent: {}
[51.923795] (-) TimerEvent: {}
[52.024859] (-) TimerEvent: {}
[52.126683] (-) TimerEvent: {}
[52.228280] (-) TimerEvent: {}
[52.329471] (-) TimerEvent: {}
[52.430533] (-) TimerEvent: {}
[52.532188] (-) TimerEvent: {}
[52.633512] (-) TimerEvent: {}
[52.735064] (-) TimerEvent: {}
[52.836766] (-) TimerEvent: {}
[52.938308] (-) TimerEvent: {}
[53.038844] (-) TimerEvent: {}
[53.139594] (-) TimerEvent: {}
[53.240438] (-) TimerEvent: {}
[53.340961] (-) TimerEvent: {}
[53.441640] (-) TimerEvent: {}
[53.542653] (-) TimerEvent: {}
[53.644383] (-) TimerEvent: {}
[53.745514] (-) TimerEvent: {}
[53.847242] (-) TimerEvent: {}
[53.948384] (-) TimerEvent: {}
[54.049345] (-) TimerEvent: {}
[54.150424] (-) TimerEvent: {}
[54.251967] (-) TimerEvent: {}
[54.353756] (-) TimerEvent: {}
[54.455452] (-) TimerEvent: {}
[54.556156] (-) TimerEvent: {}
[54.657006] (-) TimerEvent: {}
[54.758022] (-) TimerEvent: {}
[54.859103] (-) TimerEvent: {}
[54.960936] (-) TimerEvent: {}
[55.062017] (-) TimerEvent: {}
[55.163966] (-) TimerEvent: {}
[55.265618] (-) TimerEvent: {}
[55.367204] (-) TimerEvent: {}
[55.468221] (-) TimerEvent: {}
[55.569483] (-) TimerEvent: {}
[55.670657] (-) TimerEvent: {}
[55.772398] (-) TimerEvent: {}
[55.873407] (-) TimerEvent: {}
[55.975092] (-) TimerEvent: {}
[56.075619] (-) TimerEvent: {}
[56.176299] (-) TimerEvent: {}
[56.278342] (-) TimerEvent: {}
[56.380067] (-) TimerEvent: {}
[56.480605] (-) TimerEvent: {}
[56.581444] (-) TimerEvent: {}
[56.682677] (-) TimerEvent: {}
[56.784871] (-) TimerEvent: {}
[56.885513] (-) TimerEvent: {}
[56.986044] (-) TimerEvent: {}
[57.086810] (-) TimerEvent: {}
[57.188351] (-) TimerEvent: {}
[57.289262] (-) TimerEvent: {}
[57.390441] (-) TimerEvent: {}
[57.491553] (-) TimerEvent: {}
[57.592251] (-) TimerEvent: {}
[57.694053] (-) TimerEvent: {}
[57.795621] (-) TimerEvent: {}
[57.896428] (-) TimerEvent: {}
[57.997165] (-) TimerEvent: {}
[58.098150] (-) TimerEvent: {}
[58.199136] (-) TimerEvent: {}
[58.300817] (-) TimerEvent: {}
[58.402014] (-) TimerEvent: {}
[58.503210] (-) TimerEvent: {}
[58.604787] (-) TimerEvent: {}
[58.705473] (-) TimerEvent: {}
[58.806483] (-) TimerEvent: {}
[58.907836] (-) TimerEvent: {}
[59.009381] (-) TimerEvent: {}
[59.110246] (-) TimerEvent: {}
[59.211666] (-) TimerEvent: {}
[59.313323] (-) TimerEvent: {}
[59.415008] (-) TimerEvent: {}
[59.516926] (-) TimerEvent: {}
[59.618120] (-) TimerEvent: {}
[59.719365] (-) TimerEvent: {}
[59.820648] (-) TimerEvent: {}
[59.922538] (-) TimerEvent: {}
[60.023521] (-) TimerEvent: {}
[60.125292] (-) TimerEvent: {}
[60.225847] (-) TimerEvent: {}
[60.327717] (-) TimerEvent: {}
[60.429479] (-) TimerEvent: {}
[60.530233] (-) TimerEvent: {}
[60.631010] (-) TimerEvent: {}
[60.732858] (-) TimerEvent: {}
[60.833771] (-) TimerEvent: {}
[60.934743] (-) TimerEvent: {}
[61.036533] (-) TimerEvent: {}
[61.137249] (-) TimerEvent: {}
[61.239094] (-) TimerEvent: {}
[61.340541] (-) TimerEvent: {}
[61.442219] (-) TimerEvent: {}
[61.543217] (-) TimerEvent: {}
[61.644005] (-) TimerEvent: {}
[61.744761] (-) TimerEvent: {}
[61.846125] (-) TimerEvent: {}
[61.947854] (-) TimerEvent: {}
[62.048580] (-) TimerEvent: {}
[62.149302] (-) TimerEvent: {}
[62.249854] (-) TimerEvent: {}
[62.355320] (-) TimerEvent: {}
[62.456258] (-) TimerEvent: {}
[62.556792] (-) TimerEvent: {}
[62.657648] (-) TimerEvent: {}
[62.758460] (-) TimerEvent: {}
[62.860934] (-) TimerEvent: {}
[62.961433] (-) TimerEvent: {}
[63.062071] (-) TimerEvent: {}
[63.162976] (-) TimerEvent: {}
[63.263727] (-) TimerEvent: {}
[63.365117] (-) TimerEvent: {}
[63.466391] (-) TimerEvent: {}
[63.567466] (-) TimerEvent: {}
[63.668583] (-) TimerEvent: {}
[63.770519] (-) TimerEvent: {}
[63.872210] (-) TimerEvent: {}
[63.973625] (-) TimerEvent: {}
[64.074721] (-) TimerEvent: {}
[64.176268] (-) TimerEvent: {}
[64.277710] (-) TimerEvent: {}
[64.378961] (-) TimerEvent: {}
[64.481141] (-) TimerEvent: {}
[64.581709] (-) TimerEvent: {}
[64.682569] (-) TimerEvent: {}
[64.783256] (-) TimerEvent: {}
[64.885030] (-) TimerEvent: {}
[64.987175] (-) TimerEvent: {}
[65.088411] (-) TimerEvent: {}
[65.192737] (-) TimerEvent: {}
[65.293827] (-) TimerEvent: {}
[65.395329] (-) TimerEvent: {}
[65.495821] (-) TimerEvent: {}
[65.596874] (-) TimerEvent: {}
[65.699230] (-) TimerEvent: {}
[65.799924] (-) TimerEvent: {}
[65.900764] (-) TimerEvent: {}
[66.001669] (-) TimerEvent: {}
[66.102531] (-) TimerEvent: {}
[66.203149] (-) TimerEvent: {}
[66.304032] (-) TimerEvent: {}
[66.407297] (-) TimerEvent: {}
[66.509460] (-) TimerEvent: {}
[66.610386] (-) TimerEvent: {}
[66.711147] (-) TimerEvent: {}
[66.812193] (-) TimerEvent: {}
[66.912961] (-) TimerEvent: {}
[67.014883] (-) TimerEvent: {}
[67.116033] (-) TimerEvent: {}
[67.217186] (-) TimerEvent: {}
[67.317758] (-) TimerEvent: {}
[67.419069] (-) TimerEvent: {}
[67.520000] (-) TimerEvent: {}
[67.621423] (-) TimerEvent: {}
[67.722041] (-) TimerEvent: {}
[67.822687] (-) TimerEvent: {}
[67.925951] (-) TimerEvent: {}
[68.027481] (-) TimerEvent: {}
[68.128378] (-) TimerEvent: {}
[68.228835] (-) TimerEvent: {}
[68.329436] (-) TimerEvent: {}
[68.430812] (-) TimerEvent: {}
[68.531586] (-) TimerEvent: {}
[68.632979] (-) TimerEvent: {}
[68.733871] (-) TimerEvent: {}
[68.834735] (-) TimerEvent: {}
[68.936508] (-) TimerEvent: {}
[69.037795] (-) TimerEvent: {}
[69.138769] (-) TimerEvent: {}
[69.239583] (-) TimerEvent: {}
[69.340413] (-) TimerEvent: {}
[69.440955] (-) TimerEvent: {}
[69.541587] (-) TimerEvent: {}
[69.643921] (-) TimerEvent: {}
[69.745656] (-) TimerEvent: {}
[69.846756] (-) TimerEvent: {}
[69.947583] (-) TimerEvent: {}
[70.049411] (-) TimerEvent: {}
[70.150167] (-) TimerEvent: {}
[70.250873] (-) TimerEvent: {}
[70.351541] (-) TimerEvent: {}
[70.452282] (-) TimerEvent: {}
[70.553861] (-) TimerEvent: {}
[70.654908] (-) TimerEvent: {}
[70.755600] (-) TimerEvent: {}
[70.857348] (-) TimerEvent: {}
[70.958520] (-) TimerEvent: {}
[71.059580] (-) TimerEvent: {}
[71.160301] (-) TimerEvent: {}
[71.261351] (-) TimerEvent: {}
[71.362191] (-) TimerEvent: {}
[71.462951] (-) TimerEvent: {}
[71.564619] (-) TimerEvent: {}
[71.665138] (-) TimerEvent: {}
[71.766321] (-) TimerEvent: {}
[71.868427] (-) TimerEvent: {}
[71.969233] (-) TimerEvent: {}
[72.070282] (-) TimerEvent: {}
[72.170931] (-) TimerEvent: {}
[72.271620] (-) TimerEvent: {}
[72.372327] (-) TimerEvent: {}
[72.473360] (-) TimerEvent: {}
[72.575096] (-) TimerEvent: {}
[72.678164] (-) TimerEvent: {}
[72.780068] (-) TimerEvent: {}
[72.881738] (-) TimerEvent: {}
[72.982915] (-) TimerEvent: {}
[73.084330] (-) TimerEvent: {}
[73.186078] (-) TimerEvent: {}
[73.246281] (mynav) StdoutLine: {'line': b'[ 57%] \x1b[32mBuilding CXX object CMakeFiles/test_client.dir/src/main.cpp.o\x1b[0m\n'}
[73.286308] (-) TimerEvent: {}
[73.387005] (-) TimerEvent: {}
[73.488150] (-) TimerEvent: {}
[73.589754] (-) TimerEvent: {}
[73.691010] (-) TimerEvent: {}
[73.793109] (-) TimerEvent: {}
[73.894036] (-) TimerEvent: {}
[73.994933] (-) TimerEvent: {}
[74.095897] (-) TimerEvent: {}
[74.197519] (-) TimerEvent: {}
[74.298639] (-) TimerEvent: {}
[74.399767] (-) TimerEvent: {}
[74.500691] (-) TimerEvent: {}
[74.601625] (-) TimerEvent: {}
[74.703737] (-) TimerEvent: {}
[74.804723] (-) TimerEvent: {}
[74.905661] (-) TimerEvent: {}
[75.006583] (-) TimerEvent: {}
[75.108681] (-) TimerEvent: {}
[75.209640] (-) TimerEvent: {}
[75.311103] (-) TimerEvent: {}
[75.414722] (-) TimerEvent: {}
[75.515614] (-) TimerEvent: {}
[75.616430] (-) TimerEvent: {}
[75.717744] (-) TimerEvent: {}
[75.818873] (-) TimerEvent: {}
[75.920046] (-) TimerEvent: {}
[76.020778] (-) TimerEvent: {}
[76.121640] (-) TimerEvent: {}
[76.223364] (-) TimerEvent: {}
[76.324949] (-) TimerEvent: {}
[76.425824] (-) TimerEvent: {}
[76.526533] (-) TimerEvent: {}
[76.627383] (-) TimerEvent: {}
[76.729548] (-) TimerEvent: {}
[76.831359] (-) TimerEvent: {}
[76.932364] (-) TimerEvent: {}
[77.033286] (-) TimerEvent: {}
[77.134451] (-) TimerEvent: {}
[77.235337] (-) TimerEvent: {}
[77.336759] (-) TimerEvent: {}
[77.437696] (-) TimerEvent: {}
[77.538312] (-) TimerEvent: {}
[77.638951] (-) TimerEvent: {}
[77.739483] (-) TimerEvent: {}
[77.840132] (-) TimerEvent: {}
[77.941463] (-) TimerEvent: {}
[78.045368] (-) TimerEvent: {}
[78.146339] (-) TimerEvent: {}
[78.247335] (-) TimerEvent: {}
[78.348201] (-) TimerEvent: {}
[78.448730] (-) TimerEvent: {}
[78.549754] (-) TimerEvent: {}
[78.650678] (-) TimerEvent: {}
[78.751653] (-) TimerEvent: {}
[78.853389] (-) TimerEvent: {}
[78.954216] (-) TimerEvent: {}
[79.055094] (-) TimerEvent: {}
[79.155866] (-) TimerEvent: {}
[79.256686] (-) TimerEvent: {}
[79.357379] (-) TimerEvent: {}
[79.459247] (-) TimerEvent: {}
[79.560718] (-) TimerEvent: {}
[79.661254] (-) TimerEvent: {}
[79.762291] (-) TimerEvent: {}
[79.862858] (-) TimerEvent: {}
[79.963899] (-) TimerEvent: {}
[80.065479] (-) TimerEvent: {}
[80.166268] (-) TimerEvent: {}
[80.267145] (-) TimerEvent: {}
[80.368659] (-) TimerEvent: {}
[80.469870] (-) TimerEvent: {}
[80.571663] (-) TimerEvent: {}
[80.672494] (-) TimerEvent: {}
[80.773654] (-) TimerEvent: {}
[80.874388] (-) TimerEvent: {}
[80.976078] (-) TimerEvent: {}
[81.077243] (-) TimerEvent: {}
[81.178545] (-) TimerEvent: {}
[81.279145] (-) TimerEvent: {}
[81.379930] (-) TimerEvent: {}
[81.480681] (-) TimerEvent: {}
[81.581949] (-) TimerEvent: {}
[81.684215] (-) TimerEvent: {}
[81.786062] (-) TimerEvent: {}
[81.887316] (-) TimerEvent: {}
[81.988596] (-) TimerEvent: {}
[82.089194] (-) TimerEvent: {}
[82.190326] (-) TimerEvent: {}
[82.291600] (-) TimerEvent: {}
[82.392208] (-) TimerEvent: {}
[82.493015] (-) TimerEvent: {}
[82.593808] (-) TimerEvent: {}
[82.694799] (-) TimerEvent: {}
[82.795804] (-) TimerEvent: {}
[82.797641] (mynav) StderrLine: {'line': b'\x1b[01m\x1b[K/home/hh/turtle_nav_ws/src/mynav/src/main.cpp:\x1b[m\x1b[K In member function \xe2\x80\x98\x1b[01m\x1b[Kvoid mynav::CleanNode::feedback_callback(rclcpp_action::ClientGoalHandle<nav2_msgs::action::NavigateToPose>::SharedPtr, std::shared_ptr<const nav2_msgs::action::NavigateToPose_Feedback_<std::allocator<void> > >)\x1b[m\x1b[K\xe2\x80\x99:\n'}
[82.798405] (mynav) StderrLine: {'line': b'\x1b[01m\x1b[K/home/hh/turtle_nav_ws/src/mynav/src/main.cpp:122:53:\x1b[m\x1b[K \x1b[01;35m\x1b[Kwarning: \x1b[m\x1b[Kunused parameter \xe2\x80\x98\x1b[01m\x1b[Kfeedback\x1b[m\x1b[K\xe2\x80\x99 [\x1b[01;35m\x1b[K-Wunused-parameter\x1b[m\x1b[K]\n'}
[82.799593] (mynav) StderrLine: {'line': b'  122 |     \x1b[01;35m\x1b[Kconst std::shared_ptr<const Action_T::Feedback> feedback\x1b[m\x1b[K)\n'}
[82.800039] (mynav) StderrLine: {'line': b'      |     \x1b[01;35m\x1b[K~~~~~~~~~~~~~~~~~~~~~~~~~~~~~~~~~~~~~~~~~~~~~~~~^~~~~~~~\x1b[m\x1b[K\n'}
[82.895908] (-) TimerEvent: {}
[82.996749] (-) TimerEvent: {}
[83.098299] (-) TimerEvent: {}
[83.199507] (-) TimerEvent: {}
[83.300578] (-) TimerEvent: {}
[83.401296] (-) TimerEvent: {}
[83.501800] (-) TimerEvent: {}
[83.602577] (-) TimerEvent: {}
[83.703309] (-) TimerEvent: {}
[83.804175] (-) TimerEvent: {}
[83.905107] (-) TimerEvent: {}
[84.007173] (-) TimerEvent: {}
[84.108088] (-) TimerEvent: {}
[84.209027] (-) TimerEvent: {}
[84.309692] (-) TimerEvent: {}
[84.411077] (-) TimerEvent: {}
[84.512857] (-) TimerEvent: {}
[84.614526] (-) TimerEvent: {}
[84.715756] (-) TimerEvent: {}
[84.818135] (-) TimerEvent: {}
[84.919708] (-) TimerEvent: {}
[85.020280] (-) TimerEvent: {}
[85.122858] (-) TimerEvent: {}
[85.223983] (-) TimerEvent: {}
[85.325417] (-) TimerEvent: {}
[85.426861] (-) TimerEvent: {}
[85.527725] (-) TimerEvent: {}
[85.628972] (-) TimerEvent: {}
[85.730159] (-) TimerEvent: {}
[85.830972] (-) TimerEvent: {}
[85.931699] (-) TimerEvent: {}
[86.032472] (-) TimerEvent: {}
[86.133658] (-) TimerEvent: {}
[86.234332] (-) TimerEvent: {}
[86.335222] (-) TimerEvent: {}
[86.436021] (-) TimerEvent: {}
[86.536595] (-) TimerEvent: {}
[86.638896] (-) TimerEvent: {}
[86.739996] (-) TimerEvent: {}
[86.841761] (-) TimerEvent: {}
[86.943215] (-) TimerEvent: {}
[87.044352] (-) TimerEvent: {}
[87.145571] (-) TimerEvent: {}
[87.246675] (-) TimerEvent: {}
[87.351100] (-) TimerEvent: {}
[87.452467] (-) TimerEvent: {}
[87.555618] (-) TimerEvent: {}
[87.656316] (-) TimerEvent: {}
[87.759004] (-) TimerEvent: {}
[87.860428] (-) TimerEvent: {}
[87.961303] (-) TimerEvent: {}
[88.062440] (-) TimerEvent: {}
[88.163157] (-) TimerEvent: {}
[88.263900] (-) TimerEvent: {}
[88.365382] (-) TimerEvent: {}
[88.466048] (-) TimerEvent: {}
[88.566570] (-) TimerEvent: {}
[88.667324] (-) TimerEvent: {}
[88.768403] (-) TimerEvent: {}
[88.869365] (-) TimerEvent: {}
[88.970117] (-) TimerEvent: {}
[89.071174] (-) TimerEvent: {}
[89.172522] (-) TimerEvent: {}
[89.273609] (-) TimerEvent: {}
[89.375087] (-) TimerEvent: {}
[89.477145] (-) TimerEvent: {}
[89.578033] (-) TimerEvent: {}
[89.678567] (-) TimerEvent: {}
[89.779240] (-) TimerEvent: {}
[89.880419] (-) TimerEvent: {}
[89.981131] (-) TimerEvent: {}
[90.084313] (-) TimerEvent: {}
[90.185510] (-) TimerEvent: {}
[90.286483] (-) TimerEvent: {}
[90.387489] (-) TimerEvent: {}
[90.489096] (-) TimerEvent: {}
[90.591163] (-) TimerEvent: {}
[90.694311] (-) TimerEvent: {}
[90.795224] (-) TimerEvent: {}
[90.896722] (-) TimerEvent: {}
[90.998541] (-) TimerEvent: {}
[91.099512] (-) TimerEvent: {}
[91.200444] (-) TimerEvent: {}
[91.301853] (-) TimerEvent: {}
[91.403693] (-) TimerEvent: {}
[91.504488] (-) TimerEvent: {}
[91.605425] (-) TimerEvent: {}
[91.706263] (-) TimerEvent: {}
[91.807688] (-) TimerEvent: {}
[91.908344] (-) TimerEvent: {}
[92.009508] (-) TimerEvent: {}
[92.111337] (-) TimerEvent: {}
[92.212252] (-) TimerEvent: {}
[92.313295] (-) TimerEvent: {}
[92.415259] (-) TimerEvent: {}
[92.516475] (-) TimerEvent: {}
[92.617488] (-) TimerEvent: {}
[92.719250] (-) TimerEvent: {}
[92.820190] (-) TimerEvent: {}
[92.925476] (-) TimerEvent: {}
[93.026320] (-) TimerEvent: {}
[93.127388] (-) TimerEvent: {}
[93.228211] (-) TimerEvent: {}
[93.329068] (-) TimerEvent: {}
[93.429953] (-) TimerEvent: {}
[93.530828] (-) TimerEvent: {}
[93.632021] (-) TimerEvent: {}
[93.733000] (-) TimerEvent: {}
[93.833803] (-) TimerEvent: {}
[93.934710] (-) TimerEvent: {}
[94.035337] (-) TimerEvent: {}
[94.135985] (-) TimerEvent: {}
[94.236552] (-) TimerEvent: {}
[94.338473] (-) TimerEvent: {}
[94.439429] (-) TimerEvent: {}
[94.541068] (-) TimerEvent: {}
[94.641966] (-) TimerEvent: {}
[94.743222] (-) TimerEvent: {}
[94.846750] (-) TimerEvent: {}
[94.947814] (-) TimerEvent: {}
[95.048580] (-) TimerEvent: {}
[95.149548] (-) TimerEvent: {}
[95.250461] (-) TimerEvent: {}
[95.354116] (-) TimerEvent: {}
[95.454932] (-) TimerEvent: {}
[95.555992] (-) TimerEvent: {}
[95.658045] (-) TimerEvent: {}
[95.759119] (-) TimerEvent: {}
[95.860914] (-) TimerEvent: {}
[95.962519] (-) TimerEvent: {}
[96.063496] (-) TimerEvent: {}
[96.164468] (-) TimerEvent: {}
[96.266265] (-) TimerEvent: {}
[96.367209] (-) TimerEvent: {}
[96.467701] (-) TimerEvent: {}
[96.568276] (-) TimerEvent: {}
[96.669037] (-) TimerEvent: {}
[96.769693] (-) TimerEvent: {}
[96.870258] (-) TimerEvent: {}
[96.971123] (-) TimerEvent: {}
[97.072356] (-) TimerEvent: {}
[97.174114] (-) TimerEvent: {}
[97.275398] (-) TimerEvent: {}
[97.376196] (-) TimerEvent: {}
[97.477866] (-) TimerEvent: {}
[97.579143] (-) TimerEvent: {}
[97.680729] (-) TimerEvent: {}
[97.781631] (-) TimerEvent: {}
[97.883535] (-) TimerEvent: {}
[97.984068] (-) TimerEvent: {}
[98.085612] (-) TimerEvent: {}
[98.186723] (-) TimerEvent: {}
[98.291513] (-) TimerEvent: {}
[98.392518] (-) TimerEvent: {}
[98.494303] (-) TimerEvent: {}
[98.595029] (-) TimerEvent: {}
[98.695705] (-) TimerEvent: {}
[98.796510] (-) TimerEvent: {}
[98.897708] (-) TimerEvent: {}
[98.998996] (-) TimerEvent: {}
[99.100503] (-) TimerEvent: {}
[99.202321] (-) TimerEvent: {}
[99.304274] (-) TimerEvent: {}
[99.405194] (-) TimerEvent: {}
[99.507153] (-) TimerEvent: {}
[99.608519] (-) TimerEvent: {}
[99.709499] (-) TimerEvent: {}
[99.810669] (-) TimerEvent: {}
[99.911848] (-) TimerEvent: {}
[100.013465] (-) TimerEvent: {}
[100.114227] (-) TimerEvent: {}
[100.216043] (-) TimerEvent: {}
[100.316931] (-) TimerEvent: {}
[100.418515] (-) TimerEvent: {}
[100.519272] (-) TimerEvent: {}
[100.619879] (-) TimerEvent: {}
[100.720712] (-) TimerEvent: {}
[100.821885] (-) TimerEvent: {}
[100.922757] (-) TimerEvent: {}
[101.023734] (-) TimerEvent: {}
[101.124439] (-) TimerEvent: {}
[101.225314] (-) TimerEvent: {}
[101.326277] (-) TimerEvent: {}
[101.427049] (-) TimerEvent: {}
[101.528695] (-) TimerEvent: {}
[101.630196] (-) TimerEvent: {}
[101.731294] (-) TimerEvent: {}
[101.833070] (-) TimerEvent: {}
[101.934200] (-) TimerEvent: {}
[102.036064] (-) TimerEvent: {}
[102.136762] (-) TimerEvent: {}
[102.237501] (-) TimerEvent: {}
[102.338352] (-) TimerEvent: {}
[102.441121] (-) TimerEvent: {}
[102.542191] (-) TimerEvent: {}
[102.644221] (-) TimerEvent: {}
[102.744975] (-) TimerEvent: {}
[102.847055] (-) TimerEvent: {}
[102.948379] (-) TimerEvent: {}
[103.049187] (-) TimerEvent: {}
[103.150421] (-) TimerEvent: {}
[103.252309] (-) TimerEvent: {}
[103.353373] (-) TimerEvent: {}
[103.454746] (-) TimerEvent: {}
[103.555483] (-) TimerEvent: {}
[103.656426] (-) TimerEvent: {}
[103.757181] (-) TimerEvent: {}
[103.858142] (-) TimerEvent: {}
[103.959099] (-) TimerEvent: {}
[104.060808] (-) TimerEvent: {}
[104.161672] (-) TimerEvent: {}
[104.262793] (-) TimerEvent: {}
[104.364536] (-) TimerEvent: {}
[104.465603] (-) TimerEvent: {}
[104.567208] (-) TimerEvent: {}
[104.667543] (-) TimerEvent: {}
[104.767855] (-) TimerEvent: {}
[104.868249] (-) TimerEvent: {}
[104.968585] (-) TimerEvent: {}
[105.068883] (-) TimerEvent: {}
[105.169191] (-) TimerEvent: {}
[105.269472] (-) TimerEvent: {}
[105.369744] (-) TimerEvent: {}
[105.470001] (-) TimerEvent: {}
[105.570314] (-) TimerEvent: {}
[105.670820] (-) TimerEvent: {}
[105.771418] (-) TimerEvent: {}
[105.871811] (-) TimerEvent: {}
[105.972130] (-) TimerEvent: {}
[106.072441] (-) TimerEvent: {}
[106.172771] (-) TimerEvent: {}
[106.273097] (-) TimerEvent: {}
[106.373431] (-) TimerEvent: {}
[106.473753] (-) TimerEvent: {}
[106.574011] (-) TimerEvent: {}
[106.674272] (-) TimerEvent: {}
[106.774566] (-) TimerEvent: {}
[106.874830] (-) TimerEvent: {}
[106.975137] (-) TimerEvent: {}
[107.075438] (-) TimerEvent: {}
[107.175785] (-) TimerEvent: {}
[107.276157] (-) TimerEvent: {}
[107.376580] (-) TimerEvent: {}
[107.476992] (-) TimerEvent: {}
[107.577305] (-) TimerEvent: {}
[107.677586] (-) TimerEvent: {}
[107.777939] (-) TimerEvent: {}
[107.878221] (-) TimerEvent: {}
[107.978567] (-) TimerEvent: {}
[108.078929] (-) TimerEvent: {}
[108.163155] (mynav) StdoutLine: {'line': b'[ 71%] \x1b[32m\x1b[1mLinking CXX shared library libtest_client.so\x1b[0m\n'}
[108.179040] (-) TimerEvent: {}
[108.279366] (-) TimerEvent: {}
[108.379782] (-) TimerEvent: {}
[108.474762] (mynav) StdoutLine: {'line': b'[ 71%] Built target test_client\n'}
[108.479927] (-) TimerEvent: {}
[108.489278] (mynav) StdoutLine: {'line': b'\x1b[35m\x1b[1mScanning dependencies of target nav_client\x1b[0m\n'}
[108.535698] (mynav) StdoutLine: {'line': b'[ 85%] \x1b[32mBuilding CXX object CMakeFiles/nav_client.dir/rclcpp_components/node_main_nav_client.cpp.o\x1b[0m\n'}
[108.580025] (-) TimerEvent: {}
[108.680321] (-) TimerEvent: {}
[108.780648] (-) TimerEvent: {}
[108.880955] (-) TimerEvent: {}
[108.981278] (-) TimerEvent: {}
[109.081577] (-) TimerEvent: {}
[109.181863] (-) TimerEvent: {}
[109.282151] (-) TimerEvent: {}
[109.382449] (-) TimerEvent: {}
[109.482909] (-) TimerEvent: {}
[109.583333] (-) TimerEvent: {}
[109.683626] (-) TimerEvent: {}
[109.783914] (-) TimerEvent: {}
[109.884214] (-) TimerEvent: {}
[109.984558] (-) TimerEvent: {}
[110.084852] (-) TimerEvent: {}
[110.185145] (-) TimerEvent: {}
[110.285466] (-) TimerEvent: {}
[110.385772] (-) TimerEvent: {}
[110.486079] (-) TimerEvent: {}
[110.586464] (-) TimerEvent: {}
[110.686933] (-) TimerEvent: {}
[110.787227] (-) TimerEvent: {}
[110.887525] (-) TimerEvent: {}
[110.987830] (-) TimerEvent: {}
[111.088114] (-) TimerEvent: {}
[111.188399] (-) TimerEvent: {}
[111.288736] (-) TimerEvent: {}
[111.389068] (-) TimerEvent: {}
[111.489372] (-) TimerEvent: {}
[111.589659] (-) TimerEvent: {}
[111.690011] (-) TimerEvent: {}
[111.790589] (-) TimerEvent: {}
[111.890884] (-) TimerEvent: {}
[111.991154] (-) TimerEvent: {}
[112.091430] (-) TimerEvent: {}
[112.191722] (-) TimerEvent: {}
[112.291994] (-) TimerEvent: {}
[112.392290] (-) TimerEvent: {}
[112.492579] (-) TimerEvent: {}
[112.592867] (-) TimerEvent: {}
[112.693143] (-) TimerEvent: {}
[112.793427] (-) TimerEvent: {}
[112.893735] (-) TimerEvent: {}
[112.935138] (mynav) StdoutLine: {'line': b'[100%] \x1b[32m\x1b[1mLinking CXX executable nav_client\x1b[0m\n'}
[112.993874] (-) TimerEvent: {}
[113.094171] (-) TimerEvent: {}
[113.121392] (mynav) StdoutLine: {'line': b'[100%] Built target nav_client\n'}
[113.136902] (mynav) CommandEnded: {'returncode': 0}
[113.177978] (mynav) JobProgress: {'identifier': 'mynav', 'progress': 'install'}
[113.190819] (mynav) Command: {'cmd': ['/usr/bin/cmake', '--install', '/home/hh/turtle_nav_ws/src/mynav/build/mynav'], 'cwd': '/home/hh/turtle_nav_ws/src/mynav/build/mynav', 'env': OrderedDict([('GJS_DEBUG_TOPICS', 'JS ERROR;JS LOG'), ('LESSOPEN', '| /usr/bin/lesspipe %s'), ('LANGUAGE', 'zh_CN:en_US:en'), ('USER', 'hh'), ('LC_TIME', 'zh_CN.UTF-8'), ('SSH_AGENT_PID', '2648'), ('XDG_SESSION_TYPE', 'x11'), ('GIT_ASKPASS', '/usr/share/code/resources/app/extensions/git/dist/askpass.sh'), ('SHLVL', '0'), ('LD_LIBRARY_PATH', '/usr/lib/x86_64-linux-gnu/gazebo-11/plugins:/opt/ros/foxy/opt/yaml_cpp_vendor/lib:/opt/ros/foxy/opt/rviz_ogre_vendor/lib:/opt/ros/foxy/lib/x86_64-linux-gnu:/opt/ros/foxy/lib'), ('QT4_IM_MODULE', 'fcitx'), ('HOME', '/home/hh'), ('CHROME_DESKTOP', 'code-url-handler.desktop'), ('TERM_PROGRAM_VERSION', '1.63.2'), ('DESKTOP_SESSION', 'ubuntu'), ('GIO_LAUNCHED_DESKTOP_FILE', '/usr/share/applications/code.desktop'), ('ROS_PYTHON_VERSION', '3'), ('GNOME_SHELL_SESSION_MODE', 'ubuntu'), ('GTK_MODULES', 'gail:atk-bridge'), ('VSCODE_GIT_ASKPASS_MAIN', '/usr/share/code/resources/app/extensions/git/dist/askpass-main.js'), ('LC_MONETARY', 'zh_CN.UTF-8'), ('VSCODE_GIT_ASKPASS_NODE', '/usr/share/code/code'), ('MANAGERPID', '2450'), ('DBUS_SESSION_BUS_ADDRESS', 'unix:path=/run/user/1000/bus'), ('COLORTERM', 'truecolor'), ('GIO_LAUNCHED_DESKTOP_FILE_PID', '48012'), ('IM_CONFIG_PHASE', '1'), ('ROS_DISTRO', 'foxy'), ('GTK_IM_MODULE', 'fcitx'), ('LOGNAME', 'hh'), ('_', '/usr/bin/colcon'), ('JOURNAL_STREAM', '8:47689'), ('ROS_VERSION', '2'), ('XDG_SESSION_CLASS', 'user'), ('USERNAME', 'hh'), ('TERM', 'xterm-256color'), ('GNOME_DESKTOP_SESSION_ID', 'this-is-deprecated'), ('ROS_LOCALHOST_ONLY', '0'), ('WINDOWPATH', '2'), ('PATH', '/opt/ros/foxy/bin:/usr/local/sbin:/usr/local/bin:/usr/sbin:/usr/bin:/sbin:/bin:/usr/games:/usr/local/games:/snap/bin'), ('SESSION_MANAGER', 'local/zw:@/tmp/.ICE-unix/2697,unix/zw:/tmp/.ICE-unix/2697'), ('INVOCATION_ID', 'c3836626cf7c4f49a7eaba5550b443c0'), ('PAPERSIZE', 'a4'), ('XDG_MENU_PREFIX', 'gnome-'), ('LC_ADDRESS', 'zh_CN.UTF-8'), ('XDG_RUNTIME_DIR', '/run/user/1000'), ('GDK_BACKEND', 'x11'), ('DISPLAY', ':0'), ('LANG', 'zh_CN.UTF-8'), ('XDG_CURRENT_DESKTOP', 'Unity'), ('LC_TELEPHONE', 'zh_CN.UTF-8'), ('XMODIFIERS', '@im=fcitx'), ('XDG_SESSION_DESKTOP', 'ubuntu'), ('XAUTHORITY', '/run/user/1000/gdm/Xauthority'), ('VSCODE_GIT_IPC_HANDLE', '/run/user/1000/vscode-git-01bec29237.sock'), ('TERM_PROGRAM', 'vscode'), ('SSH_AUTH_SOCK', '/run/user/1000/keyring/ssh'), ('ROS_DOMAIN_ID', '30'), ('AMENT_PREFIX_PATH', '/opt/ros/foxy'), ('ORIGINAL_XDG_CURRENT_DESKTOP', 'ubuntu:GNOME'), ('SHELL', '/bin/bash'), ('LC_NAME', 'zh_CN.UTF-8'), ('QT_ACCESSIBILITY', '1'), ('GDMSESSION', 'ubuntu'), ('LESSCLOSE', '/usr/bin/lesspipe %s %s'), ('LC_MEASUREMENT', 'zh_CN.UTF-8'), ('GPG_AGENT_INFO', '/run/user/1000/gnupg/S.gpg-agent:0:1'), ('GJS_DEBUG_OUTPUT', 'stderr'), ('LC_IDENTIFICATION', 'zh_CN.UTF-8'), ('VSCODE_GIT_ASKPASS_EXTRA_ARGS', '--ms-enable-electron-run-as-node'), ('QT_IM_MODULE', 'fcitx'), ('PWD', '/home/hh/turtle_nav_ws/src/mynav/build/mynav'), ('TURTLEBOT3_MODEL', 'burger'), ('LC_ALL', 'en_US.UTF-8'), ('XDG_CONFIG_DIRS', '/etc/xdg/xdg-ubuntu:/etc/xdg'), ('CLUTTER_IM_MODULE', 'fcitx'), ('XDG_DATA_DIRS', '/usr/share/ubuntu:/usr/local/share/:/usr/share/:/var/lib/snapd/desktop'), ('PYTHONPATH', '/opt/ros/foxy/lib/python3.8/site-packages'), ('LC_NUMERIC', 'zh_CN.UTF-8'), ('BREAKPAD_DUMP_LOCATION', '/home/hh/.config/Code/exthost Crash Reports'), ('LC_PAPER', 'zh_CN.UTF-8'), ('COLCON', '1'), ('CMAKE_PREFIX_PATH', '/opt/ros/foxy')]), 'shell': False}
[113.194622] (-) TimerEvent: {}
[113.204736] (mynav) StdoutLine: {'line': b'-- Install configuration: "RelWithDebInfo"\n'}
[113.205227] (mynav) StdoutLine: {'line': b'-- Installing: /home/hh/turtle_nav_ws/src/mynav/install/lib/mynav/nav_client\n'}
[113.240668] (mynav) StdoutLine: {'line': b'-- Set runtime path of "/home/hh/turtle_nav_ws/src/mynav/install/lib/mynav/nav_client" to ""\n'}
[113.240880] (mynav) StdoutLine: {'line': b'-- Installing: /home/hh/turtle_nav_ws/src/mynav/install/lib/mynav/clean_node\n'}
[113.244571] (mynav) StdoutLine: {'line': b'-- Set runtime path of "/home/hh/turtle_nav_ws/src/mynav/install/lib/mynav/clean_node" to ""\n'}
[113.244814] (mynav) StdoutLine: {'line': b'-- Installing: /home/hh/turtle_nav_ws/src/mynav/install/lib/libtest_client.so\n'}
[113.262807] (mynav) StdoutLine: {'line': b'-- Set runtime path of "/home/hh/turtle_nav_ws/src/mynav/install/lib/libtest_client.so" to ""\n'}
[113.263320] (mynav) StdoutLine: {'line': b'-- Installing: /home/hh/turtle_nav_ws/src/mynav/install/share/ament_index/resource_index/package_run_dependencies/mynav\n'}
[113.263557] (mynav) StdoutLine: {'line': b'-- Installing: /home/hh/turtle_nav_ws/src/mynav/install/share/ament_index/resource_index/parent_prefix_path/mynav\n'}
[113.263778] (mynav) StdoutLine: {'line': b'-- Up-to-date: /home/hh/turtle_nav_ws/src/mynav/install/share/mynav/environment/ament_prefix_path.sh\n'}
[113.263995] (mynav) StdoutLine: {'line': b'-- Installing: /home/hh/turtle_nav_ws/src/mynav/install/share/mynav/environment/ament_prefix_path.dsv\n'}
[113.264153] (mynav) StdoutLine: {'line': b'-- Up-to-date: /home/hh/turtle_nav_ws/src/mynav/install/share/mynav/environment/path.sh\n'}
[113.264338] (mynav) StdoutLine: {'line': b'-- Installing: /home/hh/turtle_nav_ws/src/mynav/install/share/mynav/environment/path.dsv\n'}
[113.264517] (mynav) StdoutLine: {'line': b'-- Installing: /home/hh/turtle_nav_ws/src/mynav/install/share/mynav/local_setup.bash\n'}
[113.264674] (mynav) StdoutLine: {'line': b'-- Installing: /home/hh/turtle_nav_ws/src/mynav/install/share/mynav/local_setup.sh\n'}
[113.264849] (mynav) StdoutLine: {'line': b'-- Installing: /home/hh/turtle_nav_ws/src/mynav/install/share/mynav/local_setup.zsh\n'}
[113.265041] (mynav) StdoutLine: {'line': b'-- Installing: /home/hh/turtle_nav_ws/src/mynav/install/share/mynav/local_setup.dsv\n'}
[113.265255] (mynav) StdoutLine: {'line': b'-- Installing: /home/hh/turtle_nav_ws/src/mynav/install/share/mynav/package.dsv\n'}
[113.265527] (mynav) StdoutLine: {'line': b'-- Installing: /home/hh/turtle_nav_ws/src/mynav/install/share/ament_index/resource_index/packages/mynav\n'}
[113.287158] (mynav) StdoutLine: {'line': b'-- Installing: /home/hh/turtle_nav_ws/src/mynav/install/share/ament_index/resource_index/rclcpp_components/mynav\n'}
[113.287482] (mynav) StdoutLine: {'line': b'-- Installing: /home/hh/turtle_nav_ws/src/mynav/install/share/mynav/cmake/mynavConfig.cmake\n'}
[113.287736] (mynav) StdoutLine: {'line': b'-- Installing: /home/hh/turtle_nav_ws/src/mynav/install/share/mynav/cmake/mynavConfig-version.cmake\n'}
[113.287959] (mynav) StdoutLine: {'line': b'-- Up-to-date: /home/hh/turtle_nav_ws/src/mynav/install/share/mynav/package.xml\n'}
[113.290650] (mynav) CommandEnded: {'returncode': 0}
[113.294829] (-) TimerEvent: {}
[113.359988] (mynav) JobEnded: {'identifier': 'mynav', 'rc': 0}
[113.361275] (-) EventReactorShutdown: {}
