[0.000000] (-) TimerEvent: {}
[0.000393] (mynav) JobQueued: {'identifier': 'mynav', 'dependencies': OrderedDict()}
[0.000465] (mynav) JobStarted: {'identifier': 'mynav'}
[0.099157] (-) TimerEvent: {}
[0.118025] (mynav) JobProgress: {'identifier': 'mynav', 'progress': 'cmake'}
[0.118490] (mynav) Command: {'cmd': ['/usr/bin/cmake', '/home/hh/ros_ws/src/mynav', '-DCMAKE_BUILD_TYPE=RelWithDebInfo', '-Wall', '-Wextra', '-Wpedantic', '-DCMAKE_INSTALL_PREFIX=/home/hh/ros_ws/src/mynav/install'], 'cwd': '/home/hh/ros_ws/src/mynav/build/mynav', 'env': OrderedDict([('GJS_DEBUG_TOPICS', 'JS ERROR;JS LOG'), ('LESSOPEN', '| /usr/bin/lesspipe %s'), ('LANGUAGE', 'zh_CN:en_US:en'), ('USER', 'hh'), ('LC_TIME', 'zh_CN.UTF-8'), ('SSH_AGENT_PID', '1752'), ('XDG_SESSION_TYPE', 'x11'), ('GIT_ASKPASS', '/usr/share/code/resources/app/extensions/git/dist/askpass.sh'), ('SHLVL', '0'), ('LD_LIBRARY_PATH', '/usr/lib/x86_64-linux-gnu/gazebo-11/plugins:/opt/ros/foxy/opt/yaml_cpp_vendor/lib:/opt/ros/foxy/opt/rviz_ogre_vendor/lib:/opt/ros/foxy/lib/x86_64-linux-gnu:/opt/ros/foxy/lib'), ('HOME', '/home/hh'), ('CHROME_DESKTOP', 'code-url-handler.desktop'), ('TERM_PROGRAM_VERSION', '1.63.2'), ('DESKTOP_SESSION', 'ubuntu'), ('GIO_LAUNCHED_DESKTOP_FILE', '/usr/share/applications/code.desktop'), ('ROS_PYTHON_VERSION', '3'), ('GNOME_SHELL_SESSION_MODE', 'ubuntu'), ('GTK_MODULES', 'gail:atk-bridge'), ('VSCODE_GIT_ASKPASS_MAIN', '/usr/share/code/resources/app/extensions/git/dist/askpass-main.js'), ('LC_MONETARY', 'zh_CN.UTF-8'), ('VSCODE_GIT_ASKPASS_NODE', '/usr/share/code/code'), ('MANAGERPID', '1559'), ('DBUS_SESSION_BUS_ADDRESS', 'unix:path=/run/user/1000/bus'), ('COLORTERM', 'truecolor'), ('GIO_LAUNCHED_DESKTOP_FILE_PID', '11247'), ('IM_CONFIG_PHASE', '1'), ('ROS_DISTRO', 'foxy'), ('LOGNAME', 'hh'), ('_', '/usr/bin/colcon'), ('JOURNAL_STREAM', '8:50270'), ('ROS_VERSION', '2'), ('XDG_SESSION_CLASS', 'user'), ('USERNAME', 'hh'), ('TERM', 'xterm-256color'), ('GNOME_DESKTOP_SESSION_ID', 'this-is-deprecated'), ('ROS_LOCALHOST_ONLY', '0'), ('WINDOWPATH', '2'), ('PATH', '/opt/ros/foxy/bin:/usr/local/sbin:/usr/local/bin:/usr/sbin:/usr/bin:/sbin:/bin:/usr/games:/usr/local/games:/snap/bin'), ('SESSION_MANAGER', 'local/zw:@/tmp/.ICE-unix/1788,unix/zw:/tmp/.ICE-unix/1788'), ('INVOCATION_ID', '1d0374a117454090b70471a7f399798e'), ('PAPERSIZE', 'a4'), ('XDG_MENU_PREFIX', 'gnome-'), ('LC_ADDRESS', 'zh_CN.UTF-8'), ('XDG_RUNTIME_DIR', '/run/user/1000'), ('GDK_BACKEND', 'x11'), ('DISPLAY', ':0'), ('LANG', 'zh_CN.UTF-8'), ('XDG_CURRENT_DESKTOP', 'Unity'), ('LC_TELEPHONE', 'zh_CN.UTF-8'), ('XMODIFIERS', '@im=ibus'), ('XDG_SESSION_DESKTOP', 'ubuntu'), ('XAUTHORITY', '/run/user/1000/gdm/Xauthority'), ('VSCODE_GIT_IPC_HANDLE', '/run/user/1000/vscode-git-7c3ccf0b5f.sock'), ('TERM_PROGRAM', 'vscode'), ('SSH_AUTH_SOCK', '/run/user/1000/keyring/ssh'), ('ROS_DOMAIN_ID', '30'), ('AMENT_PREFIX_PATH', '/opt/ros/foxy'), ('ORIGINAL_XDG_CURRENT_DESKTOP', 'ubuntu:GNOME'), ('SHELL', '/bin/bash'), ('LC_NAME', 'zh_CN.UTF-8'), ('QT_ACCESSIBILITY', '1'), ('GDMSESSION', 'ubuntu'), ('LESSCLOSE', '/usr/bin/lesspipe %s %s'), ('LC_MEASUREMENT', 'zh_CN.UTF-8'), ('GPG_AGENT_INFO', '/run/user/1000/gnupg/S.gpg-agent:0:1'), ('GJS_DEBUG_OUTPUT', 'stderr'), ('LC_IDENTIFICATION', 'zh_CN.UTF-8'), ('VSCODE_GIT_ASKPASS_EXTRA_ARGS', '--ms-enable-electron-run-as-node'), ('QT_IM_MODULE', 'ibus'), ('PWD', '/home/hh/ros_ws/src/mynav/build/mynav'), ('TURTLEBOT3_MODEL', 'burger'), ('LC_ALL', 'en_US.UTF-8'), ('XDG_CONFIG_DIRS', '/etc/xdg/xdg-ubuntu:/etc/xdg'), ('XDG_DATA_DIRS', '/usr/share/ubuntu:/usr/local/share/:/usr/share/:/var/lib/snapd/desktop:/opt/apps/com.qquwp.im.gtj/entries:/opt/apps/com.qquwp.im.gtj/entries'), ('PYTHONPATH', '/opt/ros/foxy/lib/python3.8/site-packages'), ('LC_NUMERIC', 'zh_CN.UTF-8'), ('BREAKPAD_DUMP_LOCATION', '/home/hh/.config/Code/exthost Crash Reports'), ('LC_PAPER', 'zh_CN.UTF-8'), ('COLCON', '1'), ('CMAKE_PREFIX_PATH', '/opt/ros/foxy')]), 'shell': False}
[0.199589] (-) TimerEvent: {}
[0.300855] (-) TimerEvent: {}
[0.401258] (-) TimerEvent: {}
[0.501858] (-) TimerEvent: {}
[0.602230] (-) TimerEvent: {}
[0.702909] (-) TimerEvent: {}
[0.803498] (-) TimerEvent: {}
[0.904190] (-) TimerEvent: {}
[1.004925] (-) TimerEvent: {}
[1.084041] (mynav) StdoutLine: {'line': b'-- The C compiler identification is GNU 9.3.0\n'}
[1.104987] (-) TimerEvent: {}
[1.169369] (mynav) StdoutLine: {'line': b'-- The CXX compiler identification is GNU 9.3.0\n'}
[1.200079] (mynav) StdoutLine: {'line': b'-- Check for working C compiler: /usr/bin/cc\n'}
[1.205091] (-) TimerEvent: {}
[1.305402] (-) TimerEvent: {}
[1.325107] (mynav) StdoutLine: {'line': b'-- Check for working C compiler: /usr/bin/cc -- works\n'}
[1.326761] (mynav) StdoutLine: {'line': b'-- Detecting C compiler ABI info\n'}
[1.402159] (mynav) StdoutLine: {'line': b'-- Detecting C compiler ABI info - done\n'}
[1.405458] (-) TimerEvent: {}
[1.416604] (mynav) StdoutLine: {'line': b'-- Detecting C compile features\n'}
[1.417351] (mynav) StdoutLine: {'line': b'-- Detecting C compile features - done\n'}
[1.421355] (mynav) StdoutLine: {'line': b'-- Check for working CXX compiler: /usr/bin/c++\n'}
[1.505573] (-) TimerEvent: {}
[1.508740] (mynav) StdoutLine: {'line': b'-- Check for working CXX compiler: /usr/bin/c++ -- works\n'}
[1.510034] (mynav) StdoutLine: {'line': b'-- Detecting CXX compiler ABI info\n'}
[1.605675] (-) TimerEvent: {}
[1.616061] (mynav) StdoutLine: {'line': b'-- Detecting CXX compiler ABI info - done\n'}
[1.644931] (mynav) StdoutLine: {'line': b'-- Detecting CXX compile features\n'}
[1.645750] (mynav) StdoutLine: {'line': b'-- Detecting CXX compile features - done\n'}
[1.663274] (mynav) StdoutLine: {'line': b'-- Found ament_cmake: 0.9.9 (/opt/ros/foxy/share/ament_cmake/cmake)\n'}
[1.705783] (-) TimerEvent: {}
[1.751706] (mynav) StdoutLine: {'line': b'-- Found PythonInterp: /usr/bin/python3 (found suitable version "3.8.10", minimum required is "3") \n'}
[1.751936] (mynav) StdoutLine: {'line': b'-- Using PYTHON_EXECUTABLE: /usr/bin/python3\n'}
[1.805926] (-) TimerEvent: {}
[1.906383] (-) TimerEvent: {}
[2.006648] (-) TimerEvent: {}
[2.107006] (-) TimerEvent: {}
[2.207355] (-) TimerEvent: {}
[2.307776] (-) TimerEvent: {}
[2.360504] (mynav) StdoutLine: {'line': b'-- Found nav2_msgs: 0.4.7 (/opt/ros/foxy/share/nav2_msgs/cmake)\n'}
[2.407969] (-) TimerEvent: {}
[2.508651] (-) TimerEvent: {}
[2.521219] (mynav) StdoutLine: {'line': b'-- Using all available rosidl_typesupport_c: rosidl_typesupport_fastrtps_c;rosidl_typesupport_introspection_c\n'}
[2.569864] (mynav) StdoutLine: {'line': b'-- Found rosidl_adapter: 1.2.1 (/opt/ros/foxy/share/rosidl_adapter/cmake)\n'}
[2.608762] (-) TimerEvent: {}
[2.709078] (-) TimerEvent: {}
[2.809465] (-) TimerEvent: {}
[2.901497] (mynav) StdoutLine: {'line': b'-- Found OpenSSL: /usr/lib/x86_64-linux-gnu/libcrypto.so (found version "1.1.1f")  \n'}
[2.909545] (-) TimerEvent: {}
[2.942190] (mynav) StdoutLine: {'line': b'-- Found FastRTPS: /opt/ros/foxy/include  \n'}
[3.009650] (-) TimerEvent: {}
[3.076464] (mynav) StdoutLine: {'line': b'-- Using all available rosidl_typesupport_cpp: rosidl_typesupport_fastrtps_cpp;rosidl_typesupport_introspection_cpp\n'}
[3.109754] (-) TimerEvent: {}
[3.210078] (-) TimerEvent: {}
[3.310452] (-) TimerEvent: {}
[3.410777] (-) TimerEvent: {}
[3.511169] (-) TimerEvent: {}
[3.611479] (-) TimerEvent: {}
[3.711771] (-) TimerEvent: {}
[3.812078] (-) TimerEvent: {}
[3.857653] (mynav) StdoutLine: {'line': b'-- Found rclcpp: 2.4.0 (/opt/ros/foxy/share/rclcpp/cmake)\n'}
[3.912316] (-) TimerEvent: {}
[4.012957] (-) TimerEvent: {}
[4.062030] (mynav) StdoutLine: {'line': b'-- Found rmw_implementation_cmake: 1.0.3 (/opt/ros/foxy/share/rmw_implementation_cmake/cmake)\n'}
[4.066481] (mynav) StdoutLine: {'line': b"-- Using RMW implementation 'rmw_fastrtps_cpp' as default\n"}
[4.068797] (mynav) StdoutLine: {'line': b'-- Looking for pthread.h\n'}
[4.113057] (-) TimerEvent: {}
[4.155392] (mynav) StdoutLine: {'line': b'-- Looking for pthread.h - found\n'}
[4.155621] (mynav) StdoutLine: {'line': b'-- Performing Test CMAKE_HAVE_LIBC_PTHREAD\n'}
[4.213153] (-) TimerEvent: {}
[4.238565] (mynav) StdoutLine: {'line': b'-- Performing Test CMAKE_HAVE_LIBC_PTHREAD - Failed\n'}
[4.238790] (mynav) StdoutLine: {'line': b'-- Looking for pthread_create in pthreads\n'}
[4.303353] (mynav) StdoutLine: {'line': b'-- Looking for pthread_create in pthreads - not found\n'}
[4.303585] (mynav) StdoutLine: {'line': b'-- Looking for pthread_create in pthread\n'}
[4.313269] (-) TimerEvent: {}
[4.383742] (mynav) StdoutLine: {'line': b'-- Looking for pthread_create in pthread - found\n'}
[4.385113] (mynav) StdoutLine: {'line': b'-- Found Threads: TRUE  \n'}
[4.413375] (-) TimerEvent: {}
[4.513673] (-) TimerEvent: {}
[4.614182] (-) TimerEvent: {}
[4.709651] (mynav) StdoutLine: {'line': b'-- Found rclcpp_action: 2.4.0 (/opt/ros/foxy/share/rclcpp_action/cmake)\n'}
[4.714290] (-) TimerEvent: {}
[4.814636] (-) TimerEvent: {}
[4.821307] (mynav) StdoutLine: {'line': b'-- Found rclcpp_components: 2.4.0 (/opt/ros/foxy/share/rclcpp_components/cmake)\n'}
[4.914747] (-) TimerEvent: {}
[4.983848] (mynav) StdoutLine: {'line': b'-- Found ament_lint_auto: 0.9.6 (/opt/ros/foxy/share/ament_lint_auto/cmake)\n'}
[5.014884] (-) TimerEvent: {}
[5.115167] (-) TimerEvent: {}
[5.187076] (mynav) StdoutLine: {'line': b"-- Added test 'copyright' to check source files copyright and LICENSE\n"}
[5.200214] (mynav) StdoutLine: {'line': b"-- Added test 'cppcheck' to perform static code analysis on C / C++ code\n"}
[5.200598] (mynav) StdoutLine: {'line': b'-- Configured cppcheck include dirs: \n'}
[5.200804] (mynav) StdoutLine: {'line': b'-- Configured cppcheck exclude dirs and/or files: \n'}
[5.211580] (mynav) StdoutLine: {'line': b"-- Added test 'cpplint' to check C / C++ code against the Google style\n"}
[5.211796] (mynav) StdoutLine: {'line': b'-- Configured cpplint exclude dirs and/or files: \n'}
[5.215266] (-) TimerEvent: {}
[5.216917] (mynav) StdoutLine: {'line': b"-- Added test 'lint_cmake' to check CMake code style\n"}
[5.230211] (mynav) StdoutLine: {'line': b"-- Added test 'uncrustify' to check C / C++ code style\n"}
[5.230553] (mynav) StdoutLine: {'line': b'-- Configured uncrustify additional arguments: \n'}
[5.232783] (mynav) StdoutLine: {'line': b"-- Added test 'xmllint' to check XML markup files\n"}
[5.239369] (mynav) StdoutLine: {'line': b'-- Configuring done\n'}
[5.256220] (mynav) StdoutLine: {'line': b'-- Generating done\n'}
[5.258722] (mynav) StdoutLine: {'line': b'-- Build files have been written to: /home/hh/ros_ws/src/mynav/build/mynav\n'}
[5.269851] (mynav) CommandEnded: {'returncode': 0}
[5.271060] (mynav) JobProgress: {'identifier': 'mynav', 'progress': 'build'}
[5.273793] (mynav) Command: {'cmd': ['/usr/bin/cmake', '--build', '/home/hh/ros_ws/src/mynav/build/mynav', '--', '-j8', '-l8'], 'cwd': '/home/hh/ros_ws/src/mynav/build/mynav', 'env': OrderedDict([('GJS_DEBUG_TOPICS', 'JS ERROR;JS LOG'), ('LESSOPEN', '| /usr/bin/lesspipe %s'), ('LANGUAGE', 'zh_CN:en_US:en'), ('USER', 'hh'), ('LC_TIME', 'zh_CN.UTF-8'), ('SSH_AGENT_PID', '1752'), ('XDG_SESSION_TYPE', 'x11'), ('GIT_ASKPASS', '/usr/share/code/resources/app/extensions/git/dist/askpass.sh'), ('SHLVL', '0'), ('LD_LIBRARY_PATH', '/usr/lib/x86_64-linux-gnu/gazebo-11/plugins:/opt/ros/foxy/opt/yaml_cpp_vendor/lib:/opt/ros/foxy/opt/rviz_ogre_vendor/lib:/opt/ros/foxy/lib/x86_64-linux-gnu:/opt/ros/foxy/lib'), ('HOME', '/home/hh'), ('CHROME_DESKTOP', 'code-url-handler.desktop'), ('TERM_PROGRAM_VERSION', '1.63.2'), ('DESKTOP_SESSION', 'ubuntu'), ('GIO_LAUNCHED_DESKTOP_FILE', '/usr/share/applications/code.desktop'), ('ROS_PYTHON_VERSION', '3'), ('GNOME_SHELL_SESSION_MODE', 'ubuntu'), ('GTK_MODULES', 'gail:atk-bridge'), ('VSCODE_GIT_ASKPASS_MAIN', '/usr/share/code/resources/app/extensions/git/dist/askpass-main.js'), ('LC_MONETARY', 'zh_CN.UTF-8'), ('VSCODE_GIT_ASKPASS_NODE', '/usr/share/code/code'), ('MANAGERPID', '1559'), ('DBUS_SESSION_BUS_ADDRESS', 'unix:path=/run/user/1000/bus'), ('COLORTERM', 'truecolor'), ('GIO_LAUNCHED_DESKTOP_FILE_PID', '11247'), ('IM_CONFIG_PHASE', '1'), ('ROS_DISTRO', 'foxy'), ('LOGNAME', 'hh'), ('_', '/usr/bin/colcon'), ('JOURNAL_STREAM', '8:50270'), ('ROS_VERSION', '2'), ('XDG_SESSION_CLASS', 'user'), ('USERNAME', 'hh'), ('TERM', 'xterm-256color'), ('GNOME_DESKTOP_SESSION_ID', 'this-is-deprecated'), ('ROS_LOCALHOST_ONLY', '0'), ('WINDOWPATH', '2'), ('PATH', '/opt/ros/foxy/bin:/usr/local/sbin:/usr/local/bin:/usr/sbin:/usr/bin:/sbin:/bin:/usr/games:/usr/local/games:/snap/bin'), ('SESSION_MANAGER', 'local/zw:@/tmp/.ICE-unix/1788,unix/zw:/tmp/.ICE-unix/1788'), ('INVOCATION_ID', '1d0374a117454090b70471a7f399798e'), ('PAPERSIZE', 'a4'), ('XDG_MENU_PREFIX', 'gnome-'), ('LC_ADDRESS', 'zh_CN.UTF-8'), ('XDG_RUNTIME_DIR', '/run/user/1000'), ('GDK_BACKEND', 'x11'), ('DISPLAY', ':0'), ('LANG', 'zh_CN.UTF-8'), ('XDG_CURRENT_DESKTOP', 'Unity'), ('LC_TELEPHONE', 'zh_CN.UTF-8'), ('XMODIFIERS', '@im=ibus'), ('XDG_SESSION_DESKTOP', 'ubuntu'), ('XAUTHORITY', '/run/user/1000/gdm/Xauthority'), ('VSCODE_GIT_IPC_HANDLE', '/run/user/1000/vscode-git-7c3ccf0b5f.sock'), ('TERM_PROGRAM', 'vscode'), ('SSH_AUTH_SOCK', '/run/user/1000/keyring/ssh'), ('ROS_DOMAIN_ID', '30'), ('AMENT_PREFIX_PATH', '/opt/ros/foxy'), ('ORIGINAL_XDG_CURRENT_DESKTOP', 'ubuntu:GNOME'), ('SHELL', '/bin/bash'), ('LC_NAME', 'zh_CN.UTF-8'), ('QT_ACCESSIBILITY', '1'), ('GDMSESSION', 'ubuntu'), ('LESSCLOSE', '/usr/bin/lesspipe %s %s'), ('LC_MEASUREMENT', 'zh_CN.UTF-8'), ('GPG_AGENT_INFO', '/run/user/1000/gnupg/S.gpg-agent:0:1'), ('GJS_DEBUG_OUTPUT', 'stderr'), ('LC_IDENTIFICATION', 'zh_CN.UTF-8'), ('VSCODE_GIT_ASKPASS_EXTRA_ARGS', '--ms-enable-electron-run-as-node'), ('QT_IM_MODULE', 'ibus'), ('PWD', '/home/hh/ros_ws/src/mynav/build/mynav'), ('TURTLEBOT3_MODEL', 'burger'), ('LC_ALL', 'en_US.UTF-8'), ('XDG_CONFIG_DIRS', '/etc/xdg/xdg-ubuntu:/etc/xdg'), ('XDG_DATA_DIRS', '/usr/share/ubuntu:/usr/local/share/:/usr/share/:/var/lib/snapd/desktop:/opt/apps/com.qquwp.im.gtj/entries:/opt/apps/com.qquwp.im.gtj/entries'), ('PYTHONPATH', '/opt/ros/foxy/lib/python3.8/site-packages'), ('LC_NUMERIC', 'zh_CN.UTF-8'), ('BREAKPAD_DUMP_LOCATION', '/home/hh/.config/Code/exthost Crash Reports'), ('LC_PAPER', 'zh_CN.UTF-8'), ('COLCON', '1'), ('CMAKE_PREFIX_PATH', '/opt/ros/foxy')]), 'shell': False}
[5.315400] (-) TimerEvent: {}
[5.334294] (mynav) StdoutLine: {'line': b'\x1b[35m\x1b[1mScanning dependencies of target action_client\x1b[0m\n'}
[5.400821] (mynav) StdoutLine: {'line': b'[ 50%] \x1b[32mBuilding CXX object CMakeFiles/action_client.dir/src/nav_to_pose.cpp.o\x1b[0m\n'}
[5.415493] (-) TimerEvent: {}
[5.515771] (-) TimerEvent: {}
[5.616031] (-) TimerEvent: {}
[5.716300] (-) TimerEvent: {}
[5.816588] (-) TimerEvent: {}
[5.916889] (-) TimerEvent: {}
[6.017177] (-) TimerEvent: {}
[6.117444] (-) TimerEvent: {}
[6.217714] (-) TimerEvent: {}
[6.318015] (-) TimerEvent: {}
[6.418267] (-) TimerEvent: {}
[6.518537] (-) TimerEvent: {}
[6.618792] (-) TimerEvent: {}
[6.719058] (-) TimerEvent: {}
[6.819323] (-) TimerEvent: {}
[6.919573] (-) TimerEvent: {}
[7.019827] (-) TimerEvent: {}
[7.120152] (-) TimerEvent: {}
[7.220402] (-) TimerEvent: {}
[7.320683] (-) TimerEvent: {}
[7.420965] (-) TimerEvent: {}
[7.521243] (-) TimerEvent: {}
[7.621527] (-) TimerEvent: {}
[7.721789] (-) TimerEvent: {}
[7.822045] (-) TimerEvent: {}
[7.922316] (-) TimerEvent: {}
[8.022585] (-) TimerEvent: {}
[8.122872] (-) TimerEvent: {}
[8.223131] (-) TimerEvent: {}
[8.323389] (-) TimerEvent: {}
[8.423658] (-) TimerEvent: {}
[8.523939] (-) TimerEvent: {}
[8.624311] (-) TimerEvent: {}
[8.724641] (-) TimerEvent: {}
[8.824911] (-) TimerEvent: {}
[8.925155] (-) TimerEvent: {}
[9.025447] (-) TimerEvent: {}
[9.125710] (-) TimerEvent: {}
[9.226015] (-) TimerEvent: {}
[9.326323] (-) TimerEvent: {}
[9.426616] (-) TimerEvent: {}
[9.526939] (-) TimerEvent: {}
[9.627258] (-) TimerEvent: {}
[9.727554] (-) TimerEvent: {}
[9.827870] (-) TimerEvent: {}
[9.928311] (-) TimerEvent: {}
[10.028622] (-) TimerEvent: {}
[10.128966] (-) TimerEvent: {}
[10.229272] (-) TimerEvent: {}
[10.329562] (-) TimerEvent: {}
[10.429828] (-) TimerEvent: {}
[10.530098] (-) TimerEvent: {}
[10.630403] (-) TimerEvent: {}
[10.730689] (-) TimerEvent: {}
[10.830995] (-) TimerEvent: {}
[10.931279] (-) TimerEvent: {}
[11.031586] (-) TimerEvent: {}
[11.131920] (-) TimerEvent: {}
[11.232194] (-) TimerEvent: {}
[11.332478] (-) TimerEvent: {}
[11.432794] (-) TimerEvent: {}
[11.533128] (-) TimerEvent: {}
[11.633375] (-) TimerEvent: {}
[11.733627] (-) TimerEvent: {}
[11.833889] (-) TimerEvent: {}
[11.934145] (-) TimerEvent: {}
[12.034404] (-) TimerEvent: {}
[12.134682] (-) TimerEvent: {}
[12.235032] (-) TimerEvent: {}
[12.335356] (-) TimerEvent: {}
[12.404359] (mynav) StdoutLine: {'line': b'[100%] \x1b[32m\x1b[1mLinking CXX executable action_client\x1b[0m\n'}
[12.435546] (-) TimerEvent: {}
[12.536082] (-) TimerEvent: {}
[12.636631] (-) TimerEvent: {}
[12.737284] (-) TimerEvent: {}
[12.837837] (-) TimerEvent: {}
[12.938465] (-) TimerEvent: {}
[13.039082] (-) TimerEvent: {}
[13.139404] (-) TimerEvent: {}
[13.239910] (-) TimerEvent: {}
[13.340229] (-) TimerEvent: {}
[13.440785] (-) TimerEvent: {}
[13.523422] (mynav) StdoutLine: {'line': b'[100%] Built target action_client\n'}
[13.536121] (mynav) CommandEnded: {'returncode': 0}
[13.540906] (-) TimerEvent: {}
[13.561271] (mynav) JobProgress: {'identifier': 'mynav', 'progress': 'install'}
[13.573500] (mynav) Command: {'cmd': ['/usr/bin/cmake', '--install', '/home/hh/ros_ws/src/mynav/build/mynav'], 'cwd': '/home/hh/ros_ws/src/mynav/build/mynav', 'env': OrderedDict([('GJS_DEBUG_TOPICS', 'JS ERROR;JS LOG'), ('LESSOPEN', '| /usr/bin/lesspipe %s'), ('LANGUAGE', 'zh_CN:en_US:en'), ('USER', 'hh'), ('LC_TIME', 'zh_CN.UTF-8'), ('SSH_AGENT_PID', '1752'), ('XDG_SESSION_TYPE', 'x11'), ('GIT_ASKPASS', '/usr/share/code/resources/app/extensions/git/dist/askpass.sh'), ('SHLVL', '0'), ('LD_LIBRARY_PATH', '/usr/lib/x86_64-linux-gnu/gazebo-11/plugins:/opt/ros/foxy/opt/yaml_cpp_vendor/lib:/opt/ros/foxy/opt/rviz_ogre_vendor/lib:/opt/ros/foxy/lib/x86_64-linux-gnu:/opt/ros/foxy/lib'), ('HOME', '/home/hh'), ('CHROME_DESKTOP', 'code-url-handler.desktop'), ('TERM_PROGRAM_VERSION', '1.63.2'), ('DESKTOP_SESSION', 'ubuntu'), ('GIO_LAUNCHED_DESKTOP_FILE', '/usr/share/applications/code.desktop'), ('ROS_PYTHON_VERSION', '3'), ('GNOME_SHELL_SESSION_MODE', 'ubuntu'), ('GTK_MODULES', 'gail:atk-bridge'), ('VSCODE_GIT_ASKPASS_MAIN', '/usr/share/code/resources/app/extensions/git/dist/askpass-main.js'), ('LC_MONETARY', 'zh_CN.UTF-8'), ('VSCODE_GIT_ASKPASS_NODE', '/usr/share/code/code'), ('MANAGERPID', '1559'), ('DBUS_SESSION_BUS_ADDRESS', 'unix:path=/run/user/1000/bus'), ('COLORTERM', 'truecolor'), ('GIO_LAUNCHED_DESKTOP_FILE_PID', '11247'), ('IM_CONFIG_PHASE', '1'), ('ROS_DISTRO', 'foxy'), ('LOGNAME', 'hh'), ('_', '/usr/bin/colcon'), ('JOURNAL_STREAM', '8:50270'), ('ROS_VERSION', '2'), ('XDG_SESSION_CLASS', 'user'), ('USERNAME', 'hh'), ('TERM', 'xterm-256color'), ('GNOME_DESKTOP_SESSION_ID', 'this-is-deprecated'), ('ROS_LOCALHOST_ONLY', '0'), ('WINDOWPATH', '2'), ('PATH', '/opt/ros/foxy/bin:/usr/local/sbin:/usr/local/bin:/usr/sbin:/usr/bin:/sbin:/bin:/usr/games:/usr/local/games:/snap/bin'), ('SESSION_MANAGER', 'local/zw:@/tmp/.ICE-unix/1788,unix/zw:/tmp/.ICE-unix/1788'), ('INVOCATION_ID', '1d0374a117454090b70471a7f399798e'), ('PAPERSIZE', 'a4'), ('XDG_MENU_PREFIX', 'gnome-'), ('LC_ADDRESS', 'zh_CN.UTF-8'), ('XDG_RUNTIME_DIR', '/run/user/1000'), ('GDK_BACKEND', 'x11'), ('DISPLAY', ':0'), ('LANG', 'zh_CN.UTF-8'), ('XDG_CURRENT_DESKTOP', 'Unity'), ('LC_TELEPHONE', 'zh_CN.UTF-8'), ('XMODIFIERS', '@im=ibus'), ('XDG_SESSION_DESKTOP', 'ubuntu'), ('XAUTHORITY', '/run/user/1000/gdm/Xauthority'), ('VSCODE_GIT_IPC_HANDLE', '/run/user/1000/vscode-git-7c3ccf0b5f.sock'), ('TERM_PROGRAM', 'vscode'), ('SSH_AUTH_SOCK', '/run/user/1000/keyring/ssh'), ('ROS_DOMAIN_ID', '30'), ('AMENT_PREFIX_PATH', '/opt/ros/foxy'), ('ORIGINAL_XDG_CURRENT_DESKTOP', 'ubuntu:GNOME'), ('SHELL', '/bin/bash'), ('LC_NAME', 'zh_CN.UTF-8'), ('QT_ACCESSIBILITY', '1'), ('GDMSESSION', 'ubuntu'), ('LESSCLOSE', '/usr/bin/lesspipe %s %s'), ('LC_MEASUREMENT', 'zh_CN.UTF-8'), ('GPG_AGENT_INFO', '/run/user/1000/gnupg/S.gpg-agent:0:1'), ('GJS_DEBUG_OUTPUT', 'stderr'), ('LC_IDENTIFICATION', 'zh_CN.UTF-8'), ('VSCODE_GIT_ASKPASS_EXTRA_ARGS', '--ms-enable-electron-run-as-node'), ('QT_IM_MODULE', 'ibus'), ('PWD', '/home/hh/ros_ws/src/mynav/build/mynav'), ('TURTLEBOT3_MODEL', 'burger'), ('LC_ALL', 'en_US.UTF-8'), ('XDG_CONFIG_DIRS', '/etc/xdg/xdg-ubuntu:/etc/xdg'), ('XDG_DATA_DIRS', '/usr/share/ubuntu:/usr/local/share/:/usr/share/:/var/lib/snapd/desktop:/opt/apps/com.qquwp.im.gtj/entries:/opt/apps/com.qquwp.im.gtj/entries'), ('PYTHONPATH', '/opt/ros/foxy/lib/python3.8/site-packages'), ('LC_NUMERIC', 'zh_CN.UTF-8'), ('BREAKPAD_DUMP_LOCATION', '/home/hh/.config/Code/exthost Crash Reports'), ('LC_PAPER', 'zh_CN.UTF-8'), ('COLCON', '1'), ('CMAKE_PREFIX_PATH', '/opt/ros/foxy')]), 'shell': False}
[13.586640] (mynav) StdoutLine: {'line': b'-- Install configuration: "RelWithDebInfo"\n'}
[13.586901] (mynav) StdoutLine: {'line': b'-- Installing: /home/hh/ros_ws/src/mynav/install/lib/mynav/action_client\n'}
[13.590733] (mynav) StdoutLine: {'line': b'-- Set runtime path of "/home/hh/ros_ws/src/mynav/install/lib/mynav/action_client" to ""\n'}
[13.590955] (mynav) StdoutLine: {'line': b'-- Installing: /home/hh/ros_ws/src/mynav/install/share/ament_index/resource_index/package_run_dependencies/mynav\n'}
[13.591096] (mynav) StdoutLine: {'line': b'-- Installing: /home/hh/ros_ws/src/mynav/install/share/ament_index/resource_index/parent_prefix_path/mynav\n'}
[13.591253] (mynav) StdoutLine: {'line': b'-- Installing: /home/hh/ros_ws/src/mynav/install/share/mynav/environment/ament_prefix_path.sh\n'}
[13.591420] (mynav) StdoutLine: {'line': b'-- Installing: /home/hh/ros_ws/src/mynav/install/share/mynav/environment/ament_prefix_path.dsv\n'}
[13.591561] (mynav) StdoutLine: {'line': b'-- Installing: /home/hh/ros_ws/src/mynav/install/share/mynav/environment/path.sh\n'}
[13.591691] (mynav) StdoutLine: {'line': b'-- Installing: /home/hh/ros_ws/src/mynav/install/share/mynav/environment/path.dsv\n'}
[13.591823] (mynav) StdoutLine: {'line': b'-- Installing: /home/hh/ros_ws/src/mynav/install/share/mynav/local_setup.bash\n'}
[13.591950] (mynav) StdoutLine: {'line': b'-- Installing: /home/hh/ros_ws/src/mynav/install/share/mynav/local_setup.sh\n'}
[13.592086] (mynav) StdoutLine: {'line': b'-- Installing: /home/hh/ros_ws/src/mynav/install/share/mynav/local_setup.zsh\n'}
[13.592241] (mynav) StdoutLine: {'line': b'-- Installing: /home/hh/ros_ws/src/mynav/install/share/mynav/local_setup.dsv\n'}
[13.592359] (mynav) StdoutLine: {'line': b'-- Installing: /home/hh/ros_ws/src/mynav/install/share/mynav/package.dsv\n'}
[13.592542] (mynav) StdoutLine: {'line': b'-- Installing: /home/hh/ros_ws/src/mynav/install/share/ament_index/resource_index/packages/mynav\n'}
[13.592734] (mynav) StdoutLine: {'line': b'-- Installing: /home/hh/ros_ws/src/mynav/install/share/mynav/cmake/mynavConfig.cmake\n'}
[13.592863] (mynav) StdoutLine: {'line': b'-- Installing: /home/hh/ros_ws/src/mynav/install/share/mynav/cmake/mynavConfig-version.cmake\n'}
[13.592993] (mynav) StdoutLine: {'line': b'-- Installing: /home/hh/ros_ws/src/mynav/install/share/mynav/package.xml\n'}
[13.594777] (mynav) CommandEnded: {'returncode': 0}
[13.640974] (-) TimerEvent: {}
[13.738787] (mynav) JobEnded: {'identifier': 'mynav', 'rc': 0}
[13.740340] (-) EventReactorShutdown: {}
