-- The C compiler identification is GNU 9.3.0
-- The CXX compiler identification is GNU 9.3.0
-- Check for working C compiler: /usr/bin/cc
-- Check for working C compiler: /usr/bin/cc -- works
-- Detecting C compiler ABI info
-- Detecting C compiler ABI info - done
-- Detecting C compile features
-- Detecting C compile features - done
-- Check for working CXX compiler: /usr/bin/c++
-- Check for working CXX compiler: /usr/bin/c++ -- works
-- Detecting CXX compiler ABI info
-- Detecting CXX compiler ABI info - done
-- Detecting CXX compile features
-- Detecting CXX compile features - done
-- Found ament_cmake: 0.9.9 (/opt/ros/foxy/share/ament_cmake/cmake)
-- Found PythonInterp: /usr/bin/python3 (found suitable version "3.8.10", minimum required is "3") 
-- Using PYTHON_EXECUTABLE: /usr/bin/python3
-- Found nav2_msgs: 0.4.7 (/opt/ros/foxy/share/nav2_msgs/cmake)
-- Using all available rosidl_typesupport_c: rosidl_typesupport_fastrtps_c;rosidl_typesupport_introspection_c
-- Found rosidl_adapter: 1.2.1 (/opt/ros/foxy/share/rosidl_adapter/cmake)
-- Found OpenSSL: /usr/lib/x86_64-linux-gnu/libcrypto.so (found version "1.1.1f")  
-- Found FastRTPS: /opt/ros/foxy/include  
-- Using all available rosidl_typesupport_cpp: rosidl_typesupport_fastrtps_cpp;rosidl_typesupport_introspection_cpp
-- Found rclcpp: 2.4.0 (/opt/ros/foxy/share/rclcpp/cmake)
-- Found rmw_implementation_cmake: 1.0.3 (/opt/ros/foxy/share/rmw_implementation_cmake/cmake)
-- Using RMW implementation 'rmw_fastrtps_cpp' as default
-- Looking for pthread.h
-- Looking for pthread.h - found
-- Performing Test CMAKE_HAVE_LIBC_PTHREAD
-- Performing Test CMAKE_HAVE_LIBC_PTHREAD - Failed
-- Looking for pthread_create in pthreads
-- Looking for pthread_create in pthreads - not found
-- Looking for pthread_create in pthread
-- Looking for pthread_create in pthread - found
-- Found Threads: TRUE  
-- Found rclcpp_action: 2.4.0 (/opt/ros/foxy/share/rclcpp_action/cmake)
-- Found rclcpp_components: 2.4.0 (/opt/ros/foxy/share/rclcpp_components/cmake)
-- Found ament_lint_auto: 0.9.6 (/opt/ros/foxy/share/ament_lint_auto/cmake)
-- Added test 'copyright' to check source files copyright and LICENSE
-- Added test 'cppcheck' to perform static code analysis on C / C++ code
-- Configured cppcheck include dirs: $<BUILD_INTERFACE:/home/hh/turtle_nav_ws/src/mynav/include>
-- Configured cppcheck exclude dirs and/or files: 
-- Added test 'cpplint' to check C / C++ code against the Google style
-- Configured cpplint exclude dirs and/or files: 
-- Added test 'flake8' to check Python code syntax and style conventions
-- Added test 'lint_cmake' to check CMake code style
-- Added test 'pep257' to check Python code against some of the style conventions in PEP 257
-- Added test 'uncrustify' to check C / C++ code style
-- Configured uncrustify additional arguments: 
-- Added test 'xmllint' to check XML markup files
-- Configuring done
-- Generating done
-- Build files have been written to: /home/hh/turtle_nav_ws/src/mynav/build/mynav
[35m[1mScanning dependencies of target clean_node[0m
[ 14%] [32mBuilding CXX object CMakeFiles/clean_node.dir/rclcpp_components/node_main_clean_node.cpp.o[0m
[ 28%] [32m[1mLinking CXX executable clean_node[0m
[ 28%] Built target clean_node
[35m[1mScanning dependencies of target test_client[0m
[ 42%] [32mBuilding CXX object CMakeFiles/test_client.dir/src/nav_client.cpp.o[0m
[ 57%] [32mBuilding CXX object CMakeFiles/test_client.dir/src/main.cpp.o[0m
[ 71%] [32m[1mLinking CXX shared library libtest_client.so[0m
[ 71%] Built target test_client
[35m[1mScanning dependencies of target nav_client[0m
[ 85%] [32mBuilding CXX object CMakeFiles/nav_client.dir/rclcpp_components/node_main_nav_client.cpp.o[0m
[100%] [32m[1mLinking CXX executable nav_client[0m
[100%] Built target nav_client
-- Install configuration: "RelWithDebInfo"
-- Installing: /home/hh/turtle_nav_ws/src/mynav/install/lib/mynav/nav_client
-- Set runtime path of "/home/hh/turtle_nav_ws/src/mynav/install/lib/mynav/nav_client" to ""
-- Installing: /home/hh/turtle_nav_ws/src/mynav/install/lib/mynav/clean_node
-- Set runtime path of "/home/hh/turtle_nav_ws/src/mynav/install/lib/mynav/clean_node" to ""
-- Installing: /home/hh/turtle_nav_ws/src/mynav/install/lib/libtest_client.so
-- Set runtime path of "/home/hh/turtle_nav_ws/src/mynav/install/lib/libtest_client.so" to ""
-- Installing: /home/hh/turtle_nav_ws/src/mynav/install/share/ament_index/resource_index/package_run_dependencies/mynav
-- Installing: /home/hh/turtle_nav_ws/src/mynav/install/share/ament_index/resource_index/parent_prefix_path/mynav
-- Up-to-date: /home/hh/turtle_nav_ws/src/mynav/install/share/mynav/environment/ament_prefix_path.sh
-- Installing: /home/hh/turtle_nav_ws/src/mynav/install/share/mynav/environment/ament_prefix_path.dsv
-- Up-to-date: /home/hh/turtle_nav_ws/src/mynav/install/share/mynav/environment/path.sh
-- Installing: /home/hh/turtle_nav_ws/src/mynav/install/share/mynav/environment/path.dsv
-- Installing: /home/hh/turtle_nav_ws/src/mynav/install/share/mynav/local_setup.bash
-- Installing: /home/hh/turtle_nav_ws/src/mynav/install/share/mynav/local_setup.sh
-- Installing: /home/hh/turtle_nav_ws/src/mynav/install/share/mynav/local_setup.zsh
-- Installing: /home/hh/turtle_nav_ws/src/mynav/install/share/mynav/local_setup.dsv
-- Installing: /home/hh/turtle_nav_ws/src/mynav/install/share/mynav/package.dsv
-- Installing: /home/hh/turtle_nav_ws/src/mynav/install/share/ament_index/resource_index/packages/mynav
-- Installing: /home/hh/turtle_nav_ws/src/mynav/install/share/ament_index/resource_index/rclcpp_components/mynav
-- Installing: /home/hh/turtle_nav_ws/src/mynav/install/share/mynav/cmake/mynavConfig.cmake
-- Installing: /home/hh/turtle_nav_ws/src/mynav/install/share/mynav/cmake/mynavConfig-version.cmake
-- Up-to-date: /home/hh/turtle_nav_ws/src/mynav/install/share/mynav/package.xml
