[0.093s] Invoking command in '/home/hh/turtle_nav_ws/src/mynav/build/mynav': CMAKE_PREFIX_PATH=/opt/ros/foxy /usr/bin/cmake /home/hh/turtle_nav_ws/src/mynav -DCMAKE_BUILD_TYPE=RelWithDebInfo -Wall -Wextra -Wpedantic -DCMAKE_INSTALL_PREFIX=/home/hh/turtle_nav_ws/src/mynav/install
[0.469s] -- The C compiler identification is GNU 9.3.0
[0.721s] -- The CXX compiler identification is GNU 9.3.0
[0.758s] -- Check for working C compiler: /usr/bin/cc
[1.136s] -- Check for working C compiler: /usr/bin/cc -- works
[1.138s] -- Detecting C compiler ABI info
[1.511s] -- Detecting C compiler ABI info - done
[1.566s] -- Detecting C compile features
[1.568s] -- Detecting C compile features - done
[1.579s] -- Check for working CXX compiler: /usr/bin/c++
[2.033s] -- Check for working CXX compiler: /usr/bin/c++ -- works
[2.038s] -- Detecting CXX compiler ABI info
[2.468s] -- Detecting CXX compiler ABI info - done
[2.548s] -- Detecting CXX compile features
[2.551s] -- Detecting CXX compile features - done
[2.559s] -- Found ament_cmake: 0.9.9 (/opt/ros/foxy/share/ament_cmake/cmake)
[2.709s] -- Found PythonInterp: /usr/bin/python3 (found suitable version "3.8.10", minimum required is "3") 
[2.710s] -- Using PYTHON_EXECUTABLE: /usr/bin/python3
[3.837s] -- Found nav2_msgs: 0.4.7 (/opt/ros/foxy/share/nav2_msgs/cmake)
[3.983s] -- Using all available rosidl_typesupport_c: rosidl_typesupport_fastrtps_c;rosidl_typesupport_introspection_c
[4.077s] -- Found rosidl_adapter: 1.2.1 (/opt/ros/foxy/share/rosidl_adapter/cmake)
[4.471s] -- Found OpenSSL: /usr/lib/x86_64-linux-gnu/libcrypto.so (found version "1.1.1f")  
[4.615s] -- Found FastRTPS: /opt/ros/foxy/include  
[5.046s] -- Using all available rosidl_typesupport_cpp: rosidl_typesupport_fastrtps_cpp;rosidl_typesupport_introspection_cpp
[7.318s] -- Found rclcpp: 2.4.0 (/opt/ros/foxy/share/rclcpp/cmake)
[7.552s] -- Found rmw_implementation_cmake: 1.0.3 (/opt/ros/foxy/share/rmw_implementation_cmake/cmake)
[7.557s] -- Using RMW implementation 'rmw_fastrtps_cpp' as default
[7.559s] -- Looking for pthread.h
[7.913s] -- Looking for pthread.h - found
[7.921s] -- Performing Test CMAKE_HAVE_LIBC_PTHREAD
[8.292s] -- Performing Test CMAKE_HAVE_LIBC_PTHREAD - Failed
[8.294s] -- Looking for pthread_create in pthreads
[8.556s] -- Looking for pthread_create in pthreads - not found
[8.558s] -- Looking for pthread_create in pthread
[8.856s] -- Looking for pthread_create in pthread - found
[8.867s] -- Found Threads: TRUE  
[9.579s] -- Found rclcpp_action: 2.4.0 (/opt/ros/foxy/share/rclcpp_action/cmake)
[9.752s] -- Found rclcpp_components: 2.4.0 (/opt/ros/foxy/share/rclcpp_components/cmake)
[10.077s] -- Found ament_lint_auto: 0.9.6 (/opt/ros/foxy/share/ament_lint_auto/cmake)
[10.429s] -- Added test 'copyright' to check source files copyright and LICENSE
[10.571s] -- Added test 'cppcheck' to perform static code analysis on C / C++ code
[10.575s] -- Configured cppcheck include dirs: $<BUILD_INTERFACE:/home/hh/turtle_nav_ws/src/mynav/include>
[10.576s] -- Configured cppcheck exclude dirs and/or files: 
[10.740s] -- Added test 'cpplint' to check C / C++ code against the Google style
[10.742s] -- Configured cpplint exclude dirs and/or files: 
[10.766s] -- Added test 'flake8' to check Python code syntax and style conventions
[10.814s] -- Added test 'lint_cmake' to check CMake code style
[10.839s] -- Added test 'pep257' to check Python code against some of the style conventions in PEP 257
[11.035s] -- Added test 'uncrustify' to check C / C++ code style
[11.036s] -- Configured uncrustify additional arguments: 
[11.056s] -- Added test 'xmllint' to check XML markup files
[11.071s] -- Configuring done
[11.152s] -- Generating done
[11.157s] -- Build files have been written to: /home/hh/turtle_nav_ws/src/mynav/build/mynav
[11.211s] Invoked command in '/home/hh/turtle_nav_ws/src/mynav/build/mynav' returned '0': CMAKE_PREFIX_PATH=/opt/ros/foxy /usr/bin/cmake /home/hh/turtle_nav_ws/src/mynav -DCMAKE_BUILD_TYPE=RelWithDebInfo -Wall -Wextra -Wpedantic -DCMAKE_INSTALL_PREFIX=/home/hh/turtle_nav_ws/src/mynav/install
[11.214s] Invoking command in '/home/hh/turtle_nav_ws/src/mynav/build/mynav': CMAKE_PREFIX_PATH=/opt/ros/foxy /usr/bin/cmake --build /home/hh/turtle_nav_ws/src/mynav/build/mynav -- -j8 -l8
[11.440s] [35m[1mScanning dependencies of target clean_node[0m
[11.633s] [ 14%] [32mBuilding CXX object CMakeFiles/clean_node.dir/rclcpp_components/node_main_clean_node.cpp.o[0m
[29.072s] [ 28%] [32m[1mLinking CXX executable clean_node[0m
[29.814s] [ 28%] Built target clean_node
[29.877s] [35m[1mScanning dependencies of target test_client[0m
[30.077s] [ 42%] [32mBuilding CXX object CMakeFiles/test_client.dir/src/nav_client.cpp.o[0m
[39.120s] [01m[K/home/hh/turtle_nav_ws/src/mynav/src/nav_client.cpp:[m[K In member function ‘[01m[Kvoid mynav::NavigationToPose::feedback_callback(rclcpp_action::ClientGoalHandle<nav2_msgs::action::NavigateToPose>::SharedPtr, std::shared_ptr<const nav2_msgs::action::NavigateToPose_Feedback_<std::allocator<void> > >)[m[K’:
[39.122s] [01m[K/home/hh/turtle_nav_ws/src/mynav/src/nav_client.cpp:111:53:[m[K [01;35m[Kwarning: [m[Kunused parameter ‘[01m[Kfeedback[m[K’ [[01;35m[K-Wunused-parameter[m[K]
[39.124s]   111 |     [01;35m[Kconst std::shared_ptr<const Action_T::Feedback> feedback[m[K)
[39.125s]       |     [01;35m[K~~~~~~~~~~~~~~~~~~~~~~~~~~~~~~~~~~~~~~~~~~~~~~~~^~~~~~~~[m[K
[73.241s] [ 57%] [32mBuilding CXX object CMakeFiles/test_client.dir/src/main.cpp.o[0m
[82.791s] [01m[K/home/hh/turtle_nav_ws/src/mynav/src/main.cpp:[m[K In member function ‘[01m[Kvoid mynav::CleanNode::feedback_callback(rclcpp_action::ClientGoalHandle<nav2_msgs::action::NavigateToPose>::SharedPtr, std::shared_ptr<const nav2_msgs::action::NavigateToPose_Feedback_<std::allocator<void> > >)[m[K’:
[82.793s] [01m[K/home/hh/turtle_nav_ws/src/mynav/src/main.cpp:122:53:[m[K [01;35m[Kwarning: [m[Kunused parameter ‘[01m[Kfeedback[m[K’ [[01;35m[K-Wunused-parameter[m[K]
[82.793s]   122 |     [01;35m[Kconst std::shared_ptr<const Action_T::Feedback> feedback[m[K)
[82.794s]       |     [01;35m[K~~~~~~~~~~~~~~~~~~~~~~~~~~~~~~~~~~~~~~~~~~~~~~~~^~~~~~~~[m[K
[108.157s] [ 71%] [32m[1mLinking CXX shared library libtest_client.so[0m
[108.468s] [ 71%] Built target test_client
[108.483s] [35m[1mScanning dependencies of target nav_client[0m
[108.529s] [ 85%] [32mBuilding CXX object CMakeFiles/nav_client.dir/rclcpp_components/node_main_nav_client.cpp.o[0m
[112.929s] [100%] [32m[1mLinking CXX executable nav_client[0m
[113.115s] [100%] Built target nav_client
[113.131s] Invoked command in '/home/hh/turtle_nav_ws/src/mynav/build/mynav' returned '0': CMAKE_PREFIX_PATH=/opt/ros/foxy /usr/bin/cmake --build /home/hh/turtle_nav_ws/src/mynav/build/mynav -- -j8 -l8
[113.185s] Invoking command in '/home/hh/turtle_nav_ws/src/mynav/build/mynav': CMAKE_PREFIX_PATH=/opt/ros/foxy /usr/bin/cmake --install /home/hh/turtle_nav_ws/src/mynav/build/mynav
[113.198s] -- Install configuration: "RelWithDebInfo"
[113.199s] -- Installing: /home/hh/turtle_nav_ws/src/mynav/install/lib/mynav/nav_client
[113.234s] -- Set runtime path of "/home/hh/turtle_nav_ws/src/mynav/install/lib/mynav/nav_client" to ""
[113.234s] -- Installing: /home/hh/turtle_nav_ws/src/mynav/install/lib/mynav/clean_node
[113.238s] -- Set runtime path of "/home/hh/turtle_nav_ws/src/mynav/install/lib/mynav/clean_node" to ""
[113.238s] -- Installing: /home/hh/turtle_nav_ws/src/mynav/install/lib/libtest_client.so
[113.256s] -- Set runtime path of "/home/hh/turtle_nav_ws/src/mynav/install/lib/libtest_client.so" to ""
[113.257s] -- Installing: /home/hh/turtle_nav_ws/src/mynav/install/share/ament_index/resource_index/package_run_dependencies/mynav
[113.257s] -- Installing: /home/hh/turtle_nav_ws/src/mynav/install/share/ament_index/resource_index/parent_prefix_path/mynav
[113.257s] -- Up-to-date: /home/hh/turtle_nav_ws/src/mynav/install/share/mynav/environment/ament_prefix_path.sh
[113.257s] -- Installing: /home/hh/turtle_nav_ws/src/mynav/install/share/mynav/environment/ament_prefix_path.dsv
[113.258s] -- Up-to-date: /home/hh/turtle_nav_ws/src/mynav/install/share/mynav/environment/path.sh
[113.258s] -- Installing: /home/hh/turtle_nav_ws/src/mynav/install/share/mynav/environment/path.dsv
[113.258s] -- Installing: /home/hh/turtle_nav_ws/src/mynav/install/share/mynav/local_setup.bash
[113.258s] -- Installing: /home/hh/turtle_nav_ws/src/mynav/install/share/mynav/local_setup.sh
[113.258s] -- Installing: /home/hh/turtle_nav_ws/src/mynav/install/share/mynav/local_setup.zsh
[113.258s] -- Installing: /home/hh/turtle_nav_ws/src/mynav/install/share/mynav/local_setup.dsv
[113.259s] -- Installing: /home/hh/turtle_nav_ws/src/mynav/install/share/mynav/package.dsv
[113.259s] -- Installing: /home/hh/turtle_nav_ws/src/mynav/install/share/ament_index/resource_index/packages/mynav
[113.281s] -- Installing: /home/hh/turtle_nav_ws/src/mynav/install/share/ament_index/resource_index/rclcpp_components/mynav
[113.281s] -- Installing: /home/hh/turtle_nav_ws/src/mynav/install/share/mynav/cmake/mynavConfig.cmake
[113.281s] -- Installing: /home/hh/turtle_nav_ws/src/mynav/install/share/mynav/cmake/mynavConfig-version.cmake
[113.281s] -- Up-to-date: /home/hh/turtle_nav_ws/src/mynav/install/share/mynav/package.xml
[113.284s] Invoked command in '/home/hh/turtle_nav_ws/src/mynav/build/mynav' returned '0': CMAKE_PREFIX_PATH=/opt/ros/foxy /usr/bin/cmake --install /home/hh/turtle_nav_ws/src/mynav/build/mynav
