[1.054s] DEBUG:colcon:Command line arguments: ['/usr/bin/colcon', 'build', '--merge-install', '--cmake-args', '-DCMAKE_BUILD_TYPE=RelWithDebInfo', '-Wall', '-Wextra', '-Wpedantic']
[1.054s] DEBUG:colcon:Parsed command line arguments: Namespace(allow_overriding=[], ament_cmake_args=None, base_paths=['.'], build_base='build', catkin_cmake_args=None, catkin_skip_building_tests=False, cmake_args=['-DCMAKE_BUILD_TYPE=RelWithDebInfo', '-Wall', '-Wextra', '-Wpedantic'], cmake_clean_cache=False, cmake_clean_first=False, cmake_force_configure=False, cmake_target=None, cmake_target_skip_unavailable=False, continue_on_error=False, event_handlers=None, executor='parallel', ignore_user_meta=False, install_base='install', log_base=None, log_level=None, main=<bound method BuildVerb.main of <colcon_core.verb.build.BuildVerb object at 0x7f3248fbffd0>>, merge_install=True, metas=['./colcon.meta'], packages_above=None, packages_above_and_dependencies=None, packages_above_depth=None, packages_end=None, packages_ignore=None, packages_ignore_regex=None, packages_select=None, packages_select_build_failed=False, packages_select_by_dep=None, packages_select_regex=None, packages_select_test_failures=False, packages_skip=None, packages_skip_build_finished=False, packages_skip_by_dep=None, packages_skip_regex=None, packages_skip_test_passed=False, packages_skip_up_to=None, packages_start=None, packages_up_to=None, packages_up_to_regex=None, parallel_workers=8, paths=None, symlink_install=False, test_result_base=None, verb_extension=<colcon_core.verb.build.BuildVerb object at 0x7f3248fbffd0>, verb_name='build', verb_parser=<colcon_defaults.argument_parser.defaults.DefaultArgumentsDecorator object at 0x7f3248fc8520>)
[1.168s] Level 1:colcon.colcon_core.package_discovery:discover_packages(colcon_meta) check parameters
[1.168s] Level 1:colcon.colcon_core.package_discovery:discover_packages(recursive) check parameters
[1.168s] Level 1:colcon.colcon_core.package_discovery:discover_packages(ignore) check parameters
[1.168s] Level 1:colcon.colcon_core.package_discovery:discover_packages(path) check parameters
[1.168s] Level 1:colcon.colcon_core.package_discovery:discover_packages(colcon_meta) discover
[1.168s] Level 1:colcon.colcon_core.package_discovery:discover_packages(recursive) discover
[1.168s] INFO:colcon.colcon_core.package_discovery:Crawling recursively for packages in '/home/hh/ros_ws/src/mynav'
[1.169s] Level 1:colcon.colcon_core.package_identification:_identify(.) by extensions ['ignore', 'ignore_ament_install']
[1.169s] Level 1:colcon.colcon_core.package_identification:_identify(.) by extension 'ignore'
[1.169s] Level 1:colcon.colcon_core.package_identification:_identify(.) by extension 'ignore_ament_install'
[1.169s] Level 1:colcon.colcon_core.package_identification:_identify(.) by extensions ['colcon_pkg']
[1.169s] Level 1:colcon.colcon_core.package_identification:_identify(.) by extension 'colcon_pkg'
[1.169s] Level 1:colcon.colcon_core.package_identification:_identify(.) by extensions ['colcon_meta']
[1.169s] Level 1:colcon.colcon_core.package_identification:_identify(.) by extension 'colcon_meta'
[1.169s] Level 1:colcon.colcon_core.package_identification:_identify(.) by extensions ['ros']
[1.169s] Level 1:colcon.colcon_core.package_identification:_identify(.) by extension 'ros'
[1.219s] DEBUG:colcon.colcon_core.package_identification:Package '.' with type 'ros.ament_cmake' and name 'mynav'
[1.220s] Level 1:colcon.colcon_core.package_discovery:discover_packages(recursive) using defaults
[1.220s] Level 1:colcon.colcon_core.package_discovery:discover_packages(ignore) discover
[1.220s] Level 1:colcon.colcon_core.package_discovery:discover_packages(ignore) using defaults
[1.220s] Level 1:colcon.colcon_core.package_discovery:discover_packages(path) discover
[1.220s] Level 1:colcon.colcon_core.package_discovery:discover_packages(path) using defaults
[1.272s] Level 5:colcon.colcon_core.verb:set package 'mynav' build argument 'cmake_args' from command line to '['-DCMAKE_BUILD_TYPE=RelWithDebInfo', '-Wall', '-Wextra', '-Wpedantic']'
[1.273s] Level 5:colcon.colcon_core.verb:set package 'mynav' build argument 'cmake_target' from command line to 'None'
[1.273s] Level 5:colcon.colcon_core.verb:set package 'mynav' build argument 'cmake_target_skip_unavailable' from command line to 'False'
[1.273s] Level 5:colcon.colcon_core.verb:set package 'mynav' build argument 'cmake_clean_cache' from command line to 'False'
[1.273s] Level 5:colcon.colcon_core.verb:set package 'mynav' build argument 'cmake_clean_first' from command line to 'False'
[1.273s] Level 5:colcon.colcon_core.verb:set package 'mynav' build argument 'cmake_force_configure' from command line to 'False'
[1.273s] Level 5:colcon.colcon_core.verb:set package 'mynav' build argument 'ament_cmake_args' from command line to 'None'
[1.273s] Level 5:colcon.colcon_core.verb:set package 'mynav' build argument 'catkin_cmake_args' from command line to 'None'
[1.273s] Level 5:colcon.colcon_core.verb:set package 'mynav' build argument 'catkin_skip_building_tests' from command line to 'False'
[1.273s] DEBUG:colcon.colcon_core.verb:Building package 'mynav' with the following arguments: {'ament_cmake_args': None, 'build_base': '/home/hh/ros_ws/src/mynav/build/mynav', 'catkin_cmake_args': None, 'catkin_skip_building_tests': False, 'cmake_args': ['-DCMAKE_BUILD_TYPE=RelWithDebInfo', '-Wall', '-Wextra', '-Wpedantic'], 'cmake_clean_cache': False, 'cmake_clean_first': False, 'cmake_force_configure': False, 'cmake_target': None, 'cmake_target_skip_unavailable': False, 'install_base': '/home/hh/ros_ws/src/mynav/install', 'merge_install': True, 'path': '/home/hh/ros_ws/src/mynav', 'symlink_install': False, 'test_result_base': None}
[1.305s] INFO:colcon.colcon_core.executor:Executing jobs using 'parallel' executor
[1.309s] DEBUG:colcon.colcon_parallel_executor.executor.parallel:run_until_complete
[1.309s] INFO:colcon.colcon_ros.task.ament_cmake.build:Building ROS package in '/home/hh/ros_ws/src/mynav' with build type 'ament_cmake'
[1.309s] INFO:colcon.colcon_cmake.task.cmake.build:Building CMake package in '/home/hh/ros_ws/src/mynav'
[1.382s] INFO:colcon.colcon_core.plugin_system:Skipping extension 'colcon_core.shell.bat': Not used on non-Windows systems
[1.382s] INFO:colcon.colcon_core.shell:Skip shell extension 'powershell' for command environment: Not usable outside of PowerShell
[1.382s] DEBUG:colcon.colcon_core.shell:Skip shell extension 'dsv' for command environment
[1.513s] DEBUG:colcon.colcon_core.event_handler.log_command:Invoking command in '/home/hh/ros_ws/src/mynav/build/mynav': CMAKE_PREFIX_PATH=/opt/ros/foxy /usr/bin/cmake --build /home/hh/ros_ws/src/mynav/build/mynav -- -j8 -l8
[8.060s] DEBUG:colcon.colcon_core.event_handler.log_command:Invoked command in '/home/hh/ros_ws/src/mynav/build/mynav' returned '2': CMAKE_PREFIX_PATH=/opt/ros/foxy /usr/bin/cmake --build /home/hh/ros_ws/src/mynav/build/mynav -- -j8 -l8
[9.639s] Level 1:colcon.colcon_core.environment:create_environment_scripts_only(mynav)
[9.773s] Level 1:colcon.colcon_core.environment:checking '/home/hh/ros_ws/src/mynav/install' for CMake module files
[9.774s] Level 1:colcon.colcon_core.environment:checking '/home/hh/ros_ws/src/mynav/install' for CMake config files
[9.775s] Level 1:colcon.colcon_core.shell:create_environment_hook('mynav', 'cmake_prefix_path')
[9.776s] INFO:colcon.colcon_core.shell:Creating environment hook '/home/hh/ros_ws/src/mynav/install/share/mynav/hook/cmake_prefix_path.ps1'
[9.808s] INFO:colcon.colcon_core.shell:Creating environment descriptor '/home/hh/ros_ws/src/mynav/install/share/mynav/hook/cmake_prefix_path.dsv'
[9.809s] INFO:colcon.colcon_core.shell:Creating environment hook '/home/hh/ros_ws/src/mynav/install/share/mynav/hook/cmake_prefix_path.sh'
[9.811s] Level 1:colcon.colcon_core.environment:checking '/home/hh/ros_ws/src/mynav/install/lib'
[9.811s] Level 1:colcon.colcon_core.environment:checking '/home/hh/ros_ws/src/mynav/install/bin'
[9.811s] Level 1:colcon.colcon_core.environment:checking '/home/hh/ros_ws/src/mynav/install/lib/pkgconfig/mynav.pc'
[9.812s] Level 1:colcon.colcon_core.environment:checking '/home/hh/ros_ws/src/mynav/install/lib/python3.8/site-packages'
[9.812s] INFO:colcon.colcon_core.shell:Creating package script '/home/hh/ros_ws/src/mynav/install/share/mynav/package.ps1'
[9.814s] INFO:colcon.colcon_core.shell:Creating package descriptor '/home/hh/ros_ws/src/mynav/install/share/mynav/package.dsv'
[9.815s] INFO:colcon.colcon_core.shell:Creating package script '/home/hh/ros_ws/src/mynav/install/share/mynav/package.sh'
[9.816s] INFO:colcon.colcon_core.shell:Creating package script '/home/hh/ros_ws/src/mynav/install/share/mynav/package.bash'
[9.817s] INFO:colcon.colcon_core.shell:Creating package script '/home/hh/ros_ws/src/mynav/install/share/mynav/package.zsh'
[9.856s] Level 1:colcon.colcon_core.environment:create_file_with_runtime_dependencies(/home/hh/ros_ws/src/mynav/install/share/colcon-core/packages/mynav)
[9.870s] DEBUG:colcon.colcon_parallel_executor.executor.parallel:closing loop
[9.871s] DEBUG:colcon.colcon_parallel_executor.executor.parallel:loop closed
[9.871s] DEBUG:colcon.colcon_parallel_executor.executor.parallel:run_until_complete finished with '2'
[9.872s] DEBUG:colcon.colcon_core.event_reactor:joining thread
[9.946s] INFO:colcon.colcon_core.plugin_system:Skipping extension 'colcon_notification.desktop_notification.terminal_notifier': Not used on non-Darwin systems
[9.946s] INFO:colcon.colcon_core.plugin_system:Skipping extension 'colcon_notification.desktop_notification.win32': Not used on non-Windows systems
[9.947s] INFO:colcon.colcon_notification.desktop_notification:Sending desktop notification using 'notify2'
[9.982s] DEBUG:colcon.colcon_core.event_reactor:joined thread
[9.983s] INFO:colcon.colcon_core.shell:Creating prefix script '/home/hh/ros_ws/src/mynav/install/local_setup.ps1'
[10.018s] INFO:colcon.colcon_core.shell:Creating prefix util module '/home/hh/ros_ws/src/mynav/install/_local_setup_util_ps1.py'
[10.042s] INFO:colcon.colcon_core.shell:Creating prefix chain script '/home/hh/ros_ws/src/mynav/install/setup.ps1'
[10.045s] INFO:colcon.colcon_core.shell:Creating prefix script '/home/hh/ros_ws/src/mynav/install/local_setup.sh'
[10.048s] INFO:colcon.colcon_core.shell:Creating prefix util module '/home/hh/ros_ws/src/mynav/install/_local_setup_util_sh.py'
[10.049s] INFO:colcon.colcon_core.shell:Creating prefix chain script '/home/hh/ros_ws/src/mynav/install/setup.sh'
[10.051s] INFO:colcon.colcon_core.shell:Creating prefix script '/home/hh/ros_ws/src/mynav/install/local_setup.bash'
[10.052s] INFO:colcon.colcon_core.shell:Creating prefix chain script '/home/hh/ros_ws/src/mynav/install/setup.bash'
[10.053s] INFO:colcon.colcon_core.shell:Creating prefix script '/home/hh/ros_ws/src/mynav/install/local_setup.zsh'
[10.054s] INFO:colcon.colcon_core.shell:Creating prefix chain script '/home/hh/ros_ws/src/mynav/install/setup.zsh'
