[0.000000] (-) TimerEvent: {}
[0.000303] (mynav) JobQueued: {'identifier': 'mynav', 'dependencies': OrderedDict()}
[0.001337] (mynav) JobStarted: {'identifier': 'mynav'}
[0.099589] (-) TimerEvent: {}
[0.138164] (mynav) JobProgress: {'identifier': 'mynav', 'progress': 'cmake'}
[0.199607] (-) TimerEvent: {}
[0.204925] (mynav) JobProgress: {'identifier': 'mynav', 'progress': 'build'}
[0.207257] (mynav) Command: {'cmd': ['/usr/bin/cmake', '--build', '/home/hh/ros_ws/src/mynav/build/mynav', '--', '-j8', '-l8'], 'cwd': '/home/hh/ros_ws/src/mynav/build/mynav', 'env': OrderedDict([('GJS_DEBUG_TOPICS', 'JS ERROR;JS LOG'), ('LESSOPEN', '| /usr/bin/lesspipe %s'), ('LANGUAGE', 'zh_CN:en_US:en'), ('USER', 'hh'), ('LC_TIME', 'zh_CN.UTF-8'), ('SSH_AGENT_PID', '3538'), ('XDG_SESSION_TYPE', 'x11'), ('GIT_ASKPASS', '/usr/share/code/resources/app/extensions/git/dist/askpass.sh'), ('SHLVL', '0'), ('LD_LIBRARY_PATH', '/usr/lib/x86_64-linux-gnu/gazebo-11/plugins:/opt/ros/foxy/opt/yaml_cpp_vendor/lib:/opt/ros/foxy/opt/rviz_ogre_vendor/lib:/opt/ros/foxy/lib/x86_64-linux-gnu:/opt/ros/foxy/lib'), ('QT4_IM_MODULE', 'fcitx'), ('HOME', '/home/hh'), ('CHROME_DESKTOP', 'code-url-handler.desktop'), ('TERM_PROGRAM_VERSION', '1.63.2'), ('DESKTOP_SESSION', 'ubuntu'), ('GIO_LAUNCHED_DESKTOP_FILE', '/usr/share/applications/code.desktop'), ('ROS_PYTHON_VERSION', '3'), ('GNOME_SHELL_SESSION_MODE', 'ubuntu'), ('GTK_MODULES', 'gail:atk-bridge'), ('VSCODE_GIT_ASKPASS_MAIN', '/usr/share/code/resources/app/extensions/git/dist/askpass-main.js'), ('LC_MONETARY', 'zh_CN.UTF-8'), ('VSCODE_GIT_ASKPASS_NODE', '/usr/share/code/code'), ('MANAGERPID', '2964'), ('DBUS_SESSION_BUS_ADDRESS', 'unix:path=/run/user/1000/bus'), ('COLORTERM', 'truecolor'), ('GIO_LAUNCHED_DESKTOP_FILE_PID', '5960'), ('IM_CONFIG_PHASE', '1'), ('ROS_DISTRO', 'foxy'), ('GTK_IM_MODULE', 'fcitx'), ('LOGNAME', 'hh'), ('_', '/usr/bin/colcon'), ('JOURNAL_STREAM', '8:54277'), ('ROS_VERSION', '2'), ('XDG_SESSION_CLASS', 'user'), ('USERNAME', 'hh'), ('TERM', 'xterm-256color'), ('GNOME_DESKTOP_SESSION_ID', 'this-is-deprecated'), ('ROS_LOCALHOST_ONLY', '0'), ('WINDOWPATH', '2'), ('PATH', '/opt/ros/foxy/bin:/usr/local/sbin:/usr/local/bin:/usr/sbin:/usr/bin:/sbin:/bin:/usr/games:/usr/local/games:/snap/bin'), ('SESSION_MANAGER', 'local/zw:@/tmp/.ICE-unix/3588,unix/zw:/tmp/.ICE-unix/3588'), ('INVOCATION_ID', '4a86618df63f41b097f1a7e6a41ab090'), ('PAPERSIZE', 'a4'), ('XDG_MENU_PREFIX', 'gnome-'), ('LC_ADDRESS', 'zh_CN.UTF-8'), ('XDG_RUNTIME_DIR', '/run/user/1000'), ('GDK_BACKEND', 'x11'), ('DISPLAY', ':0'), ('LANG', 'zh_CN.UTF-8'), ('XDG_CURRENT_DESKTOP', 'Unity'), ('LC_TELEPHONE', 'zh_CN.UTF-8'), ('XMODIFIERS', '@im=fcitx'), ('XDG_SESSION_DESKTOP', 'ubuntu'), ('XAUTHORITY', '/run/user/1000/gdm/Xauthority'), ('VSCODE_GIT_IPC_HANDLE', '/run/user/1000/vscode-git-7c3ccf0b5f.sock'), ('TERM_PROGRAM', 'vscode'), ('SSH_AUTH_SOCK', '/run/user/1000/keyring/ssh'), ('ROS_DOMAIN_ID', '30'), ('AMENT_PREFIX_PATH', '/opt/ros/foxy'), ('ORIGINAL_XDG_CURRENT_DESKTOP', 'ubuntu:GNOME'), ('SHELL', '/bin/bash'), ('LC_NAME', 'zh_CN.UTF-8'), ('QT_ACCESSIBILITY', '1'), ('GDMSESSION', 'ubuntu'), ('LESSCLOSE', '/usr/bin/lesspipe %s %s'), ('LC_MEASUREMENT', 'zh_CN.UTF-8'), ('GPG_AGENT_INFO', '/run/user/1000/gnupg/S.gpg-agent:0:1'), ('GJS_DEBUG_OUTPUT', 'stderr'), ('LC_IDENTIFICATION', 'zh_CN.UTF-8'), ('VSCODE_GIT_ASKPASS_EXTRA_ARGS', '--ms-enable-electron-run-as-node'), ('QT_IM_MODULE', 'fcitx'), ('PWD', '/home/hh/ros_ws/src/mynav/build/mynav'), ('TURTLEBOT3_MODEL', 'burger'), ('LC_ALL', 'en_US.UTF-8'), ('XDG_CONFIG_DIRS', '/etc/xdg/xdg-ubuntu:/etc/xdg'), ('CLUTTER_IM_MODULE', 'fcitx'), ('XDG_DATA_DIRS', '/usr/share/ubuntu:/usr/local/share/:/usr/share/:/var/lib/snapd/desktop'), ('PYTHONPATH', '/opt/ros/foxy/lib/python3.8/site-packages'), ('LC_NUMERIC', 'zh_CN.UTF-8'), ('BREAKPAD_DUMP_LOCATION', '/home/hh/.config/Code/exthost Crash Reports'), ('LC_PAPER', 'zh_CN.UTF-8'), ('COLCON', '1'), ('CMAKE_PREFIX_PATH', '/opt/ros/foxy')]), 'shell': False}
[0.299806] (-) TimerEvent: {}
[0.400568] (-) TimerEvent: {}
[0.500957] (-) TimerEvent: {}
[0.601774] (-) TimerEvent: {}
[0.702341] (-) TimerEvent: {}
[0.802990] (-) TimerEvent: {}
[0.903987] (-) TimerEvent: {}
[1.004689] (-) TimerEvent: {}
[1.105394] (-) TimerEvent: {}
[1.160302] (mynav) StdoutLine: {'line': b'\x1b[35m\x1b[1mScanning dependencies of target action_client\x1b[0m\n'}
[1.205576] (-) TimerEvent: {}
[1.306109] (-) TimerEvent: {}
[1.317432] (mynav) StdoutLine: {'line': b'[ 50%] \x1b[32mBuilding CXX object CMakeFiles/action_client.dir/src/main.cpp.o\x1b[0m\n'}
[1.406348] (-) TimerEvent: {}
[1.506864] (-) TimerEvent: {}
[1.607438] (-) TimerEvent: {}
[1.709187] (-) TimerEvent: {}
[1.810187] (-) TimerEvent: {}
[1.910874] (-) TimerEvent: {}
[2.011535] (-) TimerEvent: {}
[2.112529] (-) TimerEvent: {}
[2.213440] (-) TimerEvent: {}
[2.314216] (-) TimerEvent: {}
[2.415704] (-) TimerEvent: {}
[2.516588] (-) TimerEvent: {}
[2.617647] (-) TimerEvent: {}
[2.719362] (-) TimerEvent: {}
[2.819996] (-) TimerEvent: {}
[2.920484] (-) TimerEvent: {}
[3.021228] (-) TimerEvent: {}
[3.121774] (-) TimerEvent: {}
[3.222610] (-) TimerEvent: {}
[3.324160] (-) TimerEvent: {}
[3.424769] (-) TimerEvent: {}
[3.525099] (-) TimerEvent: {}
[3.626552] (-) TimerEvent: {}
[3.728056] (-) TimerEvent: {}
[3.828746] (-) TimerEvent: {}
[3.929292] (-) TimerEvent: {}
[4.030106] (-) TimerEvent: {}
[4.130804] (-) TimerEvent: {}
[4.231502] (-) TimerEvent: {}
[4.332816] (-) TimerEvent: {}
[4.433229] (-) TimerEvent: {}
[4.533800] (-) TimerEvent: {}
[4.634490] (-) TimerEvent: {}
[4.735473] (-) TimerEvent: {}
[4.836062] (-) TimerEvent: {}
[4.936519] (-) TimerEvent: {}
[5.037283] (-) TimerEvent: {}
[5.137793] (-) TimerEvent: {}
[5.238767] (-) TimerEvent: {}
[5.340395] (-) TimerEvent: {}
[5.441329] (-) TimerEvent: {}
[5.542008] (-) TimerEvent: {}
[5.643961] (-) TimerEvent: {}
[5.744666] (-) TimerEvent: {}
[5.845246] (-) TimerEvent: {}
[5.945916] (-) TimerEvent: {}
[6.046606] (-) TimerEvent: {}
[6.147390] (-) TimerEvent: {}
[6.248157] (-) TimerEvent: {}
[6.348975] (-) TimerEvent: {}
[6.449869] (-) TimerEvent: {}
[6.550606] (-) TimerEvent: {}
[6.651482] (-) TimerEvent: {}
[6.752791] (-) TimerEvent: {}
[6.853395] (-) TimerEvent: {}
[6.954176] (-) TimerEvent: {}
[7.055872] (-) TimerEvent: {}
[7.157785] (-) TimerEvent: {}
[7.259480] (-) TimerEvent: {}
[7.360585] (-) TimerEvent: {}
[7.461736] (-) TimerEvent: {}
[7.562296] (-) TimerEvent: {}
[7.663277] (-) TimerEvent: {}
[7.764664] (-) TimerEvent: {}
[7.866357] (-) TimerEvent: {}
[7.967432] (-) TimerEvent: {}
[8.069567] (-) TimerEvent: {}
[8.170833] (-) TimerEvent: {}
[8.271252] (-) TimerEvent: {}
[8.371720] (-) TimerEvent: {}
[8.472477] (-) TimerEvent: {}
[8.573186] (-) TimerEvent: {}
[8.674843] (-) TimerEvent: {}
[8.776295] (-) TimerEvent: {}
[8.877307] (-) TimerEvent: {}
[8.979076] (-) TimerEvent: {}
[9.079868] (-) TimerEvent: {}
[9.180401] (-) TimerEvent: {}
[9.281169] (-) TimerEvent: {}
[9.381928] (-) TimerEvent: {}
[9.482581] (-) TimerEvent: {}
[9.582986] (-) TimerEvent: {}
[9.683562] (-) TimerEvent: {}
[9.784362] (-) TimerEvent: {}
[9.885185] (-) TimerEvent: {}
[9.986860] (-) TimerEvent: {}
[10.087787] (-) TimerEvent: {}
[10.188441] (-) TimerEvent: {}
[10.289862] (-) TimerEvent: {}
[10.390629] (-) TimerEvent: {}
[10.491337] (-) TimerEvent: {}
[10.592755] (-) TimerEvent: {}
[10.693694] (-) TimerEvent: {}
[10.794036] (-) TimerEvent: {}
[10.894498] (-) TimerEvent: {}
[10.995175] (-) TimerEvent: {}
[11.095813] (-) TimerEvent: {}
[11.196580] (-) TimerEvent: {}
[11.298041] (-) TimerEvent: {}
[11.398589] (-) TimerEvent: {}
[11.498985] (-) TimerEvent: {}
[11.599563] (-) TimerEvent: {}
[11.700158] (-) TimerEvent: {}
[11.800799] (-) TimerEvent: {}
[11.901570] (-) TimerEvent: {}
[12.002845] (-) TimerEvent: {}
[12.103758] (-) TimerEvent: {}
[12.204508] (-) TimerEvent: {}
[12.306300] (-) TimerEvent: {}
[12.406727] (-) TimerEvent: {}
[12.507385] (-) TimerEvent: {}
[12.608639] (-) TimerEvent: {}
[12.709301] (-) TimerEvent: {}
[12.809845] (-) TimerEvent: {}
[12.910606] (-) TimerEvent: {}
[13.011588] (-) TimerEvent: {}
[13.112389] (-) TimerEvent: {}
[13.213430] (-) TimerEvent: {}
[13.315360] (-) TimerEvent: {}
[13.416415] (-) TimerEvent: {}
[13.517320] (-) TimerEvent: {}
[13.618252] (-) TimerEvent: {}
[13.719301] (-) TimerEvent: {}
[13.820066] (-) TimerEvent: {}
[13.921009] (-) TimerEvent: {}
[14.022813] (-) TimerEvent: {}
[14.125358] (-) TimerEvent: {}
[14.226113] (-) TimerEvent: {}
[14.328261] (-) TimerEvent: {}
[14.429105] (-) TimerEvent: {}
[14.529827] (-) TimerEvent: {}
[14.631441] (-) TimerEvent: {}
[14.732463] (-) TimerEvent: {}
[14.834382] (-) TimerEvent: {}
[14.935755] (-) TimerEvent: {}
[15.036392] (-) TimerEvent: {}
[15.137781] (-) TimerEvent: {}
[15.238339] (-) TimerEvent: {}
[15.338831] (-) TimerEvent: {}
[15.439677] (-) TimerEvent: {}
[15.540912] (-) TimerEvent: {}
[15.641590] (-) TimerEvent: {}
[15.741980] (-) TimerEvent: {}
[15.842622] (-) TimerEvent: {}
[15.943222] (-) TimerEvent: {}
[16.043897] (-) TimerEvent: {}
[16.145429] (-) TimerEvent: {}
[16.246301] (-) TimerEvent: {}
[16.346743] (-) TimerEvent: {}
[16.447340] (-) TimerEvent: {}
[16.548346] (-) TimerEvent: {}
[16.648850] (-) TimerEvent: {}
[16.749500] (-) TimerEvent: {}
[16.851000] (-) TimerEvent: {}
[16.951659] (-) TimerEvent: {}
[17.052459] (-) TimerEvent: {}
[17.154116] (-) TimerEvent: {}
[17.254500] (-) TimerEvent: {}
[17.355263] (-) TimerEvent: {}
[17.457188] (-) TimerEvent: {}
[17.557712] (-) TimerEvent: {}
[17.658350] (-) TimerEvent: {}
[17.759747] (-) TimerEvent: {}
[17.860131] (-) TimerEvent: {}
[17.960506] (-) TimerEvent: {}
[18.061206] (-) TimerEvent: {}
[18.162043] (-) TimerEvent: {}
[18.262459] (-) TimerEvent: {}
[18.362888] (-) TimerEvent: {}
[18.464250] (-) TimerEvent: {}
[18.564918] (-) TimerEvent: {}
[18.665375] (-) TimerEvent: {}
[18.766110] (-) TimerEvent: {}
[18.867475] (-) TimerEvent: {}
[18.967947] (-) TimerEvent: {}
[19.068277] (-) TimerEvent: {}
[19.168671] (-) TimerEvent: {}
[19.269116] (-) TimerEvent: {}
[19.369440] (-) TimerEvent: {}
[19.469971] (-) TimerEvent: {}
[19.571148] (-) TimerEvent: {}
[19.671768] (-) TimerEvent: {}
[19.774191] (-) TimerEvent: {}
[19.875417] (-) TimerEvent: {}
[19.975798] (-) TimerEvent: {}
[20.076376] (-) TimerEvent: {}
[20.177885] (-) TimerEvent: {}
[20.278375] (-) TimerEvent: {}
[20.379031] (-) TimerEvent: {}
[20.480620] (-) TimerEvent: {}
[20.581196] (-) TimerEvent: {}
[20.682096] (-) TimerEvent: {}
[20.782877] (-) TimerEvent: {}
[20.884056] (-) TimerEvent: {}
[20.984708] (-) TimerEvent: {}
[21.085529] (-) TimerEvent: {}
[21.186255] (-) TimerEvent: {}
[21.286833] (-) TimerEvent: {}
[21.387442] (-) TimerEvent: {}
[21.489030] (-) TimerEvent: {}
[21.590074] (-) TimerEvent: {}
[21.690801] (-) TimerEvent: {}
[21.791894] (-) TimerEvent: {}
[21.892753] (-) TimerEvent: {}
[21.993270] (-) TimerEvent: {}
[22.093649] (-) TimerEvent: {}
[22.194286] (-) TimerEvent: {}
[22.294784] (-) TimerEvent: {}
[22.395319] (-) TimerEvent: {}
[22.496477] (-) TimerEvent: {}
[22.597251] (-) TimerEvent: {}
[22.697786] (-) TimerEvent: {}
[22.798265] (-) TimerEvent: {}
[22.899163] (-) TimerEvent: {}
[22.999715] (-) TimerEvent: {}
[23.102763] (-) TimerEvent: {}
[23.203378] (-) TimerEvent: {}
[23.303839] (-) TimerEvent: {}
[23.404268] (-) TimerEvent: {}
[23.505022] (-) TimerEvent: {}
[23.605821] (-) TimerEvent: {}
[23.706157] (-) TimerEvent: {}
[23.806822] (-) TimerEvent: {}
[23.907698] (-) TimerEvent: {}
[24.008241] (-) TimerEvent: {}
[24.108710] (-) TimerEvent: {}
[24.209389] (-) TimerEvent: {}
[24.310056] (-) TimerEvent: {}
[24.410584] (-) TimerEvent: {}
[24.510999] (-) TimerEvent: {}
[24.611792] (-) TimerEvent: {}
[24.712590] (-) TimerEvent: {}
[24.813216] (-) TimerEvent: {}
[24.914179] (-) TimerEvent: {}
[25.014650] (-) TimerEvent: {}
[25.115615] (-) TimerEvent: {}
[25.217125] (-) TimerEvent: {}
[25.317749] (-) TimerEvent: {}
[25.418204] (-) TimerEvent: {}
[25.518907] (-) TimerEvent: {}
[25.620157] (-) TimerEvent: {}
[25.720668] (-) TimerEvent: {}
[25.821104] (-) TimerEvent: {}
[25.921599] (-) TimerEvent: {}
[26.022257] (-) TimerEvent: {}
[26.123112] (-) TimerEvent: {}
[26.224645] (-) TimerEvent: {}
[26.325247] (-) TimerEvent: {}
[26.425842] (-) TimerEvent: {}
[26.527105] (-) TimerEvent: {}
[26.627656] (-) TimerEvent: {}
[26.728154] (-) TimerEvent: {}
[26.828630] (-) TimerEvent: {}
[26.929135] (-) TimerEvent: {}
[27.029869] (-) TimerEvent: {}
[27.130556] (-) TimerEvent: {}
[27.231606] (-) TimerEvent: {}
[27.332122] (-) TimerEvent: {}
[27.432655] (-) TimerEvent: {}
[27.533198] (-) TimerEvent: {}
[27.634088] (-) TimerEvent: {}
[27.734860] (-) TimerEvent: {}
[27.835491] (-) TimerEvent: {}
[27.937125] (-) TimerEvent: {}
[28.038866] (-) TimerEvent: {}
[28.139746] (-) TimerEvent: {}
[28.240861] (-) TimerEvent: {}
[28.341872] (-) TimerEvent: {}
[28.442490] (-) TimerEvent: {}
[28.543917] (-) TimerEvent: {}
[28.644479] (-) TimerEvent: {}
[28.745324] (-) TimerEvent: {}
[28.846821] (-) TimerEvent: {}
[28.947512] (-) TimerEvent: {}
[29.048148] (-) TimerEvent: {}
[29.148567] (-) TimerEvent: {}
[29.249204] (-) TimerEvent: {}
[29.349900] (-) TimerEvent: {}
[29.450345] (-) TimerEvent: {}
[29.550960] (-) TimerEvent: {}
[29.651724] (-) TimerEvent: {}
[29.752380] (-) TimerEvent: {}
[29.853011] (-) TimerEvent: {}
[29.954170] (-) TimerEvent: {}
[29.956338] (mynav) StdoutLine: {'line': b'[100%] \x1b[32m\x1b[1mLinking CXX executable action_client\x1b[0m\n'}
[30.054303] (-) TimerEvent: {}
[30.154664] (-) TimerEvent: {}
[30.255263] (-) TimerEvent: {}
[30.356102] (-) TimerEvent: {}
[30.456665] (-) TimerEvent: {}
[30.557304] (-) TimerEvent: {}
[30.658611] (-) TimerEvent: {}
[30.759177] (-) TimerEvent: {}
[30.859883] (-) TimerEvent: {}
[30.961269] (-) TimerEvent: {}
[31.061800] (-) TimerEvent: {}
[31.162613] (-) TimerEvent: {}
[31.263834] (-) TimerEvent: {}
[31.339287] (mynav) StdoutLine: {'line': b'[100%] Built target action_client\n'}
[31.364303] (-) TimerEvent: {}
[31.400508] (mynav) CommandEnded: {'returncode': 0}
[31.468225] (-) TimerEvent: {}
[31.498764] (mynav) JobProgress: {'identifier': 'mynav', 'progress': 'install'}
[31.540278] (mynav) Command: {'cmd': ['/usr/bin/cmake', '--install', '/home/hh/ros_ws/src/mynav/build/mynav'], 'cwd': '/home/hh/ros_ws/src/mynav/build/mynav', 'env': OrderedDict([('GJS_DEBUG_TOPICS', 'JS ERROR;JS LOG'), ('LESSOPEN', '| /usr/bin/lesspipe %s'), ('LANGUAGE', 'zh_CN:en_US:en'), ('USER', 'hh'), ('LC_TIME', 'zh_CN.UTF-8'), ('SSH_AGENT_PID', '3538'), ('XDG_SESSION_TYPE', 'x11'), ('GIT_ASKPASS', '/usr/share/code/resources/app/extensions/git/dist/askpass.sh'), ('SHLVL', '0'), ('LD_LIBRARY_PATH', '/usr/lib/x86_64-linux-gnu/gazebo-11/plugins:/opt/ros/foxy/opt/yaml_cpp_vendor/lib:/opt/ros/foxy/opt/rviz_ogre_vendor/lib:/opt/ros/foxy/lib/x86_64-linux-gnu:/opt/ros/foxy/lib'), ('QT4_IM_MODULE', 'fcitx'), ('HOME', '/home/hh'), ('CHROME_DESKTOP', 'code-url-handler.desktop'), ('TERM_PROGRAM_VERSION', '1.63.2'), ('DESKTOP_SESSION', 'ubuntu'), ('GIO_LAUNCHED_DESKTOP_FILE', '/usr/share/applications/code.desktop'), ('ROS_PYTHON_VERSION', '3'), ('GNOME_SHELL_SESSION_MODE', 'ubuntu'), ('GTK_MODULES', 'gail:atk-bridge'), ('VSCODE_GIT_ASKPASS_MAIN', '/usr/share/code/resources/app/extensions/git/dist/askpass-main.js'), ('LC_MONETARY', 'zh_CN.UTF-8'), ('VSCODE_GIT_ASKPASS_NODE', '/usr/share/code/code'), ('MANAGERPID', '2964'), ('DBUS_SESSION_BUS_ADDRESS', 'unix:path=/run/user/1000/bus'), ('COLORTERM', 'truecolor'), ('GIO_LAUNCHED_DESKTOP_FILE_PID', '5960'), ('IM_CONFIG_PHASE', '1'), ('ROS_DISTRO', 'foxy'), ('GTK_IM_MODULE', 'fcitx'), ('LOGNAME', 'hh'), ('_', '/usr/bin/colcon'), ('JOURNAL_STREAM', '8:54277'), ('ROS_VERSION', '2'), ('XDG_SESSION_CLASS', 'user'), ('USERNAME', 'hh'), ('TERM', 'xterm-256color'), ('GNOME_DESKTOP_SESSION_ID', 'this-is-deprecated'), ('ROS_LOCALHOST_ONLY', '0'), ('WINDOWPATH', '2'), ('PATH', '/opt/ros/foxy/bin:/usr/local/sbin:/usr/local/bin:/usr/sbin:/usr/bin:/sbin:/bin:/usr/games:/usr/local/games:/snap/bin'), ('SESSION_MANAGER', 'local/zw:@/tmp/.ICE-unix/3588,unix/zw:/tmp/.ICE-unix/3588'), ('INVOCATION_ID', '4a86618df63f41b097f1a7e6a41ab090'), ('PAPERSIZE', 'a4'), ('XDG_MENU_PREFIX', 'gnome-'), ('LC_ADDRESS', 'zh_CN.UTF-8'), ('XDG_RUNTIME_DIR', '/run/user/1000'), ('GDK_BACKEND', 'x11'), ('DISPLAY', ':0'), ('LANG', 'zh_CN.UTF-8'), ('XDG_CURRENT_DESKTOP', 'Unity'), ('LC_TELEPHONE', 'zh_CN.UTF-8'), ('XMODIFIERS', '@im=fcitx'), ('XDG_SESSION_DESKTOP', 'ubuntu'), ('XAUTHORITY', '/run/user/1000/gdm/Xauthority'), ('VSCODE_GIT_IPC_HANDLE', '/run/user/1000/vscode-git-7c3ccf0b5f.sock'), ('TERM_PROGRAM', 'vscode'), ('SSH_AUTH_SOCK', '/run/user/1000/keyring/ssh'), ('ROS_DOMAIN_ID', '30'), ('AMENT_PREFIX_PATH', '/opt/ros/foxy'), ('ORIGINAL_XDG_CURRENT_DESKTOP', 'ubuntu:GNOME'), ('SHELL', '/bin/bash'), ('LC_NAME', 'zh_CN.UTF-8'), ('QT_ACCESSIBILITY', '1'), ('GDMSESSION', 'ubuntu'), ('LESSCLOSE', '/usr/bin/lesspipe %s %s'), ('LC_MEASUREMENT', 'zh_CN.UTF-8'), ('GPG_AGENT_INFO', '/run/user/1000/gnupg/S.gpg-agent:0:1'), ('GJS_DEBUG_OUTPUT', 'stderr'), ('LC_IDENTIFICATION', 'zh_CN.UTF-8'), ('VSCODE_GIT_ASKPASS_EXTRA_ARGS', '--ms-enable-electron-run-as-node'), ('QT_IM_MODULE', 'fcitx'), ('PWD', '/home/hh/ros_ws/src/mynav/build/mynav'), ('TURTLEBOT3_MODEL', 'burger'), ('LC_ALL', 'en_US.UTF-8'), ('XDG_CONFIG_DIRS', '/etc/xdg/xdg-ubuntu:/etc/xdg'), ('CLUTTER_IM_MODULE', 'fcitx'), ('XDG_DATA_DIRS', '/usr/share/ubuntu:/usr/local/share/:/usr/share/:/var/lib/snapd/desktop'), ('PYTHONPATH', '/opt/ros/foxy/lib/python3.8/site-packages'), ('LC_NUMERIC', 'zh_CN.UTF-8'), ('BREAKPAD_DUMP_LOCATION', '/home/hh/.config/Code/exthost Crash Reports'), ('LC_PAPER', 'zh_CN.UTF-8'), ('COLCON', '1'), ('CMAKE_PREFIX_PATH', '/opt/ros/foxy')]), 'shell': False}
[31.568493] (-) TimerEvent: {}
[31.669456] (-) TimerEvent: {}
[31.770166] (-) TimerEvent: {}
[31.870905] (-) TimerEvent: {}
[31.973021] (-) TimerEvent: {}
[32.074780] (-) TimerEvent: {}
[32.175556] (-) TimerEvent: {}
[32.276192] (-) TimerEvent: {}
[32.376712] (-) TimerEvent: {}
[32.477309] (-) TimerEvent: {}
[32.577927] (-) TimerEvent: {}
[32.678343] (-) TimerEvent: {}
[32.778898] (-) TimerEvent: {}
[32.879932] (-) TimerEvent: {}
[32.889883] (mynav) StdoutLine: {'line': b'-- Install configuration: "RelWithDebInfo"\n'}
[32.980116] (-) TimerEvent: {}
[33.080531] (-) TimerEvent: {}
[33.100426] (mynav) StdoutLine: {'line': b'-- Installing: /home/hh/ros_ws/src/mynav/install/lib/mynav/action_client\n'}
[33.120911] (mynav) StdoutLine: {'line': b'-- Set runtime path of "/home/hh/ros_ws/src/mynav/install/lib/mynav/action_client" to ""\n'}
[33.121679] (mynav) StdoutLine: {'line': b'-- Up-to-date: /home/hh/ros_ws/src/mynav/install/share/ament_index/resource_index/package_run_dependencies/mynav\n'}
[33.121951] (mynav) StdoutLine: {'line': b'-- Up-to-date: /home/hh/ros_ws/src/mynav/install/share/ament_index/resource_index/parent_prefix_path/mynav\n'}
[33.122885] (mynav) StdoutLine: {'line': b'-- Up-to-date: /home/hh/ros_ws/src/mynav/install/share/mynav/environment/ament_prefix_path.sh\n'}
[33.123489] (mynav) StdoutLine: {'line': b'-- Up-to-date: /home/hh/ros_ws/src/mynav/install/share/mynav/environment/ament_prefix_path.dsv\n'}
[33.123805] (mynav) StdoutLine: {'line': b'-- Up-to-date: /home/hh/ros_ws/src/mynav/install/share/mynav/environment/path.sh\n'}
[33.123958] (mynav) StdoutLine: {'line': b'-- Up-to-date: /home/hh/ros_ws/src/mynav/install/share/mynav/environment/path.dsv\n'}
[33.124072] (mynav) StdoutLine: {'line': b'-- Up-to-date: /home/hh/ros_ws/src/mynav/install/share/mynav/local_setup.bash\n'}
[33.124282] (mynav) StdoutLine: {'line': b'-- Up-to-date: /home/hh/ros_ws/src/mynav/install/share/mynav/local_setup.sh\n'}
[33.124451] (mynav) StdoutLine: {'line': b'-- Up-to-date: /home/hh/ros_ws/src/mynav/install/share/mynav/local_setup.zsh\n'}
[33.124622] (mynav) StdoutLine: {'line': b'-- Up-to-date: /home/hh/ros_ws/src/mynav/install/share/mynav/local_setup.dsv\n'}
[33.124797] (mynav) StdoutLine: {'line': b'-- Installing: /home/hh/ros_ws/src/mynav/install/share/mynav/package.dsv\n'}
[33.164933] (mynav) StdoutLine: {'line': b'-- Up-to-date: /home/hh/ros_ws/src/mynav/install/share/ament_index/resource_index/packages/mynav\n'}
[33.165573] (mynav) StdoutLine: {'line': b'-- Up-to-date: /home/hh/ros_ws/src/mynav/install/share/mynav/cmake/mynavConfig.cmake\n'}
[33.165947] (mynav) StdoutLine: {'line': b'-- Up-to-date: /home/hh/ros_ws/src/mynav/install/share/mynav/cmake/mynavConfig-version.cmake\n'}
[33.166526] (mynav) StdoutLine: {'line': b'-- Up-to-date: /home/hh/ros_ws/src/mynav/install/share/mynav/package.xml\n'}
[33.170952] (mynav) CommandEnded: {'returncode': 0}
[33.180759] (-) TimerEvent: {}
[33.281359] (-) TimerEvent: {}
[33.381804] (-) TimerEvent: {}
[33.482458] (-) TimerEvent: {}
[33.586884] (-) TimerEvent: {}
[33.635922] (mynav) JobEnded: {'identifier': 'mynav', 'rc': 0}
[33.638027] (-) EventReactorShutdown: {}
