[0.059s] Invoking command in '/home/hh/turtle_nav_ws/src/mynav/build/mynav': CMAKE_PREFIX_PATH=/opt/ros/foxy /usr/bin/cmake --build /home/hh/turtle_nav_ws/src/mynav/build/mynav -- -j8 -l8
[0.248s] [35m[1mScanning dependencies of target clean_node[0m
[0.253s] [ 33%] Built target nav_client
[0.286s] [ 66%] Built target test_client
[0.334s] [ 83%] [32mBuilding CXX object CMakeFiles/clean_node.dir/src/main.cpp.o[0m
[3.938s] [01m[K/home/hh/turtle_nav_ws/src/mynav/src/main.cpp:[m[K In member function ‘[01m[Kvoid mynav::CleanNode::feedback_callback(rclcpp_action::ClientGoalHandle<nav2_msgs::action::NavigateToPose>::SharedPtr, std::shared_ptr<const nav2_msgs::action::NavigateToPose_Feedback_<std::allocator<void> > >)[m[K’:
[3.939s] [01m[K/home/hh/turtle_nav_ws/src/mynav/src/main.cpp:121:53:[m[K [01;35m[Kwarning: [m[Kunused parameter ‘[01m[Kfeedback[m[K’ [[01;35m[K-Wunused-parameter[m[K]
[3.939s]   121 |     [01;35m[Kconst std::shared_ptr<const Action_T::Feedback> feedback[m[K)
[3.939s]       |     [01;35m[K~~~~~~~~~~~~~~~~~~~~~~~~~~~~~~~~~~~~~~~~~~~~~~~~^~~~~~~~[m[K
[16.811s] [100%] [32m[1mLinking CXX executable clean_node[0m
[17.213s] [100%] Built target clean_node
[17.235s] Invoked command in '/home/hh/turtle_nav_ws/src/mynav/build/mynav' returned '0': CMAKE_PREFIX_PATH=/opt/ros/foxy /usr/bin/cmake --build /home/hh/turtle_nav_ws/src/mynav/build/mynav -- -j8 -l8
[17.324s] Invoking command in '/home/hh/turtle_nav_ws/src/mynav/build/mynav': CMAKE_PREFIX_PATH=/opt/ros/foxy /usr/bin/cmake --install /home/hh/turtle_nav_ws/src/mynav/build/mynav
[17.341s] -- Install configuration: "RelWithDebInfo"
[17.341s] -- Installing: /home/hh/turtle_nav_ws/src/mynav/install/lib/mynav/clean_node
[17.355s] -- Set runtime path of "/home/hh/turtle_nav_ws/src/mynav/install/lib/mynav/clean_node" to ""
[17.355s] -- Up-to-date: /home/hh/turtle_nav_ws/src/mynav/install/lib/mynav/nav_client
[17.356s] -- Up-to-date: /home/hh/turtle_nav_ws/src/mynav/install/lib/libtest_client.so
[17.358s] -- Up-to-date: /home/hh/turtle_nav_ws/src/mynav/install/share/ament_index/resource_index/package_run_dependencies/mynav
[17.358s] -- Up-to-date: /home/hh/turtle_nav_ws/src/mynav/install/share/ament_index/resource_index/parent_prefix_path/mynav
[17.360s] -- Up-to-date: /home/hh/turtle_nav_ws/src/mynav/install/share/mynav/environment/ament_prefix_path.sh
[17.360s] -- Up-to-date: /home/hh/turtle_nav_ws/src/mynav/install/share/mynav/environment/ament_prefix_path.dsv
[17.360s] -- Up-to-date: /home/hh/turtle_nav_ws/src/mynav/install/share/mynav/environment/path.sh
[17.361s] -- Up-to-date: /home/hh/turtle_nav_ws/src/mynav/install/share/mynav/environment/path.dsv
[17.361s] -- Up-to-date: /home/hh/turtle_nav_ws/src/mynav/install/share/mynav/local_setup.bash
[17.361s] -- Up-to-date: /home/hh/turtle_nav_ws/src/mynav/install/share/mynav/local_setup.sh
[17.361s] -- Up-to-date: /home/hh/turtle_nav_ws/src/mynav/install/share/mynav/local_setup.zsh
[17.361s] -- Up-to-date: /home/hh/turtle_nav_ws/src/mynav/install/share/mynav/local_setup.dsv
[17.361s] -- Installing: /home/hh/turtle_nav_ws/src/mynav/install/share/mynav/package.dsv
[17.362s] -- Up-to-date: /home/hh/turtle_nav_ws/src/mynav/install/share/ament_index/resource_index/packages/mynav
[17.362s] -- Up-to-date: /home/hh/turtle_nav_ws/src/mynav/install/share/ament_index/resource_index/rclcpp_components/mynav
[17.362s] -- Up-to-date: /home/hh/turtle_nav_ws/src/mynav/install/share/mynav/cmake/mynavConfig.cmake
[17.362s] -- Up-to-date: /home/hh/turtle_nav_ws/src/mynav/install/share/mynav/cmake/mynavConfig-version.cmake
[17.362s] -- Up-to-date: /home/hh/turtle_nav_ws/src/mynav/install/share/mynav/package.xml
[17.366s] Invoked command in '/home/hh/turtle_nav_ws/src/mynav/build/mynav' returned '0': CMAKE_PREFIX_PATH=/opt/ros/foxy /usr/bin/cmake --install /home/hh/turtle_nav_ws/src/mynav/build/mynav
