[0.141s] Invoking command in '/home/hh/ros_ws/src/mynav/build/mynav': CMAKE_PREFIX_PATH=/opt/ros/foxy /usr/bin/cmake --build /home/hh/ros_ws/src/mynav/build/mynav -- -j8 -l8
[0.184s] -- Found ament_cmake: 0.9.9 (/opt/ros/foxy/share/ament_cmake/cmake)
[0.209s] -- Using PYTHON_EXECUTABLE: /usr/bin/python3
[0.405s] -- Found nav2_msgs: 0.4.7 (/opt/ros/foxy/share/nav2_msgs/cmake)
[0.429s] -- Using all available rosidl_typesupport_c: rosidl_typesupport_fastrtps_c;rosidl_typesupport_introspection_c
[0.433s] -- Found rosidl_adapter: 1.2.1 (/opt/ros/foxy/share/rosidl_adapter/cmake)
[0.571s] -- Using all available rosidl_typesupport_cpp: rosidl_typesupport_fastrtps_cpp;rosidl_typesupport_introspection_cpp
[1.065s] -- Found rclcpp: 2.4.0 (/opt/ros/foxy/share/rclcpp/cmake)
[1.108s] -- Found rmw_implementation_cmake: 1.0.3 (/opt/ros/foxy/share/rmw_implementation_cmake/cmake)
[1.109s] -- Using RMW implementation 'rmw_fastrtps_cpp' as default
[1.254s] -- Found rclcpp_action: 2.4.0 (/opt/ros/foxy/share/rclcpp_action/cmake)
[1.288s] -- Found rclcpp_components: 2.4.0 (/opt/ros/foxy/share/rclcpp_components/cmake)
[1.350s] -- Found ament_lint_auto: 0.9.6 (/opt/ros/foxy/share/ament_lint_auto/cmake)
[1.421s] -- Added test 'copyright' to check source files copyright and LICENSE
[1.436s] -- Added test 'cppcheck' to perform static code analysis on C / C++ code
[1.436s] -- Configured cppcheck include dirs: 
[1.436s] -- Configured cppcheck exclude dirs and/or files: 
[1.448s] -- Added test 'cpplint' to check C / C++ code against the Google style
[1.448s] -- Configured cpplint exclude dirs and/or files: 
[1.450s] -- Added test 'flake8' to check Python code syntax and style conventions
[1.453s] -- Added test 'lint_cmake' to check CMake code style
[1.455s] -- Added test 'pep257' to check Python code against some of the style conventions in PEP 257
[1.468s] -- Added test 'uncrustify' to check C / C++ code style
[1.468s] -- Configured uncrustify additional arguments: 
[1.470s] -- Added test 'xmllint' to check XML markup files
[1.473s] -- Configuring done
[1.487s] -- Generating done
[1.489s] -- Build files have been written to: /home/hh/ros_ws/src/mynav/build/mynav
[1.520s] [35m[1mScanning dependencies of target action_client[0m
[1.556s] [ 50%] [32mBuilding CXX object CMakeFiles/action_client.dir/src/main.cpp.o[0m
[8.779s] [100%] [32m[1mLinking CXX executable action_client[0m
[9.499s] [100%] Built target action_client
[9.512s] Invoked command in '/home/hh/ros_ws/src/mynav/build/mynav' returned '0': CMAKE_PREFIX_PATH=/opt/ros/foxy /usr/bin/cmake --build /home/hh/ros_ws/src/mynav/build/mynav -- -j8 -l8
[9.552s] Invoking command in '/home/hh/ros_ws/src/mynav/build/mynav': CMAKE_PREFIX_PATH=/opt/ros/foxy /usr/bin/cmake --install /home/hh/ros_ws/src/mynav/build/mynav
[9.562s] -- Install configuration: "RelWithDebInfo"
[9.562s] -- Installing: /home/hh/ros_ws/src/mynav/install/lib/mynav/action_client
[9.567s] -- Set runtime path of "/home/hh/ros_ws/src/mynav/install/lib/mynav/action_client" to ""
[9.567s] -- Up-to-date: /home/hh/ros_ws/src/mynav/install/share/ament_index/resource_index/package_run_dependencies/mynav
[9.567s] -- Up-to-date: /home/hh/ros_ws/src/mynav/install/share/ament_index/resource_index/parent_prefix_path/mynav
[9.567s] -- Up-to-date: /home/hh/ros_ws/src/mynav/install/share/mynav/environment/ament_prefix_path.sh
[9.567s] -- Installing: /home/hh/ros_ws/src/mynav/install/share/mynav/environment/ament_prefix_path.dsv
[9.567s] -- Up-to-date: /home/hh/ros_ws/src/mynav/install/share/mynav/environment/path.sh
[9.567s] -- Installing: /home/hh/ros_ws/src/mynav/install/share/mynav/environment/path.dsv
[9.568s] -- Up-to-date: /home/hh/ros_ws/src/mynav/install/share/mynav/local_setup.bash
[9.568s] -- Up-to-date: /home/hh/ros_ws/src/mynav/install/share/mynav/local_setup.sh
[9.568s] -- Up-to-date: /home/hh/ros_ws/src/mynav/install/share/mynav/local_setup.zsh
[9.568s] -- Installing: /home/hh/ros_ws/src/mynav/install/share/mynav/local_setup.dsv
[9.568s] -- Installing: /home/hh/ros_ws/src/mynav/install/share/mynav/package.dsv
[9.568s] -- Up-to-date: /home/hh/ros_ws/src/mynav/install/share/ament_index/resource_index/packages/mynav
[9.568s] -- Up-to-date: /home/hh/ros_ws/src/mynav/install/share/mynav/cmake/mynavConfig.cmake
[9.568s] -- Up-to-date: /home/hh/ros_ws/src/mynav/install/share/mynav/cmake/mynavConfig-version.cmake
[9.568s] -- Up-to-date: /home/hh/ros_ws/src/mynav/install/share/mynav/package.xml
[9.570s] Invoked command in '/home/hh/ros_ws/src/mynav/build/mynav' returned '0': CMAKE_PREFIX_PATH=/opt/ros/foxy /usr/bin/cmake --install /home/hh/ros_ws/src/mynav/build/mynav
