-- Found ament_cmake: 0.9.9 (/opt/ros/foxy/share/ament_cmake/cmake)
-- Using PYTHON_EXECUTABLE: /usr/bin/python3
-- Found nav2_msgs: 0.4.7 (/opt/ros/foxy/share/nav2_msgs/cmake)
-- Using all available rosidl_typesupport_c: rosidl_typesupport_fastrtps_c;rosidl_typesupport_introspection_c
-- Found rosidl_adapter: 1.2.1 (/opt/ros/foxy/share/rosidl_adapter/cmake)
-- Using all available rosidl_typesupport_cpp: rosidl_typesupport_fastrtps_cpp;rosidl_typesupport_introspection_cpp
-- Found rclcpp: 2.4.0 (/opt/ros/foxy/share/rclcpp/cmake)
-- Found rmw_implementation_cmake: 1.0.3 (/opt/ros/foxy/share/rmw_implementation_cmake/cmake)
-- Using RMW implementation 'rmw_fastrtps_cpp' as default
-- Found rclcpp_action: 2.4.0 (/opt/ros/foxy/share/rclcpp_action/cmake)
-- Found rclcpp_components: 2.4.0 (/opt/ros/foxy/share/rclcpp_components/cmake)
-- Found ament_lint_auto: 0.9.6 (/opt/ros/foxy/share/ament_lint_auto/cmake)
-- Added test 'copyright' to check source files copyright and LICENSE
-- Added test 'cppcheck' to perform static code analysis on C / C++ code
-- Configured cppcheck include dirs: 
-- Configured cppcheck exclude dirs and/or files: 
-- Added test 'cpplint' to check C / C++ code against the Google style
-- Configured cpplint exclude dirs and/or files: 
-- Added test 'flake8' to check Python code syntax and style conventions
-- Added test 'lint_cmake' to check CMake code style
-- Added test 'pep257' to check Python code against some of the style conventions in PEP 257
-- Added test 'uncrustify' to check C / C++ code style
-- Configured uncrustify additional arguments: 
-- Added test 'xmllint' to check XML markup files
-- Configuring done
-- Generating done
-- Build files have been written to: /home/hh/ros_ws/src/mynav/build/mynav
[ 50%] [32mBuilding CXX object CMakeFiles/action_client.dir/src/main.cpp.o[0m
In file included from [01m[K/usr/include/x86_64-linux-gnu/c++/9/bits/c++allocator.h:33[m[K,
                 from [01m[K/usr/include/c++/9/bits/allocator.h:46[m[K,
                 from [01m[K/usr/include/c++/9/string:41[m[K,
                 from [01m[K/usr/include/c++/9/stdexcept:39[m[K,
                 from [01m[K/usr/include/c++/9/array:39[m[K,
                 from [01m[K/usr/include/c++/9/tuple:39[m[K,
                 from [01m[K/usr/include/c++/9/functional:54[m[K,
                 from [01m[K/home/hh/ros_ws/src/mynav/src/main.cpp:1[m[K:
/usr/include/c++/9/ext/new_allocator.h: In instantiation of ‘[01m[Kvoid __gnu_cxx::new_allocator<_Tp>::construct(_Up*, _Args&& ...) [with _Up = NavigationToPose; _Args = {NavigationToPose*}; _Tp = NavigationToPose][m[K’:
[01m[K/usr/include/c++/9/bits/alloc_traits.h:482:2:[m[K   required from ‘[01m[Kstatic void std::allocator_traits<std::allocator<_CharT> >::construct(std::allocator_traits<std::allocator<_CharT> >::allocator_type&, _Up*, _Args&& ...) [with _Up = NavigationToPose; _Args = {NavigationToPose*}; _Tp = NavigationToPose; std::allocator_traits<std::allocator<_CharT> >::allocator_type = std::allocator<NavigationToPose>][m[K’
[01m[K/usr/include/c++/9/bits/shared_ptr_base.h:548:39:[m[K   required from ‘[01m[Kstd::_Sp_counted_ptr_inplace<_Tp, _Alloc, _Lp>::_Sp_counted_ptr_inplace(_Alloc, _Args&& ...) [with _Args = {NavigationToPose*}; _Tp = NavigationToPose; _Alloc = std::allocator<NavigationToPose>; __gnu_cxx::_Lock_policy _Lp = __gnu_cxx::_S_atomic][m[K’
[01m[K/usr/include/c++/9/bits/shared_ptr_base.h:679:16:[m[K   required from ‘[01m[Kstd::__shared_count<_Lp>::__shared_count(_Tp*&, std::_Sp_alloc_shared_tag<_Alloc>, _Args&& ...) [with _Tp = NavigationToPose; _Alloc = std::allocator<NavigationToPose>; _Args = {NavigationToPose*}; __gnu_cxx::_Lock_policy _Lp = __gnu_cxx::_S_atomic][m[K’
[01m[K/usr/include/c++/9/bits/shared_ptr_base.h:1344:71:[m[K   required from ‘[01m[Kstd::__shared_ptr<_Tp, _Lp>::__shared_ptr(std::_Sp_alloc_shared_tag<_Tp>, _Args&& ...) [with _Alloc = std::allocator<NavigationToPose>; _Args = {NavigationToPose*}; _Tp = NavigationToPose; __gnu_cxx::_Lock_policy _Lp = __gnu_cxx::_S_atomic][m[K’
[01m[K/usr/include/c++/9/bits/shared_ptr.h:359:59:[m[K   required from ‘[01m[Kstd::shared_ptr<_Tp>::shared_ptr(std::_Sp_alloc_shared_tag<_Tp>, _Args&& ...) [with _Alloc = std::allocator<NavigationToPose>; _Args = {NavigationToPose*}; _Tp = NavigationToPose][m[K’
[01m[K/usr/include/c++/9/bits/shared_ptr.h:701:14:[m[K   required from ‘[01m[Kstd::shared_ptr<_Tp> std::allocate_shared(const _Alloc&, _Args&& ...) [with _Tp = NavigationToPose; _Alloc = std::allocator<NavigationToPose>; _Args = {NavigationToPose*}][m[K’
[01m[K/usr/include/c++/9/bits/shared_ptr.h:717:39:[m[K   required from ‘[01m[Kstd::shared_ptr<_Tp> std::make_shared(_Args&& ...) [with _Tp = NavigationToPose; _Args = {NavigationToPose*}][m[K’
[01m[K/home/hh/ros_ws/src/mynav/src/main.cpp:109:83:[m[K   required from here
[01m[K/usr/include/c++/9/ext/new_allocator.h:145:20:[m[K [01;31m[Kerror: [m[Kno matching function for call to ‘[01m[KNavigationToPose::NavigationToPose(NavigationToPose*)[m[K’
  145 |  noexcept(noexcept([01;31m[K::new((void *)__p)[m[K
      |                    [01;31m[K^~~~~~~~~~~~~~~~~~[m[K
  146 | [01;31m[K       _Up(std::forward<_Args>(__args)...)[m[K))
      |        [01;31m[K~~~~~~~~~~~~~~~~~~~~~~~~~~~~~~~~~~~[m[K
[01m[K/home/hh/ros_ws/src/mynav/src/main.cpp:78:5:[m[K [01;36m[Knote: [m[Kcandidate: ‘[01m[KNavigationToPose::NavigationToPose(const rclcpp::NodeOptions&)[m[K’
   78 |     [01;36m[KNavigationToPose[m[K(const rclcpp::NodeOptions & options = rclcpp::NodeOptions())
      |     [01;36m[K^~~~~~~~~~~~~~~~[m[K
[01m[K/home/hh/ros_ws/src/mynav/src/main.cpp:78:50:[m[K [01;36m[Knote: [m[K  no known conversion for argument 1 from ‘[01m[KNavigationToPose*[m[K’ to ‘[01m[Kconst rclcpp::NodeOptions&[m[K’
   78 | vigationToPose([01;36m[Kconst rclcpp::NodeOptions & options = rclcpp::NodeOptions()[m[K)
      |                [01;36m[K~~~~~~~~~~~~~~~~~~~~~~~~~~~~^~~~~~~~~~~~~~~~~~~~~~~~~~~~~~~[m[K

make[2]: *** [CMakeFiles/action_client.dir/build.make:63：CMakeFiles/action_client.dir/src/main.cpp.o] 错误 1
make[1]: *** [CMakeFiles/Makefile2:78：CMakeFiles/action_client.dir/all] 错误 2
make: *** [Makefile:141：all] 错误 2
