[0.045s] Invoking command in '/home/hh/ros_ws/src/mynav/build/mynav': CMAKE_PREFIX_PATH=/opt/ros/foxy /usr/bin/cmake --build /home/hh/ros_ws/src/mynav/build/mynav -- -j8 -l8
[0.177s] [35m[1mScanning dependencies of target action_client[0m
[0.268s] [ 50%] [32mBuilding CXX object CMakeFiles/action_client.dir/src/main.cpp.o[0m
[31.209s] [100%] [32m[1mLinking CXX executable action_client[0m
[32.223s] [100%] Built target action_client
[32.287s] Invoked command in '/home/hh/ros_ws/src/mynav/build/mynav' returned '0': CMAKE_PREFIX_PATH=/opt/ros/foxy /usr/bin/cmake --build /home/hh/ros_ws/src/mynav/build/mynav -- -j8 -l8
[32.454s] Invoking command in '/home/hh/ros_ws/src/mynav/build/mynav': CMAKE_PREFIX_PATH=/opt/ros/foxy /usr/bin/cmake --install /home/hh/ros_ws/src/mynav/build/mynav
[32.512s] -- Install configuration: "RelWithDebInfo"
[32.512s] -- Installing: /home/hh/ros_ws/src/mynav/install/lib/mynav/action_client
[32.537s] -- Set runtime path of "/home/hh/ros_ws/src/mynav/install/lib/mynav/action_client" to ""
[32.540s] -- Up-to-date: /home/hh/ros_ws/src/mynav/install/share/ament_index/resource_index/package_run_dependencies/mynav
[32.542s] -- Up-to-date: /home/hh/ros_ws/src/mynav/install/share/ament_index/resource_index/parent_prefix_path/mynav
[32.543s] -- Up-to-date: /home/hh/ros_ws/src/mynav/install/share/mynav/environment/ament_prefix_path.sh
[32.544s] -- Up-to-date: /home/hh/ros_ws/src/mynav/install/share/mynav/environment/ament_prefix_path.dsv
[32.545s] -- Up-to-date: /home/hh/ros_ws/src/mynav/install/share/mynav/environment/path.sh
[32.546s] -- Up-to-date: /home/hh/ros_ws/src/mynav/install/share/mynav/environment/path.dsv
[32.550s] -- Up-to-date: /home/hh/ros_ws/src/mynav/install/share/mynav/local_setup.bash
[32.550s] -- Up-to-date: /home/hh/ros_ws/src/mynav/install/share/mynav/local_setup.sh
[32.550s] -- Up-to-date: /home/hh/ros_ws/src/mynav/install/share/mynav/local_setup.zsh
[32.551s] -- Up-to-date: /home/hh/ros_ws/src/mynav/install/share/mynav/local_setup.dsv
[32.551s] -- Installing: /home/hh/ros_ws/src/mynav/install/share/mynav/package.dsv
[32.551s] -- Up-to-date: /home/hh/ros_ws/src/mynav/install/share/ament_index/resource_index/packages/mynav
[32.551s] -- Up-to-date: /home/hh/ros_ws/src/mynav/install/share/mynav/cmake/mynavConfig.cmake
[32.551s] -- Up-to-date: /home/hh/ros_ws/src/mynav/install/share/mynav/cmake/mynavConfig-version.cmake
[32.552s] -- Up-to-date: /home/hh/ros_ws/src/mynav/install/share/mynav/package.xml
[32.565s] Invoked command in '/home/hh/ros_ws/src/mynav/build/mynav' returned '0': CMAKE_PREFIX_PATH=/opt/ros/foxy /usr/bin/cmake --install /home/hh/ros_ws/src/mynav/build/mynav
