[0.030s] Invoking command in '/home/hh/turtle_nav_ws/src/mynav/build/mynav': CMAKE_PREFIX_PATH=/opt/ros/foxy /usr/bin/cmake --build /home/hh/turtle_nav_ws/src/mynav/build/mynav -- -j8 -l8
[0.111s] [35m[1mScanning dependencies of target clean_node[0m
[0.149s] [ 33%] Built target test_client
[0.168s] [ 50%] [32mBuilding CXX object CMakeFiles/clean_node.dir/src/main.cpp.o[0m
[0.201s] [ 83%] Built target nav_client
[3.759s] [01m[K/home/hh/turtle_nav_ws/src/mynav/src/main.cpp:[m[K In member function ‘[01m[Kvoid mynav::CleanNode::feedback_callback(rclcpp_action::ClientGoalHandle<nav2_msgs::action::NavigateToPose>::SharedPtr, std::shared_ptr<const nav2_msgs::action::NavigateToPose_Feedback_<std::allocator<void> > >)[m[K’:
[3.760s] [01m[K/home/hh/turtle_nav_ws/src/mynav/src/main.cpp:121:53:[m[K [01;35m[Kwarning: [m[Kunused parameter ‘[01m[Kfeedback[m[K’ [[01;35m[K-Wunused-parameter[m[K]
[3.760s]   121 |     [01;35m[Kconst std::shared_ptr<const Action_T::Feedback> feedback[m[K)
[3.760s]       |     [01;35m[K~~~~~~~~~~~~~~~~~~~~~~~~~~~~~~~~~~~~~~~~~~~~~~~~^~~~~~~~[m[K
[18.592s] [100%] [32m[1mLinking CXX executable clean_node[0m
[19.054s] [100%] Built target clean_node
[19.152s] Invoked command in '/home/hh/turtle_nav_ws/src/mynav/build/mynav' returned '0': CMAKE_PREFIX_PATH=/opt/ros/foxy /usr/bin/cmake --build /home/hh/turtle_nav_ws/src/mynav/build/mynav -- -j8 -l8
[19.200s] Invoking command in '/home/hh/turtle_nav_ws/src/mynav/build/mynav': CMAKE_PREFIX_PATH=/opt/ros/foxy /usr/bin/cmake --install /home/hh/turtle_nav_ws/src/mynav/build/mynav
[19.217s] -- Install configuration: "RelWithDebInfo"
[19.217s] -- Installing: /home/hh/turtle_nav_ws/src/mynav/install/lib/mynav/clean_node
[19.228s] -- Set runtime path of "/home/hh/turtle_nav_ws/src/mynav/install/lib/mynav/clean_node" to ""
[19.228s] -- Up-to-date: /home/hh/turtle_nav_ws/src/mynav/install/lib/mynav/nav_client
[19.228s] -- Up-to-date: /home/hh/turtle_nav_ws/src/mynav/install/lib/libtest_client.so
[19.229s] -- Up-to-date: /home/hh/turtle_nav_ws/src/mynav/install/share/ament_index/resource_index/package_run_dependencies/mynav
[19.229s] -- Up-to-date: /home/hh/turtle_nav_ws/src/mynav/install/share/ament_index/resource_index/parent_prefix_path/mynav
[19.230s] -- Up-to-date: /home/hh/turtle_nav_ws/src/mynav/install/share/mynav/environment/ament_prefix_path.sh
[19.230s] -- Up-to-date: /home/hh/turtle_nav_ws/src/mynav/install/share/mynav/environment/ament_prefix_path.dsv
[19.230s] -- Up-to-date: /home/hh/turtle_nav_ws/src/mynav/install/share/mynav/environment/path.sh
[19.230s] -- Up-to-date: /home/hh/turtle_nav_ws/src/mynav/install/share/mynav/environment/path.dsv
[19.230s] -- Up-to-date: /home/hh/turtle_nav_ws/src/mynav/install/share/mynav/local_setup.bash
[19.231s] -- Up-to-date: /home/hh/turtle_nav_ws/src/mynav/install/share/mynav/local_setup.sh
[19.231s] -- Up-to-date: /home/hh/turtle_nav_ws/src/mynav/install/share/mynav/local_setup.zsh
[19.231s] -- Up-to-date: /home/hh/turtle_nav_ws/src/mynav/install/share/mynav/local_setup.dsv
[19.231s] -- Installing: /home/hh/turtle_nav_ws/src/mynav/install/share/mynav/package.dsv
[19.231s] -- Up-to-date: /home/hh/turtle_nav_ws/src/mynav/install/share/ament_index/resource_index/packages/mynav
[19.231s] -- Up-to-date: /home/hh/turtle_nav_ws/src/mynav/install/share/ament_index/resource_index/rclcpp_components/mynav
[19.231s] -- Up-to-date: /home/hh/turtle_nav_ws/src/mynav/install/share/mynav/cmake/mynavConfig.cmake
[19.231s] -- Up-to-date: /home/hh/turtle_nav_ws/src/mynav/install/share/mynav/cmake/mynavConfig-version.cmake
[19.231s] -- Up-to-date: /home/hh/turtle_nav_ws/src/mynav/install/share/mynav/package.xml
[19.234s] Invoked command in '/home/hh/turtle_nav_ws/src/mynav/build/mynav' returned '0': CMAKE_PREFIX_PATH=/opt/ros/foxy /usr/bin/cmake --install /home/hh/turtle_nav_ws/src/mynav/build/mynav
