Performing C SOURCE FILE Test CMAKE_HAVE_LIBC_PTHREAD failed with the following output:
Change Dir: /home/hh/turtle_nav_ws/src/mynav/build/CMakeFiles/CMakeTmp

Run Build Command(s):/usr/bin/make cmTC_7b019/fast && /usr/bin/make -f CMakeFiles/cmTC_7b019.dir/build.make CMakeFiles/cmTC_7b019.dir/build
make[1]: 进入目录“/home/hh/turtle_nav_ws/src/mynav/build/CMakeFiles/CMakeTmp”
Building C object CMakeFiles/cmTC_7b019.dir/src.c.o
/bin/x86_64-linux-gnu-gcc-9   -DCMAKE_HAVE_LIBC_PTHREAD   -o CMakeFiles/cmTC_7b019.dir/src.c.o   -c /home/hh/turtle_nav_ws/src/mynav/build/CMakeFiles/CMakeTmp/src.c
Linking C executable cmTC_7b019
/usr/bin/cmake -E cmake_link_script CMakeFiles/cmTC_7b019.dir/link.txt --verbose=1
/bin/x86_64-linux-gnu-gcc-9  -DCMAKE_HAVE_LIBC_PTHREAD    CMakeFiles/cmTC_7b019.dir/src.c.o  -o cmTC_7b019 
/usr/bin/ld: CMakeFiles/cmTC_7b019.dir/src.c.o: in function `main':
src.c:(.text+0x46): undefined reference to `pthread_create'
/usr/bin/ld: src.c:(.text+0x52): undefined reference to `pthread_detach'
/usr/bin/ld: src.c:(.text+0x63): undefined reference to `pthread_join'
collect2: error: ld returned 1 exit status
make[1]: *** [CMakeFiles/cmTC_7b019.dir/build.make:87：cmTC_7b019] 错误 1
make[1]: 离开目录“/home/hh/turtle_nav_ws/src/mynav/build/CMakeFiles/CMakeTmp”
make: *** [Makefile:121：cmTC_7b019/fast] 错误 2


Source file was:
#include <pthread.h>

void* test_func(void* data)
{
  return data;
}

int main(void)
{
  pthread_t thread;
  pthread_create(&thread, NULL, test_func, NULL);
  pthread_detach(thread);
  pthread_join(thread, NULL);
  pthread_atfork(NULL, NULL, NULL);
  pthread_exit(NULL);

  return 0;
}

Determining if the function pthread_create exists in the pthreads failed with the following output:
Change Dir: /home/hh/turtle_nav_ws/src/mynav/build/CMakeFiles/CMakeTmp

Run Build Command(s):/usr/bin/make cmTC_15349/fast && /usr/bin/make -f CMakeFiles/cmTC_15349.dir/build.make CMakeFiles/cmTC_15349.dir/build
make[1]: 进入目录“/home/hh/turtle_nav_ws/src/mynav/build/CMakeFiles/CMakeTmp”
Building C object CMakeFiles/cmTC_15349.dir/CheckFunctionExists.c.o
/bin/x86_64-linux-gnu-gcc-9   -DCHECK_FUNCTION_EXISTS=pthread_create   -o CMakeFiles/cmTC_15349.dir/CheckFunctionExists.c.o   -c /usr/share/cmake-3.16/Modules/CheckFunctionExists.c
Linking C executable cmTC_15349
/usr/bin/cmake -E cmake_link_script CMakeFiles/cmTC_15349.dir/link.txt --verbose=1
/bin/x86_64-linux-gnu-gcc-9  -DCHECK_FUNCTION_EXISTS=pthread_create    CMakeFiles/cmTC_15349.dir/CheckFunctionExists.c.o  -o cmTC_15349  -lpthreads 
/usr/bin/ld: 找不到 -lpthreads
collect2: error: ld returned 1 exit status
make[1]: *** [CMakeFiles/cmTC_15349.dir/build.make:87：cmTC_15349] 错误 1
make[1]: 离开目录“/home/hh/turtle_nav_ws/src/mynav/build/CMakeFiles/CMakeTmp”
make: *** [Makefile:121：cmTC_15349/fast] 错误 2



