[0.029s] Invoking command in '/home/hh/ros_ws/src/mynav/build/mynav': CMAKE_PREFIX_PATH=/opt/ros/foxy /usr/bin/cmake --build /home/hh/ros_ws/src/mynav/build/mynav -- -j8 -l8
[0.152s] [100%] Built target action_client
[0.172s] Invoked command in '/home/hh/ros_ws/src/mynav/build/mynav' returned '0': CMAKE_PREFIX_PATH=/opt/ros/foxy /usr/bin/cmake --build /home/hh/ros_ws/src/mynav/build/mynav -- -j8 -l8
[0.236s] Invoking command in '/home/hh/ros_ws/src/mynav/build/mynav': CMAKE_PREFIX_PATH=/opt/ros/foxy /usr/bin/cmake --install /home/hh/ros_ws/src/mynav/build/mynav
[0.253s] -- Install configuration: "RelWithDebInfo"
[0.253s] -- Up-to-date: /home/hh/ros_ws/src/mynav/install/lib/mynav/action_client
[0.254s] -- Up-to-date: /home/hh/ros_ws/src/mynav/install/share/ament_index/resource_index/package_run_dependencies/mynav
[0.254s] -- Up-to-date: /home/hh/ros_ws/src/mynav/install/share/ament_index/resource_index/parent_prefix_path/mynav
[0.254s] -- Up-to-date: /home/hh/ros_ws/src/mynav/install/share/mynav/environment/ament_prefix_path.sh
[0.255s] -- Up-to-date: /home/hh/ros_ws/src/mynav/install/share/mynav/environment/ament_prefix_path.dsv
[0.256s] -- Up-to-date: /home/hh/ros_ws/src/mynav/install/share/mynav/environment/path.sh
[0.256s] -- Up-to-date: /home/hh/ros_ws/src/mynav/install/share/mynav/environment/path.dsv
[0.256s] -- Up-to-date: /home/hh/ros_ws/src/mynav/install/share/mynav/local_setup.bash
[0.257s] -- Up-to-date: /home/hh/ros_ws/src/mynav/install/share/mynav/local_setup.sh
[0.257s] -- Up-to-date: /home/hh/ros_ws/src/mynav/install/share/mynav/local_setup.zsh
[0.257s] -- Up-to-date: /home/hh/ros_ws/src/mynav/install/share/mynav/local_setup.dsv
[0.257s] -- Installing: /home/hh/ros_ws/src/mynav/install/share/mynav/package.dsv
[0.257s] -- Up-to-date: /home/hh/ros_ws/src/mynav/install/share/ament_index/resource_index/packages/mynav
[0.257s] -- Up-to-date: /home/hh/ros_ws/src/mynav/install/share/mynav/cmake/mynavConfig.cmake
[0.257s] -- Up-to-date: /home/hh/ros_ws/src/mynav/install/share/mynav/cmake/mynavConfig-version.cmake
[0.257s] -- Up-to-date: /home/hh/ros_ws/src/mynav/install/share/mynav/package.xml
[0.260s] Invoked command in '/home/hh/ros_ws/src/mynav/build/mynav' returned '0': CMAKE_PREFIX_PATH=/opt/ros/foxy /usr/bin/cmake --install /home/hh/ros_ws/src/mynav/build/mynav
