[0.119s] Invoking command in '/home/hh/ros_ws/src/mynav/build/mynav': CMAKE_PREFIX_PATH=/opt/ros/foxy /usr/bin/cmake /home/hh/ros_ws/src/mynav -DCMAKE_BUILD_TYPE=RelWithDebInfo -Wall -Wextra -Wpedantic -DCMAKE_INSTALL_PREFIX=/home/hh/ros_ws/src/mynav/install
[1.084s] -- The C compiler identification is GNU 9.3.0
[1.169s] -- The CXX compiler identification is GNU 9.3.0
[1.200s] -- Check for working C compiler: /usr/bin/cc
[1.325s] -- Check for working C compiler: /usr/bin/cc -- works
[1.326s] -- Detecting C compiler ABI info
[1.402s] -- Detecting C compiler ABI info - done
[1.416s] -- Detecting C compile features
[1.417s] -- Detecting C compile features - done
[1.421s] -- Check for working CXX compiler: /usr/bin/c++
[1.508s] -- Check for working CXX compiler: /usr/bin/c++ -- works
[1.510s] -- Detecting CXX compiler ABI info
[1.616s] -- Detecting CXX compiler ABI info - done
[1.645s] -- Detecting CXX compile features
[1.645s] -- Detecting CXX compile features - done
[1.663s] -- Found ament_cmake: 0.9.9 (/opt/ros/foxy/share/ament_cmake/cmake)
[1.751s] -- Found PythonInterp: /usr/bin/python3 (found suitable version "3.8.10", minimum required is "3") 
[1.752s] -- Using PYTHON_EXECUTABLE: /usr/bin/python3
[2.361s] -- Found nav2_msgs: 0.4.7 (/opt/ros/foxy/share/nav2_msgs/cmake)
[2.521s] -- Using all available rosidl_typesupport_c: rosidl_typesupport_fastrtps_c;rosidl_typesupport_introspection_c
[2.570s] -- Found rosidl_adapter: 1.2.1 (/opt/ros/foxy/share/rosidl_adapter/cmake)
[2.901s] -- Found OpenSSL: /usr/lib/x86_64-linux-gnu/libcrypto.so (found version "1.1.1f")  
[2.942s] -- Found FastRTPS: /opt/ros/foxy/include  
[3.076s] -- Using all available rosidl_typesupport_cpp: rosidl_typesupport_fastrtps_cpp;rosidl_typesupport_introspection_cpp
[3.857s] -- Found rclcpp: 2.4.0 (/opt/ros/foxy/share/rclcpp/cmake)
[4.062s] -- Found rmw_implementation_cmake: 1.0.3 (/opt/ros/foxy/share/rmw_implementation_cmake/cmake)
[4.066s] -- Using RMW implementation 'rmw_fastrtps_cpp' as default
[4.068s] -- Looking for pthread.h
[4.155s] -- Looking for pthread.h - found
[4.155s] -- Performing Test CMAKE_HAVE_LIBC_PTHREAD
[4.238s] -- Performing Test CMAKE_HAVE_LIBC_PTHREAD - Failed
[4.238s] -- Looking for pthread_create in pthreads
[4.303s] -- Looking for pthread_create in pthreads - not found
[4.303s] -- Looking for pthread_create in pthread
[4.383s] -- Looking for pthread_create in pthread - found
[4.385s] -- Found Threads: TRUE  
[4.709s] -- Found rclcpp_action: 2.4.0 (/opt/ros/foxy/share/rclcpp_action/cmake)
[4.821s] -- Found rclcpp_components: 2.4.0 (/opt/ros/foxy/share/rclcpp_components/cmake)
[4.983s] -- Found ament_lint_auto: 0.9.6 (/opt/ros/foxy/share/ament_lint_auto/cmake)
[5.187s] -- Added test 'copyright' to check source files copyright and LICENSE
[5.200s] -- Added test 'cppcheck' to perform static code analysis on C / C++ code
[5.200s] -- Configured cppcheck include dirs: 
[5.200s] -- Configured cppcheck exclude dirs and/or files: 
[5.211s] -- Added test 'cpplint' to check C / C++ code against the Google style
[5.211s] -- Configured cpplint exclude dirs and/or files: 
[5.217s] -- Added test 'lint_cmake' to check CMake code style
[5.230s] -- Added test 'uncrustify' to check C / C++ code style
[5.230s] -- Configured uncrustify additional arguments: 
[5.233s] -- Added test 'xmllint' to check XML markup files
[5.239s] -- Configuring done
[5.256s] -- Generating done
[5.258s] -- Build files have been written to: /home/hh/ros_ws/src/mynav/build/mynav
[5.270s] Invoked command in '/home/hh/ros_ws/src/mynav/build/mynav' returned '0': CMAKE_PREFIX_PATH=/opt/ros/foxy /usr/bin/cmake /home/hh/ros_ws/src/mynav -DCMAKE_BUILD_TYPE=RelWithDebInfo -Wall -Wextra -Wpedantic -DCMAKE_INSTALL_PREFIX=/home/hh/ros_ws/src/mynav/install
[5.274s] Invoking command in '/home/hh/ros_ws/src/mynav/build/mynav': CMAKE_PREFIX_PATH=/opt/ros/foxy /usr/bin/cmake --build /home/hh/ros_ws/src/mynav/build/mynav -- -j8 -l8
[5.334s] [35m[1mScanning dependencies of target action_client[0m
[5.400s] [ 50%] [32mBuilding CXX object CMakeFiles/action_client.dir/src/nav_to_pose.cpp.o[0m
[12.404s] [100%] [32m[1mLinking CXX executable action_client[0m
[13.523s] [100%] Built target action_client
[13.536s] Invoked command in '/home/hh/ros_ws/src/mynav/build/mynav' returned '0': CMAKE_PREFIX_PATH=/opt/ros/foxy /usr/bin/cmake --build /home/hh/ros_ws/src/mynav/build/mynav -- -j8 -l8
[13.575s] Invoking command in '/home/hh/ros_ws/src/mynav/build/mynav': CMAKE_PREFIX_PATH=/opt/ros/foxy /usr/bin/cmake --install /home/hh/ros_ws/src/mynav/build/mynav
[13.586s] -- Install configuration: "RelWithDebInfo"
[13.586s] -- Installing: /home/hh/ros_ws/src/mynav/install/lib/mynav/action_client
[13.590s] -- Set runtime path of "/home/hh/ros_ws/src/mynav/install/lib/mynav/action_client" to ""
[13.591s] -- Installing: /home/hh/ros_ws/src/mynav/install/share/ament_index/resource_index/package_run_dependencies/mynav
[13.591s] -- Installing: /home/hh/ros_ws/src/mynav/install/share/ament_index/resource_index/parent_prefix_path/mynav
[13.591s] -- Installing: /home/hh/ros_ws/src/mynav/install/share/mynav/environment/ament_prefix_path.sh
[13.591s] -- Installing: /home/hh/ros_ws/src/mynav/install/share/mynav/environment/ament_prefix_path.dsv
[13.591s] -- Installing: /home/hh/ros_ws/src/mynav/install/share/mynav/environment/path.sh
[13.591s] -- Installing: /home/hh/ros_ws/src/mynav/install/share/mynav/environment/path.dsv
[13.591s] -- Installing: /home/hh/ros_ws/src/mynav/install/share/mynav/local_setup.bash
[13.592s] -- Installing: /home/hh/ros_ws/src/mynav/install/share/mynav/local_setup.sh
[13.592s] -- Installing: /home/hh/ros_ws/src/mynav/install/share/mynav/local_setup.zsh
[13.592s] -- Installing: /home/hh/ros_ws/src/mynav/install/share/mynav/local_setup.dsv
[13.592s] -- Installing: /home/hh/ros_ws/src/mynav/install/share/mynav/package.dsv
[13.592s] -- Installing: /home/hh/ros_ws/src/mynav/install/share/ament_index/resource_index/packages/mynav
[13.592s] -- Installing: /home/hh/ros_ws/src/mynav/install/share/mynav/cmake/mynavConfig.cmake
[13.592s] -- Installing: /home/hh/ros_ws/src/mynav/install/share/mynav/cmake/mynavConfig-version.cmake
[13.593s] -- Installing: /home/hh/ros_ws/src/mynav/install/share/mynav/package.xml
[13.595s] Invoked command in '/home/hh/ros_ws/src/mynav/build/mynav' returned '0': CMAKE_PREFIX_PATH=/opt/ros/foxy /usr/bin/cmake --install /home/hh/ros_ws/src/mynav/build/mynav
