[0.137s] Invoking command in '/home/hh/ros_ws/src/mynav/build/mynav': CMAKE_PREFIX_PATH=/opt/ros/foxy /usr/bin/cmake --build /home/hh/ros_ws/src/mynav/build/mynav -- -j8 -l8
[0.731s] [35m[1mScanning dependencies of target action_client[0m
[0.839s] [ 50%] [32mBuilding CXX object CMakeFiles/action_client.dir/src/main.cpp.o[0m
[14.521s] [100%] [32m[1mLinking CXX executable action_client[0m
[17.562s] [100%] Built target action_client
[17.579s] Invoked command in '/home/hh/ros_ws/src/mynav/build/mynav' returned '0': CMAKE_PREFIX_PATH=/opt/ros/foxy /usr/bin/cmake --build /home/hh/ros_ws/src/mynav/build/mynav -- -j8 -l8
[17.646s] Invoking command in '/home/hh/ros_ws/src/mynav/build/mynav': CMAKE_PREFIX_PATH=/opt/ros/foxy /usr/bin/cmake --install /home/hh/ros_ws/src/mynav/build/mynav
[17.661s] -- Install configuration: "RelWithDebInfo"
[17.662s] -- Installing: /home/hh/ros_ws/src/mynav/install/lib/mynav/action_client
[17.671s] -- Set runtime path of "/home/hh/ros_ws/src/mynav/install/lib/mynav/action_client" to ""
[17.671s] -- Up-to-date: /home/hh/ros_ws/src/mynav/install/share/ament_index/resource_index/package_run_dependencies/mynav
[17.672s] -- Up-to-date: /home/hh/ros_ws/src/mynav/install/share/ament_index/resource_index/parent_prefix_path/mynav
[17.672s] -- Up-to-date: /home/hh/ros_ws/src/mynav/install/share/mynav/environment/ament_prefix_path.sh
[17.672s] -- Up-to-date: /home/hh/ros_ws/src/mynav/install/share/mynav/environment/ament_prefix_path.dsv
[17.672s] -- Up-to-date: /home/hh/ros_ws/src/mynav/install/share/mynav/environment/path.sh
[17.673s] -- Up-to-date: /home/hh/ros_ws/src/mynav/install/share/mynav/environment/path.dsv
[17.673s] -- Up-to-date: /home/hh/ros_ws/src/mynav/install/share/mynav/local_setup.bash
[17.673s] -- Up-to-date: /home/hh/ros_ws/src/mynav/install/share/mynav/local_setup.sh
[17.673s] -- Up-to-date: /home/hh/ros_ws/src/mynav/install/share/mynav/local_setup.zsh
[17.673s] -- Up-to-date: /home/hh/ros_ws/src/mynav/install/share/mynav/local_setup.dsv
[17.674s] -- Installing: /home/hh/ros_ws/src/mynav/install/share/mynav/package.dsv
[17.674s] -- Up-to-date: /home/hh/ros_ws/src/mynav/install/share/ament_index/resource_index/packages/mynav
[17.674s] -- Up-to-date: /home/hh/ros_ws/src/mynav/install/share/mynav/cmake/mynavConfig.cmake
[17.674s] -- Up-to-date: /home/hh/ros_ws/src/mynav/install/share/mynav/cmake/mynavConfig-version.cmake
[17.674s] -- Up-to-date: /home/hh/ros_ws/src/mynav/install/share/mynav/package.xml
[17.676s] Invoked command in '/home/hh/ros_ws/src/mynav/build/mynav' returned '0': CMAKE_PREFIX_PATH=/opt/ros/foxy /usr/bin/cmake --install /home/hh/ros_ws/src/mynav/build/mynav
