[0.000000] (-) TimerEvent: {}
[0.000441] (mynav) JobQueued: {'identifier': 'mynav', 'dependencies': OrderedDict()}
[0.001074] (mynav) JobStarted: {'identifier': 'mynav'}
[0.021053] (mynav) JobProgress: {'identifier': 'mynav', 'progress': 'cmake'}
[0.023339] (mynav) JobProgress: {'identifier': 'mynav', 'progress': 'build'}
[0.025234] (mynav) Command: {'cmd': ['/usr/bin/cmake', '--build', '/home/hh/ros_ws/src/mynav/build/mynav', '--', '-j8', '-l8'], 'cwd': '/home/hh/ros_ws/src/mynav/build/mynav', 'env': OrderedDict([('GJS_DEBUG_TOPICS', 'JS ERROR;JS LOG'), ('LESSOPEN', '| /usr/bin/lesspipe %s'), ('LANGUAGE', 'zh_CN:en_US:en'), ('USER', 'hh'), ('LC_TIME', 'zh_CN.UTF-8'), ('SSH_AGENT_PID', '3045'), ('XDG_SESSION_TYPE', 'x11'), ('GIT_ASKPASS', '/usr/share/code/resources/app/extensions/git/dist/askpass.sh'), ('SHLVL', '0'), ('LD_LIBRARY_PATH', '/usr/lib/x86_64-linux-gnu/gazebo-11/plugins:/opt/ros/foxy/opt/yaml_cpp_vendor/lib:/opt/ros/foxy/opt/rviz_ogre_vendor/lib:/opt/ros/foxy/lib/x86_64-linux-gnu:/opt/ros/foxy/lib'), ('HOME', '/home/hh'), ('CHROME_DESKTOP', 'code-url-handler.desktop'), ('TERM_PROGRAM_VERSION', '1.63.2'), ('DESKTOP_SESSION', 'ubuntu'), ('GIO_LAUNCHED_DESKTOP_FILE', '/usr/share/applications/code.desktop'), ('ROS_PYTHON_VERSION', '3'), ('GNOME_SHELL_SESSION_MODE', 'ubuntu'), ('GTK_MODULES', 'gail:atk-bridge'), ('VSCODE_GIT_ASKPASS_MAIN', '/usr/share/code/resources/app/extensions/git/dist/askpass-main.js'), ('LC_MONETARY', 'zh_CN.UTF-8'), ('VSCODE_GIT_ASKPASS_NODE', '/usr/share/code/code'), ('MANAGERPID', '2473'), ('DBUS_SESSION_BUS_ADDRESS', 'unix:path=/run/user/1000/bus'), ('COLORTERM', 'truecolor'), ('GIO_LAUNCHED_DESKTOP_FILE_PID', '4806'), ('IM_CONFIG_PHASE', '1'), ('ROS_DISTRO', 'foxy'), ('LOGNAME', 'hh'), ('_', '/usr/bin/colcon'), ('JOURNAL_STREAM', '8:41822'), ('ROS_VERSION', '2'), ('XDG_SESSION_CLASS', 'user'), ('USERNAME', 'hh'), ('TERM', 'xterm-256color'), ('GNOME_DESKTOP_SESSION_ID', 'this-is-deprecated'), ('ROS_LOCALHOST_ONLY', '0'), ('WINDOWPATH', '2'), ('PATH', '/opt/ros/foxy/bin:/usr/local/sbin:/usr/local/bin:/usr/sbin:/usr/bin:/sbin:/bin:/usr/games:/usr/local/games:/snap/bin'), ('SESSION_MANAGER', 'local/zw:@/tmp/.ICE-unix/3095,unix/zw:/tmp/.ICE-unix/3095'), ('INVOCATION_ID', '5d3aa52151e74023bf86912c02b21da3'), ('PAPERSIZE', 'a4'), ('XDG_MENU_PREFIX', 'gnome-'), ('LC_ADDRESS', 'zh_CN.UTF-8'), ('XDG_RUNTIME_DIR', '/run/user/1000'), ('GDK_BACKEND', 'x11'), ('DISPLAY', ':0'), ('LANG', 'zh_CN.UTF-8'), ('XDG_CURRENT_DESKTOP', 'Unity'), ('LC_TELEPHONE', 'zh_CN.UTF-8'), ('XMODIFIERS', '@im=ibus'), ('XDG_SESSION_DESKTOP', 'ubuntu'), ('XAUTHORITY', '/run/user/1000/gdm/Xauthority'), ('VSCODE_GIT_IPC_HANDLE', '/run/user/1000/vscode-git-7c3ccf0b5f.sock'), ('TERM_PROGRAM', 'vscode'), ('SSH_AUTH_SOCK', '/run/user/1000/keyring/ssh'), ('ROS_DOMAIN_ID', '30'), ('AMENT_PREFIX_PATH', '/opt/ros/foxy'), ('ORIGINAL_XDG_CURRENT_DESKTOP', 'ubuntu:GNOME'), ('SHELL', '/bin/bash'), ('LC_NAME', 'zh_CN.UTF-8'), ('QT_ACCESSIBILITY', '1'), ('GDMSESSION', 'ubuntu'), ('LESSCLOSE', '/usr/bin/lesspipe %s %s'), ('LC_MEASUREMENT', 'zh_CN.UTF-8'), ('GPG_AGENT_INFO', '/run/user/1000/gnupg/S.gpg-agent:0:1'), ('GJS_DEBUG_OUTPUT', 'stderr'), ('LC_IDENTIFICATION', 'zh_CN.UTF-8'), ('VSCODE_GIT_ASKPASS_EXTRA_ARGS', '--ms-enable-electron-run-as-node'), ('QT_IM_MODULE', 'ibus'), ('PWD', '/home/hh/ros_ws/src/mynav/build/mynav'), ('TURTLEBOT3_MODEL', 'burger'), ('LC_ALL', 'en_US.UTF-8'), ('XDG_CONFIG_DIRS', '/etc/xdg/xdg-ubuntu:/etc/xdg'), ('XDG_DATA_DIRS', '/usr/share/ubuntu:/usr/local/share/:/usr/share/:/var/lib/snapd/desktop'), ('PYTHONPATH', '/opt/ros/foxy/lib/python3.8/site-packages'), ('LC_NUMERIC', 'zh_CN.UTF-8'), ('BREAKPAD_DUMP_LOCATION', '/home/hh/.config/Code/exthost Crash Reports'), ('LC_PAPER', 'zh_CN.UTF-8'), ('COLCON', '1'), ('CMAKE_PREFIX_PATH', '/opt/ros/foxy')]), 'shell': False}
[0.099708] (-) TimerEvent: {}
[0.117220] (mynav) StdoutLine: {'line': b'\x1b[35m\x1b[1mScanning dependencies of target action_client\x1b[0m\n'}
[0.175948] (mynav) StdoutLine: {'line': b'[ 50%] \x1b[32mBuilding CXX object CMakeFiles/action_client.dir/src/main.cpp.o\x1b[0m\n'}
[0.199805] (-) TimerEvent: {}
[0.300157] (-) TimerEvent: {}
[0.400529] (-) TimerEvent: {}
[0.500840] (-) TimerEvent: {}
[0.601206] (-) TimerEvent: {}
[0.701581] (-) TimerEvent: {}
[0.801942] (-) TimerEvent: {}
[0.902436] (-) TimerEvent: {}
[1.003014] (-) TimerEvent: {}
[1.103724] (-) TimerEvent: {}
[1.204212] (-) TimerEvent: {}
[1.304874] (-) TimerEvent: {}
[1.405314] (-) TimerEvent: {}
[1.505657] (-) TimerEvent: {}
[1.606122] (-) TimerEvent: {}
[1.706688] (-) TimerEvent: {}
[1.807112] (-) TimerEvent: {}
[1.907505] (-) TimerEvent: {}
[2.007851] (-) TimerEvent: {}
[2.108278] (-) TimerEvent: {}
[2.208639] (-) TimerEvent: {}
[2.308981] (-) TimerEvent: {}
[2.409397] (-) TimerEvent: {}
[2.510093] (-) TimerEvent: {}
[2.610533] (-) TimerEvent: {}
[2.710923] (-) TimerEvent: {}
[2.811386] (-) TimerEvent: {}
[2.911746] (-) TimerEvent: {}
[3.012117] (-) TimerEvent: {}
[3.112597] (-) TimerEvent: {}
[3.213175] (-) TimerEvent: {}
[3.313685] (-) TimerEvent: {}
[3.414218] (-) TimerEvent: {}
[3.514860] (-) TimerEvent: {}
[3.615342] (-) TimerEvent: {}
[3.715827] (-) TimerEvent: {}
[3.816365] (-) TimerEvent: {}
[3.917072] (-) TimerEvent: {}
[4.017569] (-) TimerEvent: {}
[4.118039] (-) TimerEvent: {}
[4.218514] (-) TimerEvent: {}
[4.319056] (-) TimerEvent: {}
[4.419421] (-) TimerEvent: {}
[4.519833] (-) TimerEvent: {}
[4.620172] (-) TimerEvent: {}
[4.720640] (-) TimerEvent: {}
[4.821196] (-) TimerEvent: {}
[4.921827] (-) TimerEvent: {}
[5.022280] (-) TimerEvent: {}
[5.122718] (-) TimerEvent: {}
[5.223185] (-) TimerEvent: {}
[5.323647] (-) TimerEvent: {}
[5.424025] (-) TimerEvent: {}
[5.524463] (-) TimerEvent: {}
[5.625139] (-) TimerEvent: {}
[5.725657] (-) TimerEvent: {}
[5.826059] (-) TimerEvent: {}
[5.926440] (-) TimerEvent: {}
[6.026823] (-) TimerEvent: {}
[6.127244] (-) TimerEvent: {}
[6.227609] (-) TimerEvent: {}
[6.328026] (-) TimerEvent: {}
[6.428547] (-) TimerEvent: {}
[6.529028] (-) TimerEvent: {}
[6.629676] (-) TimerEvent: {}
[6.730512] (-) TimerEvent: {}
[6.831007] (-) TimerEvent: {}
[6.931434] (-) TimerEvent: {}
[7.031912] (-) TimerEvent: {}
[7.132570] (-) TimerEvent: {}
[7.232971] (-) TimerEvent: {}
[7.333530] (-) TimerEvent: {}
[7.434207] (-) TimerEvent: {}
[7.534618] (-) TimerEvent: {}
[7.635051] (-) TimerEvent: {}
[7.735437] (-) TimerEvent: {}
[7.835867] (-) TimerEvent: {}
[7.936307] (-) TimerEvent: {}
[8.036704] (-) TimerEvent: {}
[8.137085] (-) TimerEvent: {}
[8.237497] (-) TimerEvent: {}
[8.337881] (-) TimerEvent: {}
[8.438223] (-) TimerEvent: {}
[8.538897] (-) TimerEvent: {}
[8.640076] (-) TimerEvent: {}
[8.740553] (-) TimerEvent: {}
[8.841137] (-) TimerEvent: {}
[8.941583] (-) TimerEvent: {}
[9.041990] (-) TimerEvent: {}
[9.142476] (-) TimerEvent: {}
[9.243021] (-) TimerEvent: {}
[9.343431] (-) TimerEvent: {}
[9.443760] (-) TimerEvent: {}
[9.544178] (-) TimerEvent: {}
[9.644732] (-) TimerEvent: {}
[9.745122] (-) TimerEvent: {}
[9.845564] (-) TimerEvent: {}
[9.946219] (-) TimerEvent: {}
[10.046654] (-) TimerEvent: {}
[10.147185] (-) TimerEvent: {}
[10.247828] (-) TimerEvent: {}
[10.348462] (-) TimerEvent: {}
[10.448942] (-) TimerEvent: {}
[10.549385] (-) TimerEvent: {}
[10.650341] (-) TimerEvent: {}
[10.750934] (-) TimerEvent: {}
[10.851363] (-) TimerEvent: {}
[10.951940] (-) TimerEvent: {}
[11.052650] (-) TimerEvent: {}
[11.153053] (-) TimerEvent: {}
[11.253400] (-) TimerEvent: {}
[11.353814] (-) TimerEvent: {}
[11.454198] (-) TimerEvent: {}
[11.554579] (-) TimerEvent: {}
[11.654936] (-) TimerEvent: {}
[11.755316] (-) TimerEvent: {}
[11.855776] (-) TimerEvent: {}
[11.956219] (-) TimerEvent: {}
[12.056709] (-) TimerEvent: {}
[12.157251] (-) TimerEvent: {}
[12.257713] (-) TimerEvent: {}
[12.358158] (-) TimerEvent: {}
[12.458652] (-) TimerEvent: {}
[12.559252] (-) TimerEvent: {}
[12.660339] (-) TimerEvent: {}
[12.760914] (-) TimerEvent: {}
[12.861521] (-) TimerEvent: {}
[12.961862] (-) TimerEvent: {}
[13.062274] (-) TimerEvent: {}
[13.163171] (-) TimerEvent: {}
[13.263560] (-) TimerEvent: {}
[13.363892] (-) TimerEvent: {}
[13.464304] (-) TimerEvent: {}
[13.564709] (-) TimerEvent: {}
[13.665080] (-) TimerEvent: {}
[13.765834] (-) TimerEvent: {}
[13.866570] (-) TimerEvent: {}
[13.966993] (-) TimerEvent: {}
[14.067367] (-) TimerEvent: {}
[14.167842] (-) TimerEvent: {}
[14.268450] (-) TimerEvent: {}
[14.368798] (-) TimerEvent: {}
[14.469134] (-) TimerEvent: {}
[14.569565] (-) TimerEvent: {}
[14.670032] (-) TimerEvent: {}
[14.770401] (-) TimerEvent: {}
[14.870751] (-) TimerEvent: {}
[14.971086] (-) TimerEvent: {}
[15.071439] (-) TimerEvent: {}
[15.171816] (-) TimerEvent: {}
[15.272152] (-) TimerEvent: {}
[15.372539] (-) TimerEvent: {}
[15.472889] (-) TimerEvent: {}
[15.573274] (-) TimerEvent: {}
[15.673797] (-) TimerEvent: {}
[15.774233] (-) TimerEvent: {}
[15.874559] (-) TimerEvent: {}
[15.974929] (-) TimerEvent: {}
[16.075386] (-) TimerEvent: {}
[16.175763] (-) TimerEvent: {}
[16.276109] (-) TimerEvent: {}
[16.376451] (-) TimerEvent: {}
[16.476918] (-) TimerEvent: {}
[16.577352] (-) TimerEvent: {}
[16.677793] (-) TimerEvent: {}
[16.778369] (-) TimerEvent: {}
[16.878741] (-) TimerEvent: {}
[16.979104] (-) TimerEvent: {}
[17.079660] (-) TimerEvent: {}
[17.180089] (-) TimerEvent: {}
[17.280461] (-) TimerEvent: {}
[17.380769] (-) TimerEvent: {}
[17.481097] (-) TimerEvent: {}
[17.581442] (-) TimerEvent: {}
[17.681846] (-) TimerEvent: {}
[17.782455] (-) TimerEvent: {}
[17.882961] (-) TimerEvent: {}
[17.983546] (-) TimerEvent: {}
[18.084260] (-) TimerEvent: {}
[18.184780] (-) TimerEvent: {}
[18.285302] (-) TimerEvent: {}
[18.311261] (mynav) StdoutLine: {'line': b'[100%] \x1b[32m\x1b[1mLinking CXX executable action_client\x1b[0m\n'}
[18.385428] (-) TimerEvent: {}
[18.485961] (-) TimerEvent: {}
[18.586735] (-) TimerEvent: {}
[18.687146] (-) TimerEvent: {}
[18.692043] (mynav) StdoutLine: {'line': b'[100%] Built target action_client\n'}
[18.712316] (mynav) CommandEnded: {'returncode': 0}
[18.750988] (mynav) JobProgress: {'identifier': 'mynav', 'progress': 'install'}
[18.770705] (mynav) Command: {'cmd': ['/usr/bin/cmake', '--install', '/home/hh/ros_ws/src/mynav/build/mynav'], 'cwd': '/home/hh/ros_ws/src/mynav/build/mynav', 'env': OrderedDict([('GJS_DEBUG_TOPICS', 'JS ERROR;JS LOG'), ('LESSOPEN', '| /usr/bin/lesspipe %s'), ('LANGUAGE', 'zh_CN:en_US:en'), ('USER', 'hh'), ('LC_TIME', 'zh_CN.UTF-8'), ('SSH_AGENT_PID', '3045'), ('XDG_SESSION_TYPE', 'x11'), ('GIT_ASKPASS', '/usr/share/code/resources/app/extensions/git/dist/askpass.sh'), ('SHLVL', '0'), ('LD_LIBRARY_PATH', '/usr/lib/x86_64-linux-gnu/gazebo-11/plugins:/opt/ros/foxy/opt/yaml_cpp_vendor/lib:/opt/ros/foxy/opt/rviz_ogre_vendor/lib:/opt/ros/foxy/lib/x86_64-linux-gnu:/opt/ros/foxy/lib'), ('HOME', '/home/hh'), ('CHROME_DESKTOP', 'code-url-handler.desktop'), ('TERM_PROGRAM_VERSION', '1.63.2'), ('DESKTOP_SESSION', 'ubuntu'), ('GIO_LAUNCHED_DESKTOP_FILE', '/usr/share/applications/code.desktop'), ('ROS_PYTHON_VERSION', '3'), ('GNOME_SHELL_SESSION_MODE', 'ubuntu'), ('GTK_MODULES', 'gail:atk-bridge'), ('VSCODE_GIT_ASKPASS_MAIN', '/usr/share/code/resources/app/extensions/git/dist/askpass-main.js'), ('LC_MONETARY', 'zh_CN.UTF-8'), ('VSCODE_GIT_ASKPASS_NODE', '/usr/share/code/code'), ('MANAGERPID', '2473'), ('DBUS_SESSION_BUS_ADDRESS', 'unix:path=/run/user/1000/bus'), ('COLORTERM', 'truecolor'), ('GIO_LAUNCHED_DESKTOP_FILE_PID', '4806'), ('IM_CONFIG_PHASE', '1'), ('ROS_DISTRO', 'foxy'), ('LOGNAME', 'hh'), ('_', '/usr/bin/colcon'), ('JOURNAL_STREAM', '8:41822'), ('ROS_VERSION', '2'), ('XDG_SESSION_CLASS', 'user'), ('USERNAME', 'hh'), ('TERM', 'xterm-256color'), ('GNOME_DESKTOP_SESSION_ID', 'this-is-deprecated'), ('ROS_LOCALHOST_ONLY', '0'), ('WINDOWPATH', '2'), ('PATH', '/opt/ros/foxy/bin:/usr/local/sbin:/usr/local/bin:/usr/sbin:/usr/bin:/sbin:/bin:/usr/games:/usr/local/games:/snap/bin'), ('SESSION_MANAGER', 'local/zw:@/tmp/.ICE-unix/3095,unix/zw:/tmp/.ICE-unix/3095'), ('INVOCATION_ID', '5d3aa52151e74023bf86912c02b21da3'), ('PAPERSIZE', 'a4'), ('XDG_MENU_PREFIX', 'gnome-'), ('LC_ADDRESS', 'zh_CN.UTF-8'), ('XDG_RUNTIME_DIR', '/run/user/1000'), ('GDK_BACKEND', 'x11'), ('DISPLAY', ':0'), ('LANG', 'zh_CN.UTF-8'), ('XDG_CURRENT_DESKTOP', 'Unity'), ('LC_TELEPHONE', 'zh_CN.UTF-8'), ('XMODIFIERS', '@im=ibus'), ('XDG_SESSION_DESKTOP', 'ubuntu'), ('XAUTHORITY', '/run/user/1000/gdm/Xauthority'), ('VSCODE_GIT_IPC_HANDLE', '/run/user/1000/vscode-git-7c3ccf0b5f.sock'), ('TERM_PROGRAM', 'vscode'), ('SSH_AUTH_SOCK', '/run/user/1000/keyring/ssh'), ('ROS_DOMAIN_ID', '30'), ('AMENT_PREFIX_PATH', '/opt/ros/foxy'), ('ORIGINAL_XDG_CURRENT_DESKTOP', 'ubuntu:GNOME'), ('SHELL', '/bin/bash'), ('LC_NAME', 'zh_CN.UTF-8'), ('QT_ACCESSIBILITY', '1'), ('GDMSESSION', 'ubuntu'), ('LESSCLOSE', '/usr/bin/lesspipe %s %s'), ('LC_MEASUREMENT', 'zh_CN.UTF-8'), ('GPG_AGENT_INFO', '/run/user/1000/gnupg/S.gpg-agent:0:1'), ('GJS_DEBUG_OUTPUT', 'stderr'), ('LC_IDENTIFICATION', 'zh_CN.UTF-8'), ('VSCODE_GIT_ASKPASS_EXTRA_ARGS', '--ms-enable-electron-run-as-node'), ('QT_IM_MODULE', 'ibus'), ('PWD', '/home/hh/ros_ws/src/mynav/build/mynav'), ('TURTLEBOT3_MODEL', 'burger'), ('LC_ALL', 'en_US.UTF-8'), ('XDG_CONFIG_DIRS', '/etc/xdg/xdg-ubuntu:/etc/xdg'), ('XDG_DATA_DIRS', '/usr/share/ubuntu:/usr/local/share/:/usr/share/:/var/lib/snapd/desktop'), ('PYTHONPATH', '/opt/ros/foxy/lib/python3.8/site-packages'), ('LC_NUMERIC', 'zh_CN.UTF-8'), ('BREAKPAD_DUMP_LOCATION', '/home/hh/.config/Code/exthost Crash Reports'), ('LC_PAPER', 'zh_CN.UTF-8'), ('COLCON', '1'), ('CMAKE_PREFIX_PATH', '/opt/ros/foxy')]), 'shell': False}
[18.784854] (mynav) StdoutLine: {'line': b'-- Install configuration: "RelWithDebInfo"\n'}
[18.785339] (mynav) StdoutLine: {'line': b'-- Installing: /home/hh/ros_ws/src/mynav/install/lib/mynav/action_client\n'}
[18.787320] (-) TimerEvent: {}
[18.801923] (mynav) StdoutLine: {'line': b'-- Set runtime path of "/home/hh/ros_ws/src/mynav/install/lib/mynav/action_client" to ""\n'}
[18.802358] (mynav) StdoutLine: {'line': b'-- Up-to-date: /home/hh/ros_ws/src/mynav/install/share/ament_index/resource_index/package_run_dependencies/mynav\n'}
[18.803741] (mynav) StdoutLine: {'line': b'-- Up-to-date: /home/hh/ros_ws/src/mynav/install/share/ament_index/resource_index/parent_prefix_path/mynav\n'}
[18.804377] (mynav) StdoutLine: {'line': b'-- Up-to-date: /home/hh/ros_ws/src/mynav/install/share/mynav/environment/ament_prefix_path.sh\n'}
[18.804612] (mynav) StdoutLine: {'line': b'-- Up-to-date: /home/hh/ros_ws/src/mynav/install/share/mynav/environment/ament_prefix_path.dsv\n'}
[18.804798] (mynav) StdoutLine: {'line': b'-- Up-to-date: /home/hh/ros_ws/src/mynav/install/share/mynav/environment/path.sh\n'}
[18.805795] (mynav) StdoutLine: {'line': b'-- Up-to-date: /home/hh/ros_ws/src/mynav/install/share/mynav/environment/path.dsv\n'}
[18.806336] (mynav) StdoutLine: {'line': b'-- Up-to-date: /home/hh/ros_ws/src/mynav/install/share/mynav/local_setup.bash\n'}
[18.807083] (mynav) StdoutLine: {'line': b'-- Up-to-date: /home/hh/ros_ws/src/mynav/install/share/mynav/local_setup.sh\n'}
[18.808415] (mynav) StdoutLine: {'line': b'-- Up-to-date: /home/hh/ros_ws/src/mynav/install/share/mynav/local_setup.zsh\n'}
[18.809386] (mynav) StdoutLine: {'line': b'-- Up-to-date: /home/hh/ros_ws/src/mynav/install/share/mynav/local_setup.dsv\n'}
[18.810716] (mynav) StdoutLine: {'line': b'-- Installing: /home/hh/ros_ws/src/mynav/install/share/mynav/package.dsv\n'}
[18.811133] (mynav) StdoutLine: {'line': b'-- Up-to-date: /home/hh/ros_ws/src/mynav/install/share/ament_index/resource_index/packages/mynav\n'}
[18.811570] (mynav) StdoutLine: {'line': b'-- Up-to-date: /home/hh/ros_ws/src/mynav/install/share/mynav/cmake/mynavConfig.cmake\n'}
[18.811836] (mynav) StdoutLine: {'line': b'-- Up-to-date: /home/hh/ros_ws/src/mynav/install/share/mynav/cmake/mynavConfig-version.cmake\n'}
[18.812235] (mynav) StdoutLine: {'line': b'-- Up-to-date: /home/hh/ros_ws/src/mynav/install/share/mynav/package.xml\n'}
[18.812513] (mynav) CommandEnded: {'returncode': 0}
[18.887598] (-) TimerEvent: {}
[18.894003] (mynav) JobEnded: {'identifier': 'mynav', 'rc': 0}
[18.895507] (-) EventReactorShutdown: {}
