[0.277s] DEBUG:colcon:Command line arguments: ['/usr/bin/colcon', 'build', '--merge-install', '--cmake-args', '-DCMAKE_BUILD_TYPE=RelWithDebInfo', '-Wall', '-Wextra', '-Wpedantic']
[0.277s] DEBUG:colcon:Parsed command line arguments: Namespace(allow_overriding=[], ament_cmake_args=None, base_paths=['.'], build_base='build', catkin_cmake_args=None, catkin_skip_building_tests=False, cmake_args=['-DCMAKE_BUILD_TYPE=RelWithDebInfo', '-Wall', '-Wextra', '-Wpedantic'], cmake_clean_cache=False, cmake_clean_first=False, cmake_force_configure=False, cmake_target=None, cmake_target_skip_unavailable=False, continue_on_error=False, event_handlers=None, executor='parallel', ignore_user_meta=False, install_base='install', log_base=None, log_level=None, main=<bound method BuildVerb.main of <colcon_core.verb.build.BuildVerb object at 0x7f90da0b7d90>>, merge_install=True, metas=['./colcon.meta'], packages_above=None, packages_above_and_dependencies=None, packages_above_depth=None, packages_end=None, packages_ignore=None, packages_ignore_regex=None, packages_select=None, packages_select_build_failed=False, packages_select_by_dep=None, packages_select_regex=None, packages_select_test_failures=False, packages_skip=None, packages_skip_build_finished=False, packages_skip_by_dep=None, packages_skip_regex=None, packages_skip_test_passed=False, packages_skip_up_to=None, packages_start=None, packages_up_to=None, packages_up_to_regex=None, parallel_workers=8, paths=None, symlink_install=False, test_result_base=None, verb_extension=<colcon_core.verb.build.BuildVerb object at 0x7f90da0b7d90>, verb_name='build', verb_parser=<colcon_defaults.argument_parser.defaults.DefaultArgumentsDecorator object at 0x7f90da0c1340>)
[0.284s] Level 1:colcon.colcon_core.package_discovery:discover_packages(colcon_meta) check parameters
[0.284s] Level 1:colcon.colcon_core.package_discovery:discover_packages(recursive) check parameters
[0.284s] Level 1:colcon.colcon_core.package_discovery:discover_packages(ignore) check parameters
[0.284s] Level 1:colcon.colcon_core.package_discovery:discover_packages(path) check parameters
[0.284s] Level 1:colcon.colcon_core.package_discovery:discover_packages(colcon_meta) discover
[0.285s] Level 1:colcon.colcon_core.package_discovery:discover_packages(recursive) discover
[0.285s] INFO:colcon.colcon_core.package_discovery:Crawling recursively for packages in '/home/hh/ros_ws/src/mynav'
[0.285s] Level 1:colcon.colcon_core.package_identification:_identify(.) by extensions ['ignore', 'ignore_ament_install']
[0.285s] Level 1:colcon.colcon_core.package_identification:_identify(.) by extension 'ignore'
[0.285s] Level 1:colcon.colcon_core.package_identification:_identify(.) by extension 'ignore_ament_install'
[0.285s] Level 1:colcon.colcon_core.package_identification:_identify(.) by extensions ['colcon_pkg']
[0.285s] Level 1:colcon.colcon_core.package_identification:_identify(.) by extension 'colcon_pkg'
[0.285s] Level 1:colcon.colcon_core.package_identification:_identify(.) by extensions ['colcon_meta']
[0.285s] Level 1:colcon.colcon_core.package_identification:_identify(.) by extension 'colcon_meta'
[0.286s] Level 1:colcon.colcon_core.package_identification:_identify(.) by extensions ['ros']
[0.286s] Level 1:colcon.colcon_core.package_identification:_identify(.) by extension 'ros'
[0.315s] DEBUG:colcon.colcon_core.package_identification:Package '.' with type 'ros.ament_cmake' and name 'mynav'
[0.315s] Level 1:colcon.colcon_core.package_discovery:discover_packages(recursive) using defaults
[0.315s] Level 1:colcon.colcon_core.package_discovery:discover_packages(ignore) discover
[0.315s] Level 1:colcon.colcon_core.package_discovery:discover_packages(ignore) using defaults
[0.315s] Level 1:colcon.colcon_core.package_discovery:discover_packages(path) discover
[0.315s] Level 1:colcon.colcon_core.package_discovery:discover_packages(path) using defaults
[0.349s] Level 5:colcon.colcon_core.verb:set package 'mynav' build argument 'cmake_args' from command line to '['-DCMAKE_BUILD_TYPE=RelWithDebInfo', '-Wall', '-Wextra', '-Wpedantic']'
[0.350s] Level 5:colcon.colcon_core.verb:set package 'mynav' build argument 'cmake_target' from command line to 'None'
[0.350s] Level 5:colcon.colcon_core.verb:set package 'mynav' build argument 'cmake_target_skip_unavailable' from command line to 'False'
[0.350s] Level 5:colcon.colcon_core.verb:set package 'mynav' build argument 'cmake_clean_cache' from command line to 'False'
[0.350s] Level 5:colcon.colcon_core.verb:set package 'mynav' build argument 'cmake_clean_first' from command line to 'False'
[0.350s] Level 5:colcon.colcon_core.verb:set package 'mynav' build argument 'cmake_force_configure' from command line to 'False'
[0.350s] Level 5:colcon.colcon_core.verb:set package 'mynav' build argument 'ament_cmake_args' from command line to 'None'
[0.350s] Level 5:colcon.colcon_core.verb:set package 'mynav' build argument 'catkin_cmake_args' from command line to 'None'
[0.350s] Level 5:colcon.colcon_core.verb:set package 'mynav' build argument 'catkin_skip_building_tests' from command line to 'False'
[0.350s] DEBUG:colcon.colcon_core.verb:Building package 'mynav' with the following arguments: {'ament_cmake_args': None, 'build_base': '/home/hh/ros_ws/src/mynav/build/mynav', 'catkin_cmake_args': None, 'catkin_skip_building_tests': False, 'cmake_args': ['-DCMAKE_BUILD_TYPE=RelWithDebInfo', '-Wall', '-Wextra', '-Wpedantic'], 'cmake_clean_cache': False, 'cmake_clean_first': False, 'cmake_force_configure': False, 'cmake_target': None, 'cmake_target_skip_unavailable': False, 'install_base': '/home/hh/ros_ws/src/mynav/install', 'merge_install': True, 'path': '/home/hh/ros_ws/src/mynav', 'symlink_install': False, 'test_result_base': None}
[0.357s] INFO:colcon.colcon_core.executor:Executing jobs using 'parallel' executor
[0.361s] DEBUG:colcon.colcon_parallel_executor.executor.parallel:run_until_complete
[0.361s] INFO:colcon.colcon_ros.task.ament_cmake.build:Building ROS package in '/home/hh/ros_ws/src/mynav' with build type 'ament_cmake'
[0.362s] INFO:colcon.colcon_cmake.task.cmake.build:Building CMake package in '/home/hh/ros_ws/src/mynav'
[0.368s] INFO:colcon.colcon_core.plugin_system:Skipping extension 'colcon_core.shell.bat': Not used on non-Windows systems
[0.368s] INFO:colcon.colcon_core.shell:Skip shell extension 'powershell' for command environment: Not usable outside of PowerShell
[0.369s] DEBUG:colcon.colcon_core.shell:Skip shell extension 'dsv' for command environment
[0.394s] DEBUG:colcon.colcon_core.event_handler.log_command:Invoking command in '/home/hh/ros_ws/src/mynav/build/mynav': CMAKE_PREFIX_PATH=/opt/ros/foxy /usr/bin/cmake --build /home/hh/ros_ws/src/mynav/build/mynav -- -j8 -l8
[19.074s] DEBUG:colcon.colcon_core.event_handler.log_command:Invoked command in '/home/hh/ros_ws/src/mynav/build/mynav' returned '0': CMAKE_PREFIX_PATH=/opt/ros/foxy /usr/bin/cmake --build /home/hh/ros_ws/src/mynav/build/mynav -- -j8 -l8
[19.133s] DEBUG:colcon.colcon_core.event_handler.log_command:Invoking command in '/home/hh/ros_ws/src/mynav/build/mynav': CMAKE_PREFIX_PATH=/opt/ros/foxy /usr/bin/cmake --install /home/hh/ros_ws/src/mynav/build/mynav
[19.168s] Level 1:colcon.colcon_core.environment:create_environment_scripts_only(mynav)
[19.173s] DEBUG:colcon.colcon_core.event_handler.log_command:Invoked command in '/home/hh/ros_ws/src/mynav/build/mynav' returned '0': CMAKE_PREFIX_PATH=/opt/ros/foxy /usr/bin/cmake --install /home/hh/ros_ws/src/mynav/build/mynav
[19.178s] Level 1:colcon.colcon_core.environment:checking '/home/hh/ros_ws/src/mynav/install' for CMake module files
[19.179s] Level 1:colcon.colcon_core.environment:checking '/home/hh/ros_ws/src/mynav/install' for CMake config files
[19.179s] Level 1:colcon.colcon_core.shell:create_environment_hook('mynav', 'cmake_prefix_path')
[19.180s] INFO:colcon.colcon_core.shell:Creating environment hook '/home/hh/ros_ws/src/mynav/install/share/mynav/hook/cmake_prefix_path.ps1'
[19.181s] INFO:colcon.colcon_core.shell:Creating environment descriptor '/home/hh/ros_ws/src/mynav/install/share/mynav/hook/cmake_prefix_path.dsv'
[19.182s] INFO:colcon.colcon_core.shell:Creating environment hook '/home/hh/ros_ws/src/mynav/install/share/mynav/hook/cmake_prefix_path.sh'
[19.184s] Level 1:colcon.colcon_core.environment:checking '/home/hh/ros_ws/src/mynav/install/lib'
[19.184s] Level 1:colcon.colcon_core.environment:checking '/home/hh/ros_ws/src/mynav/install/bin'
[19.184s] Level 1:colcon.colcon_core.environment:checking '/home/hh/ros_ws/src/mynav/install/lib/pkgconfig/mynav.pc'
[19.184s] Level 1:colcon.colcon_core.environment:checking '/home/hh/ros_ws/src/mynav/install/lib/python3.8/site-packages'
[19.185s] INFO:colcon.colcon_core.shell:Creating package script '/home/hh/ros_ws/src/mynav/install/share/mynav/package.ps1'
[19.187s] INFO:colcon.colcon_core.shell:Creating package descriptor '/home/hh/ros_ws/src/mynav/install/share/mynav/package.dsv'
[19.188s] INFO:colcon.colcon_core.shell:Creating package script '/home/hh/ros_ws/src/mynav/install/share/mynav/package.sh'
[19.190s] INFO:colcon.colcon_core.shell:Creating package script '/home/hh/ros_ws/src/mynav/install/share/mynav/package.bash'
[19.191s] INFO:colcon.colcon_core.shell:Creating package script '/home/hh/ros_ws/src/mynav/install/share/mynav/package.zsh'
[19.192s] Level 1:colcon.colcon_core.environment:create_file_with_runtime_dependencies(/home/hh/ros_ws/src/mynav/install/share/colcon-core/packages/mynav)
[19.237s] Level 1:colcon.colcon_core.environment:create_environment_scripts_only(mynav)
[19.238s] Level 1:colcon.colcon_core.environment:checking '/home/hh/ros_ws/src/mynav/install' for CMake module files
[19.239s] Level 1:colcon.colcon_core.environment:checking '/home/hh/ros_ws/src/mynav/install' for CMake config files
[19.240s] Level 1:colcon.colcon_core.shell:create_environment_hook('mynav', 'cmake_prefix_path')
[19.241s] INFO:colcon.colcon_core.shell:Creating environment hook '/home/hh/ros_ws/src/mynav/install/share/mynav/hook/cmake_prefix_path.ps1'
[19.242s] INFO:colcon.colcon_core.shell:Creating environment descriptor '/home/hh/ros_ws/src/mynav/install/share/mynav/hook/cmake_prefix_path.dsv'
[19.242s] INFO:colcon.colcon_core.shell:Creating environment hook '/home/hh/ros_ws/src/mynav/install/share/mynav/hook/cmake_prefix_path.sh'
[19.243s] Level 1:colcon.colcon_core.environment:checking '/home/hh/ros_ws/src/mynav/install/lib'
[19.244s] Level 1:colcon.colcon_core.environment:checking '/home/hh/ros_ws/src/mynav/install/bin'
[19.244s] Level 1:colcon.colcon_core.environment:checking '/home/hh/ros_ws/src/mynav/install/lib/pkgconfig/mynav.pc'
[19.244s] Level 1:colcon.colcon_core.environment:checking '/home/hh/ros_ws/src/mynav/install/lib/python3.8/site-packages'
[19.247s] INFO:colcon.colcon_core.shell:Creating package script '/home/hh/ros_ws/src/mynav/install/share/mynav/package.ps1'
[19.250s] INFO:colcon.colcon_core.shell:Creating package descriptor '/home/hh/ros_ws/src/mynav/install/share/mynav/package.dsv'
[19.251s] INFO:colcon.colcon_core.shell:Creating package script '/home/hh/ros_ws/src/mynav/install/share/mynav/package.sh'
[19.252s] INFO:colcon.colcon_core.shell:Creating package script '/home/hh/ros_ws/src/mynav/install/share/mynav/package.bash'
[19.253s] INFO:colcon.colcon_core.shell:Creating package script '/home/hh/ros_ws/src/mynav/install/share/mynav/package.zsh'
[19.253s] Level 1:colcon.colcon_core.environment:create_file_with_runtime_dependencies(/home/hh/ros_ws/src/mynav/install/share/colcon-core/packages/mynav)
[19.254s] DEBUG:colcon.colcon_parallel_executor.executor.parallel:closing loop
[19.255s] DEBUG:colcon.colcon_parallel_executor.executor.parallel:loop closed
[19.255s] DEBUG:colcon.colcon_parallel_executor.executor.parallel:run_until_complete finished with '0'
[19.255s] DEBUG:colcon.colcon_core.event_reactor:joining thread
[19.270s] INFO:colcon.colcon_core.plugin_system:Skipping extension 'colcon_notification.desktop_notification.terminal_notifier': Not used on non-Darwin systems
[19.270s] INFO:colcon.colcon_core.plugin_system:Skipping extension 'colcon_notification.desktop_notification.win32': Not used on non-Windows systems
[19.270s] INFO:colcon.colcon_notification.desktop_notification:Sending desktop notification using 'notify2'
[19.300s] DEBUG:colcon.colcon_core.event_reactor:joined thread
[19.301s] INFO:colcon.colcon_core.shell:Creating prefix script '/home/hh/ros_ws/src/mynav/install/local_setup.ps1'
[19.303s] INFO:colcon.colcon_core.shell:Creating prefix util module '/home/hh/ros_ws/src/mynav/install/_local_setup_util_ps1.py'
[19.307s] INFO:colcon.colcon_core.shell:Creating prefix chain script '/home/hh/ros_ws/src/mynav/install/setup.ps1'
[19.309s] INFO:colcon.colcon_core.shell:Creating prefix script '/home/hh/ros_ws/src/mynav/install/local_setup.sh'
[19.312s] INFO:colcon.colcon_core.shell:Creating prefix util module '/home/hh/ros_ws/src/mynav/install/_local_setup_util_sh.py'
[19.314s] INFO:colcon.colcon_core.shell:Creating prefix chain script '/home/hh/ros_ws/src/mynav/install/setup.sh'
[19.317s] INFO:colcon.colcon_core.shell:Creating prefix script '/home/hh/ros_ws/src/mynav/install/local_setup.bash'
[19.319s] INFO:colcon.colcon_core.shell:Creating prefix chain script '/home/hh/ros_ws/src/mynav/install/setup.bash'
[19.322s] INFO:colcon.colcon_core.shell:Creating prefix script '/home/hh/ros_ws/src/mynav/install/local_setup.zsh'
[19.323s] INFO:colcon.colcon_core.shell:Creating prefix chain script '/home/hh/ros_ws/src/mynav/install/setup.zsh'
